{"/home/thiago-arend/driven/projetos/projeto21-drivent/src/app.ts": {"path":"/home/thiago-arend/driven/projetos/projeto21-drivent/src/app.ts","statementMap":{"0":{"start":{"line":1,"column":0},"end":{"line":1,"column":26}},"1":{"start":{"line":2,"column":0},"end":{"line":2,"column":30}},"2":{"start":{"line":3,"column":0},"end":{"line":3,"column":43}},"3":{"start":{"line":4,"column":0},"end":{"line":4,"column":24}},"4":{"start":{"line":5,"column":0},"end":{"line":5,"column":56}},"5":{"start":{"line":6,"column":0},"end":{"line":6,"column":null}},"6":{"start":{"line":16,"column":0},"end":{"line":16,"column":60}},"7":{"start":{"line":18,"column":0},"end":{"line":18,"column":10}},"8":{"start":{"line":20,"column":12},"end":{"line":20,"column":21}},"9":{"start":{"line":21,"column":0},"end":{"line":33,"column":32}},"10":{"start":{"line":24,"column":33},"end":{"line":24,"column":48}},"11":{"start":{"line":36,"column":2},"end":{"line":36,"column":14}},"12":{"start":{"line":37,"column":2},"end":{"line":37,"column":30}},"13":{"start":{"line":35,"column":0},"end":{"line":35,"column":16}},"14":{"start":{"line":41,"column":2},"end":{"line":41,"column":23}},"15":{"start":{"line":40,"column":0},"end":{"line":40,"column":7}},"16":{"start":{"line":44,"column":0},"end":{"line":44,"column":19}}},"fnMap":{"0":{"name":"(anonymous_1)","decl":{"start":{"line":24,"column":18},"end":{"line":24,"column":19}},"loc":{"start":{"line":24,"column":33},"end":{"line":24,"column":48}}},"1":{"name":"init","decl":{"start":{"line":35,"column":16},"end":{"line":35,"column":20}},"loc":{"start":{"line":35,"column":20},"end":{"line":38,"column":1}}},"2":{"name":"close","decl":{"start":{"line":40,"column":22},"end":{"line":40,"column":27}},"loc":{"start":{"line":40,"column":27},"end":{"line":42,"column":1}}}},"branchMap":{},"s":{"0":11,"1":11,"2":11,"3":11,"4":11,"5":11,"6":11,"7":11,"8":11,"9":11,"10":1,"11":11,"12":11,"13":11,"14":0,"15":11,"16":11},"f":{"0":1,"1":11,"2":0},"b":{}}
,"/home/thiago-arend/driven/projetos/projeto21-drivent/src/server.ts": {"path":"/home/thiago-arend/driven/projetos/projeto21-drivent/src/server.ts","statementMap":{"0":{"start":{"line":1,"column":0},"end":{"line":1,"column":34}},"1":{"start":{"line":3,"column":13},"end":{"line":3,"column":38}},"2":{"start":{"line":5,"column":0},"end":{"line":10,"column":3}},"3":{"start":{"line":6,"column":2},"end":{"line":9,"column":5}},"4":{"start":{"line":8,"column":4},"end":{"line":8,"column":56}}},"fnMap":{"0":{"name":"(anonymous_6)","decl":{"start":{"line":5,"column":12},"end":{"line":5,"column":15}},"loc":{"start":{"line":5,"column":17},"end":{"line":10,"column":1}}},"1":{"name":"(anonymous_7)","decl":{"start":{"line":6,"column":19},"end":{"line":6,"column":22}},"loc":{"start":{"line":6,"column":24},"end":{"line":9,"column":3}}}},"branchMap":{"0":{"loc":{"start":{"line":3,"column":13},"end":{"line":3,"column":38}},"type":"binary-expr","locations":[{"start":{"line":3,"column":13},"end":{"line":3,"column":30}},{"start":{"line":3,"column":34},"end":{"line":3,"column":38}}]}},"s":{"0":0,"1":0,"2":0,"3":0,"4":0},"f":{"0":0,"1":0},"b":{"0":[0,0]}}
,"/home/thiago-arend/driven/projetos/projeto21-drivent/src/config/database.ts": {"path":"/home/thiago-arend/driven/projetos/projeto21-drivent/src/config/database.ts","statementMap":{"0":{"start":{"line":1,"column":0},"end":{"line":1,"column":46}},"1":{"start":{"line":5,"column":2},"end":{"line":5,"column":30}},"2":{"start":{"line":4,"column":0},"end":{"line":4,"column":16}},"3":{"start":{"line":9,"column":2},"end":{"line":9,"column":30}},"4":{"start":{"line":8,"column":0},"end":{"line":8,"column":7}}},"fnMap":{"0":{"name":"connectDb","decl":{"start":{"line":4,"column":16},"end":{"line":4,"column":25}},"loc":{"start":{"line":4,"column":25},"end":{"line":6,"column":1}}},"1":{"name":"disconnectDB","decl":{"start":{"line":8,"column":22},"end":{"line":8,"column":34}},"loc":{"start":{"line":8,"column":34},"end":{"line":10,"column":1}}}},"branchMap":{},"s":{"0":15,"1":11,"2":15,"3":0,"4":15},"f":{"0":11,"1":0},"b":{}}
,"/home/thiago-arend/driven/projetos/projeto21-drivent/src/config/envs.ts": {"path":"/home/thiago-arend/driven/projetos/projeto21-drivent/src/config/envs.ts","statementMap":{"0":{"start":{"line":1,"column":0},"end":{"line":1,"column":28}},"1":{"start":{"line":2,"column":0},"end":{"line":2,"column":41}},"2":{"start":{"line":6,"column":4},"end":{"line":10,"column":14}},"3":{"start":{"line":12,"column":22},"end":{"line":12,"column":45}},"4":{"start":{"line":13,"column":2},"end":{"line":13,"column":35}},"5":{"start":{"line":4,"column":0},"end":{"line":4,"column":16}}},"fnMap":{"0":{"name":"loadEnv","decl":{"start":{"line":4,"column":16},"end":{"line":4,"column":23}},"loc":{"start":{"line":4,"column":23},"end":{"line":14,"column":1}}}},"branchMap":{"0":{"loc":{"start":{"line":6,"column":4},"end":{"line":10,"column":14}},"type":"cond-expr","locations":[{"start":{"line":7,"column":8},"end":{"line":7,"column":19}},{"start":{"line":8,"column":8},"end":{"line":10,"column":14}}]},"1":{"loc":{"start":{"line":8,"column":8},"end":{"line":10,"column":14}},"type":"cond-expr","locations":[{"start":{"line":9,"column":8},"end":{"line":9,"column":26}},{"start":{"line":10,"column":8},"end":{"line":10,"column":14}}]}},"s":{"0":15,"1":15,"2":26,"3":26,"4":26,"5":15},"f":{"0":26},"b":{"0":[26,0],"1":[0,0]}}
,"/home/thiago-arend/driven/projetos/projeto21-drivent/src/config/index.ts": {"path":"/home/thiago-arend/driven/projetos/projeto21-drivent/src/config/index.ts","statementMap":{"0":{"start":{"line":1,"column":0},"end":{"line":1,"column":23}},"1":{"start":{"line":2,"column":0},"end":{"line":2,"column":27}}},"fnMap":{},"branchMap":{},"s":{"0":15,"1":15},"f":{},"b":{}}
,"/home/thiago-arend/driven/projetos/projeto21-drivent/src/controllers/authentication-controller.ts": {"path":"/home/thiago-arend/driven/projetos/projeto21-drivent/src/controllers/authentication-controller.ts","statementMap":{"0":{"start":{"line":2,"column":0},"end":{"line":2,"column":37}},"1":{"start":{"line":3,"column":0},"end":{"line":3,"column":65}},"2":{"start":{"line":6,"column":30},"end":{"line":6,"column":54}},"3":{"start":{"line":8,"column":17},"end":{"line":8,"column":72}},"4":{"start":{"line":10,"column":2},"end":{"line":10,"column":48}},"5":{"start":{"line":5,"column":0},"end":{"line":5,"column":7}}},"fnMap":{"0":{"name":"singInPost","decl":{"start":{"line":5,"column":22},"end":{"line":5,"column":32}},"loc":{"start":{"line":5,"column":60},"end":{"line":11,"column":1}}}},"branchMap":{},"s":{"0":11,"1":11,"2":5,"3":5,"4":3,"5":11},"f":{"0":5},"b":{}}
,"/home/thiago-arend/driven/projetos/projeto21-drivent/src/controllers/booking-controller.ts": {"path":"/home/thiago-arend/driven/projetos/projeto21-drivent/src/controllers/booking-controller.ts","statementMap":{"0":{"start":{"line":2,"column":0},"end":{"line":2,"column":37}},"1":{"start":{"line":4,"column":0},"end":{"line":4,"column":44}},"2":{"start":{"line":8,"column":21},"end":{"line":8,"column":24}},"3":{"start":{"line":10,"column":18},"end":{"line":10,"column":65}},"4":{"start":{"line":12,"column":2},"end":{"line":12,"column":42}},"5":{"start":{"line":7,"column":0},"end":{"line":7,"column":7}},"6":{"start":{"line":16,"column":21},"end":{"line":16,"column":24}},"7":{"start":{"line":17,"column":21},"end":{"line":17,"column":39}},"8":{"start":{"line":19,"column":45},"end":{"line":19,"column":63}},"9":{"start":{"line":20,"column":18},"end":{"line":20,"column":75}},"10":{"start":{"line":22,"column":2},"end":{"line":22,"column":42}},"11":{"start":{"line":15,"column":0},"end":{"line":15,"column":7}},"12":{"start":{"line":26,"column":21},"end":{"line":26,"column":24}},"13":{"start":{"line":27,"column":21},"end":{"line":27,"column":39}},"14":{"start":{"line":29,"column":18},"end":{"line":29,"column":80}},"15":{"start":{"line":31,"column":2},"end":{"line":31,"column":42}},"16":{"start":{"line":25,"column":0},"end":{"line":25,"column":7}}},"fnMap":{"0":{"name":"getBooking","decl":{"start":{"line":7,"column":22},"end":{"line":7,"column":32}},"loc":{"start":{"line":7,"column":73},"end":{"line":13,"column":1}}},"1":{"name":"createBooking","decl":{"start":{"line":15,"column":22},"end":{"line":15,"column":35}},"loc":{"start":{"line":15,"column":76},"end":{"line":23,"column":1}}},"2":{"name":"changeBookingRoom","decl":{"start":{"line":25,"column":22},"end":{"line":25,"column":39}},"loc":{"start":{"line":25,"column":80},"end":{"line":32,"column":1}}}},"branchMap":{},"s":{"0":11,"1":11,"2":1,"3":1,"4":1,"5":11,"6":1,"7":1,"8":1,"9":1,"10":1,"11":11,"12":1,"13":1,"14":1,"15":1,"16":11},"f":{"0":1,"1":1,"2":1},"b":{}}
,"/home/thiago-arend/driven/projetos/projeto21-drivent/src/controllers/enrollments-controller.ts": {"path":"/home/thiago-arend/driven/projetos/projeto21-drivent/src/controllers/enrollments-controller.ts","statementMap":{"0":{"start":{"line":2,"column":0},"end":{"line":2,"column":37}},"1":{"start":{"line":4,"column":0},"end":{"line":4,"column":48}},"2":{"start":{"line":8,"column":21},"end":{"line":8,"column":24}},"3":{"start":{"line":10,"column":32},"end":{"line":10,"column":90}},"4":{"start":{"line":12,"column":2},"end":{"line":12,"column":63}},"5":{"start":{"line":7,"column":0},"end":{"line":7,"column":7}},"6":{"start":{"line":16,"column":2},"end":{"line":19,"column":5}},"7":{"start":{"line":21,"column":2},"end":{"line":21,"column":39}},"8":{"start":{"line":15,"column":0},"end":{"line":15,"column":7}},"9":{"start":{"line":25,"column":18},"end":{"line":25,"column":34}},"10":{"start":{"line":27,"column":18},"end":{"line":27,"column":65}},"11":{"start":{"line":28,"column":2},"end":{"line":28,"column":42}},"12":{"start":{"line":24,"column":0},"end":{"line":24,"column":7}}},"fnMap":{"0":{"name":"getEnrollmentByUser","decl":{"start":{"line":7,"column":22},"end":{"line":7,"column":41}},"loc":{"start":{"line":7,"column":82},"end":{"line":13,"column":1}}},"1":{"name":"postCreateOrUpdateEnrollment","decl":{"start":{"line":15,"column":22},"end":{"line":15,"column":50}},"loc":{"start":{"line":15,"column":91},"end":{"line":22,"column":1}}},"2":{"name":"getAddressFromCEP","decl":{"start":{"line":24,"column":22},"end":{"line":24,"column":39}},"loc":{"start":{"line":24,"column":80},"end":{"line":29,"column":1}}}},"branchMap":{},"s":{"0":11,"1":11,"2":2,"3":2,"4":1,"5":11,"6":2,"7":2,"8":11,"9":2,"10":2,"11":1,"12":11},"f":{"0":2,"1":2,"2":2},"b":{}}
,"/home/thiago-arend/driven/projetos/projeto21-drivent/src/controllers/events-controller.ts": {"path":"/home/thiago-arend/driven/projetos/projeto21-drivent/src/controllers/events-controller.ts","statementMap":{"0":{"start":{"line":2,"column":0},"end":{"line":2,"column":37}},"1":{"start":{"line":3,"column":0},"end":{"line":3,"column":43}},"2":{"start":{"line":6,"column":16},"end":{"line":6,"column":51}},"3":{"start":{"line":7,"column":2},"end":{"line":7,"column":47}},"4":{"start":{"line":5,"column":0},"end":{"line":5,"column":7}}},"fnMap":{"0":{"name":"getDefaultEvent","decl":{"start":{"line":5,"column":22},"end":{"line":5,"column":37}},"loc":{"start":{"line":5,"column":66},"end":{"line":8,"column":1}}}},"branchMap":{},"s":{"0":11,"1":11,"2":2,"3":1,"4":11},"f":{"0":2},"b":{}}
,"/home/thiago-arend/driven/projetos/projeto21-drivent/src/controllers/hotels-controller.ts": {"path":"/home/thiago-arend/driven/projetos/projeto21-drivent/src/controllers/hotels-controller.ts","statementMap":{"0":{"start":{"line":2,"column":0},"end":{"line":2,"column":37}},"1":{"start":{"line":4,"column":0},"end":{"line":4,"column":43}},"2":{"start":{"line":7,"column":21},"end":{"line":7,"column":24}},"3":{"start":{"line":9,"column":17},"end":{"line":9,"column":54}},"4":{"start":{"line":10,"column":2},"end":{"line":10,"column":41}},"5":{"start":{"line":6,"column":0},"end":{"line":6,"column":7}},"6":{"start":{"line":14,"column":21},"end":{"line":14,"column":24}},"7":{"start":{"line":15,"column":18},"end":{"line":15,"column":44}},"8":{"start":{"line":17,"column":25},"end":{"line":17,"column":80}},"9":{"start":{"line":18,"column":2},"end":{"line":18,"column":49}},"10":{"start":{"line":13,"column":0},"end":{"line":13,"column":7}}},"fnMap":{"0":{"name":"getHotels","decl":{"start":{"line":6,"column":22},"end":{"line":6,"column":31}},"loc":{"start":{"line":6,"column":72},"end":{"line":11,"column":1}}},"1":{"name":"getHotelsWithRooms","decl":{"start":{"line":13,"column":22},"end":{"line":13,"column":40}},"loc":{"start":{"line":13,"column":81},"end":{"line":19,"column":1}}}},"branchMap":{},"s":{"0":11,"1":11,"2":7,"3":7,"4":1,"5":11,"6":8,"7":8,"8":8,"9":2,"10":11},"f":{"0":7,"1":8},"b":{}}
,"/home/thiago-arend/driven/projetos/projeto21-drivent/src/controllers/index.ts": {"path":"/home/thiago-arend/driven/projetos/projeto21-drivent/src/controllers/index.ts","statementMap":{"0":{"start":{"line":1,"column":0},"end":{"line":1,"column":35}},"1":{"start":{"line":2,"column":0},"end":{"line":2,"column":44}},"2":{"start":{"line":3,"column":0},"end":{"line":3,"column":36}},"3":{"start":{"line":4,"column":0},"end":{"line":4,"column":41}},"4":{"start":{"line":5,"column":0},"end":{"line":5,"column":37}},"5":{"start":{"line":6,"column":0},"end":{"line":6,"column":38}},"6":{"start":{"line":7,"column":0},"end":{"line":7,"column":36}},"7":{"start":{"line":8,"column":0},"end":{"line":8,"column":37}}},"fnMap":{},"branchMap":{},"s":{"0":11,"1":11,"2":11,"3":11,"4":11,"5":11,"6":11,"7":11},"f":{},"b":{}}
,"/home/thiago-arend/driven/projetos/projeto21-drivent/src/controllers/payments-controller.ts": {"path":"/home/thiago-arend/driven/projetos/projeto21-drivent/src/controllers/payments-controller.ts","statementMap":{"0":{"start":{"line":2,"column":0},"end":{"line":2,"column":37}},"1":{"start":{"line":5,"column":0},"end":{"line":5,"column":45}},"2":{"start":{"line":8,"column":19},"end":{"line":8,"column":45}},"3":{"start":{"line":9,"column":21},"end":{"line":9,"column":24}},"4":{"start":{"line":11,"column":18},"end":{"line":11,"column":78}},"5":{"start":{"line":12,"column":2},"end":{"line":12,"column":49}},"6":{"start":{"line":7,"column":0},"end":{"line":7,"column":7}},"7":{"start":{"line":16,"column":21},"end":{"line":16,"column":24}},"8":{"start":{"line":17,"column":33},"end":{"line":17,"column":61}},"9":{"start":{"line":19,"column":18},"end":{"line":19,"column":82}},"10":{"start":{"line":20,"column":2},"end":{"line":20,"column":42}},"11":{"start":{"line":15,"column":0},"end":{"line":15,"column":7}}},"fnMap":{"0":{"name":"getPaymentByTicketId","decl":{"start":{"line":7,"column":22},"end":{"line":7,"column":42}},"loc":{"start":{"line":7,"column":83},"end":{"line":13,"column":1}}},"1":{"name":"paymentProcess","decl":{"start":{"line":15,"column":22},"end":{"line":15,"column":36}},"loc":{"start":{"line":15,"column":77},"end":{"line":21,"column":1}}}},"branchMap":{},"s":{"0":11,"1":11,"2":4,"3":4,"4":4,"5":1,"6":11,"7":5,"8":5,"9":5,"10":3,"11":11},"f":{"0":4,"1":5},"b":{}}
,"/home/thiago-arend/driven/projetos/projeto21-drivent/src/controllers/tickets-controller.ts": {"path":"/home/thiago-arend/driven/projetos/projeto21-drivent/src/controllers/tickets-controller.ts","statementMap":{"0":{"start":{"line":2,"column":0},"end":{"line":2,"column":37}},"1":{"start":{"line":4,"column":0},"end":{"line":4,"column":44}},"2":{"start":{"line":8,"column":22},"end":{"line":8,"column":60}},"3":{"start":{"line":9,"column":2},"end":{"line":9,"column":53}},"4":{"start":{"line":7,"column":0},"end":{"line":7,"column":7}},"5":{"start":{"line":13,"column":21},"end":{"line":13,"column":24}},"6":{"start":{"line":14,"column":17},"end":{"line":14,"column":63}},"7":{"start":{"line":15,"column":2},"end":{"line":15,"column":41}},"8":{"start":{"line":12,"column":0},"end":{"line":12,"column":7}},"9":{"start":{"line":19,"column":21},"end":{"line":19,"column":24}},"10":{"start":{"line":20,"column":27},"end":{"line":20,"column":54}},"11":{"start":{"line":22,"column":17},"end":{"line":22,"column":72}},"12":{"start":{"line":23,"column":2},"end":{"line":23,"column":53}},"13":{"start":{"line":18,"column":0},"end":{"line":18,"column":7}}},"fnMap":{"0":{"name":"getTicketTypes","decl":{"start":{"line":7,"column":22},"end":{"line":7,"column":36}},"loc":{"start":{"line":7,"column":77},"end":{"line":10,"column":1}}},"1":{"name":"getTicket","decl":{"start":{"line":12,"column":22},"end":{"line":12,"column":31}},"loc":{"start":{"line":12,"column":72},"end":{"line":16,"column":1}}},"2":{"name":"createTicket","decl":{"start":{"line":18,"column":22},"end":{"line":18,"column":34}},"loc":{"start":{"line":18,"column":75},"end":{"line":24,"column":1}}}},"branchMap":{},"s":{"0":11,"1":11,"2":2,"3":2,"4":11,"5":3,"6":3,"7":1,"8":11,"9":3,"10":3,"11":3,"12":2,"13":11},"f":{"0":2,"1":3,"2":3},"b":{}}
,"/home/thiago-arend/driven/projetos/projeto21-drivent/src/controllers/users-controller.ts": {"path":"/home/thiago-arend/driven/projetos/projeto21-drivent/src/controllers/users-controller.ts","statementMap":{"0":{"start":{"line":2,"column":0},"end":{"line":2,"column":37}},"1":{"start":{"line":3,"column":0},"end":{"line":3,"column":41}},"2":{"start":{"line":6,"column":30},"end":{"line":6,"column":38}},"3":{"start":{"line":8,"column":15},"end":{"line":8,"column":64}},"4":{"start":{"line":10,"column":2},"end":{"line":13,"column":5}},"5":{"start":{"line":5,"column":0},"end":{"line":5,"column":7}}},"fnMap":{"0":{"name":"usersPost","decl":{"start":{"line":5,"column":22},"end":{"line":5,"column":31}},"loc":{"start":{"line":5,"column":59},"end":{"line":14,"column":1}}}},"branchMap":{},"s":{"0":11,"1":11,"2":6,"3":6,"4":3,"5":11},"f":{"0":6},"b":{}}
,"/home/thiago-arend/driven/projetos/projeto21-drivent/src/errors/cannot-create-booking-error.ts": {"path":"/home/thiago-arend/driven/projetos/projeto21-drivent/src/errors/cannot-create-booking-error.ts","statementMap":{"0":{"start":{"line":4,"column":2},"end":{"line":7,"column":4}},"1":{"start":{"line":3,"column":0},"end":{"line":3,"column":16}}},"fnMap":{"0":{"name":"cannotCreateBookingError","decl":{"start":{"line":3,"column":16},"end":{"line":3,"column":40}},"loc":{"start":{"line":3,"column":40},"end":{"line":8,"column":1}}}},"branchMap":{},"s":{"0":16,"1":12},"f":{"0":16},"b":{}}
,"/home/thiago-arend/driven/projetos/projeto21-drivent/src/errors/cannot-enroll-before-start-date-error.ts": {"path":"/home/thiago-arend/driven/projetos/projeto21-drivent/src/errors/cannot-enroll-before-start-date-error.ts","statementMap":{"0":{"start":{"line":4,"column":2},"end":{"line":7,"column":4}},"1":{"start":{"line":3,"column":0},"end":{"line":3,"column":16}}},"fnMap":{"0":{"name":"cannotEnrollBeforeStartDateError","decl":{"start":{"line":3,"column":16},"end":{"line":3,"column":48}},"loc":{"start":{"line":3,"column":48},"end":{"line":8,"column":1}}}},"branchMap":{},"s":{"0":2,"1":12},"f":{"0":2},"b":{}}
,"/home/thiago-arend/driven/projetos/projeto21-drivent/src/errors/cannot-list-hotels-error.ts": {"path":"/home/thiago-arend/driven/projetos/projeto21-drivent/src/errors/cannot-list-hotels-error.ts","statementMap":{"0":{"start":{"line":4,"column":2},"end":{"line":7,"column":4}},"1":{"start":{"line":3,"column":0},"end":{"line":3,"column":16}}},"fnMap":{"0":{"name":"cannotListHotelsError","decl":{"start":{"line":3,"column":16},"end":{"line":3,"column":37}},"loc":{"start":{"line":3,"column":37},"end":{"line":8,"column":1}}}},"branchMap":{},"s":{"0":6,"1":12},"f":{"0":6},"b":{}}
,"/home/thiago-arend/driven/projetos/projeto21-drivent/src/errors/conflict-error.ts": {"path":"/home/thiago-arend/driven/projetos/projeto21-drivent/src/errors/conflict-error.ts","statementMap":{"0":{"start":{"line":4,"column":2},"end":{"line":7,"column":4}},"1":{"start":{"line":3,"column":0},"end":{"line":3,"column":16}}},"fnMap":{"0":{"name":"conflictError","decl":{"start":{"line":3,"column":16},"end":{"line":3,"column":29}},"loc":{"start":{"line":3,"column":45},"end":{"line":8,"column":1}}}},"branchMap":{},"s":{"0":0,"1":12},"f":{"0":0},"b":{}}
,"/home/thiago-arend/driven/projetos/projeto21-drivent/src/errors/duplicate-email-error.ts": {"path":"/home/thiago-arend/driven/projetos/projeto21-drivent/src/errors/duplicate-email-error.ts","statementMap":{"0":{"start":{"line":4,"column":2},"end":{"line":7,"column":4}},"1":{"start":{"line":3,"column":0},"end":{"line":3,"column":16}}},"fnMap":{"0":{"name":"duplicatedEmailError","decl":{"start":{"line":3,"column":16},"end":{"line":3,"column":36}},"loc":{"start":{"line":3,"column":36},"end":{"line":8,"column":1}}}},"branchMap":{},"s":{"0":4,"1":12},"f":{"0":4},"b":{}}
,"/home/thiago-arend/driven/projetos/projeto21-drivent/src/errors/enrollment-not-found-error.ts": {"path":"/home/thiago-arend/driven/projetos/projeto21-drivent/src/errors/enrollment-not-found-error.ts","statementMap":{"0":{"start":{"line":4,"column":2},"end":{"line":7,"column":4}},"1":{"start":{"line":3,"column":0},"end":{"line":3,"column":16}}},"fnMap":{"0":{"name":"enrollmentNotFoundError","decl":{"start":{"line":3,"column":16},"end":{"line":3,"column":39}},"loc":{"start":{"line":3,"column":39},"end":{"line":8,"column":1}}}},"branchMap":{},"s":{"0":1,"1":12},"f":{"0":1},"b":{}}
,"/home/thiago-arend/driven/projetos/projeto21-drivent/src/errors/index.ts": {"path":"/home/thiago-arend/driven/projetos/projeto21-drivent/src/errors/index.ts","statementMap":{"0":{"start":{"line":1,"column":0},"end":{"line":1,"column":56}},"1":{"start":{"line":2,"column":0},"end":{"line":2,"column":33}},"2":{"start":{"line":3,"column":0},"end":{"line":3,"column":37}},"3":{"start":{"line":4,"column":0},"end":{"line":4,"column":38}},"4":{"start":{"line":5,"column":0},"end":{"line":5,"column":34}},"5":{"start":{"line":6,"column":0},"end":{"line":6,"column":37}},"6":{"start":{"line":7,"column":0},"end":{"line":7,"column":32}},"7":{"start":{"line":8,"column":0},"end":{"line":8,"column":44}},"8":{"start":{"line":9,"column":0},"end":{"line":9,"column":40}},"9":{"start":{"line":10,"column":0},"end":{"line":10,"column":45}},"10":{"start":{"line":11,"column":0},"end":{"line":11,"column":36}}},"fnMap":{},"branchMap":{},"s":{"0":12,"1":12,"2":12,"3":12,"4":12,"5":12,"6":12,"7":12,"8":12,"9":12,"10":12},"f":{},"b":{}}
,"/home/thiago-arend/driven/projetos/projeto21-drivent/src/errors/invalid-cep-error.ts": {"path":"/home/thiago-arend/driven/projetos/projeto21-drivent/src/errors/invalid-cep-error.ts","statementMap":{"0":{"start":{"line":4,"column":2},"end":{"line":7,"column":4}},"1":{"start":{"line":3,"column":0},"end":{"line":3,"column":16}}},"fnMap":{"0":{"name":"invalidCepError","decl":{"start":{"line":3,"column":16},"end":{"line":3,"column":31}},"loc":{"start":{"line":3,"column":31},"end":{"line":8,"column":1}}}},"branchMap":{},"s":{"0":0,"1":12},"f":{"0":0},"b":{}}
,"/home/thiago-arend/driven/projetos/projeto21-drivent/src/errors/invalid-credentials-error.ts": {"path":"/home/thiago-arend/driven/projetos/projeto21-drivent/src/errors/invalid-credentials-error.ts","statementMap":{"0":{"start":{"line":4,"column":2},"end":{"line":7,"column":4}},"1":{"start":{"line":3,"column":0},"end":{"line":3,"column":16}}},"fnMap":{"0":{"name":"invalidCredentialsError","decl":{"start":{"line":3,"column":16},"end":{"line":3,"column":39}},"loc":{"start":{"line":3,"column":39},"end":{"line":8,"column":1}}}},"branchMap":{},"s":{"0":6,"1":12},"f":{"0":6},"b":{}}
,"/home/thiago-arend/driven/projetos/projeto21-drivent/src/errors/invalid-data-error.ts": {"path":"/home/thiago-arend/driven/projetos/projeto21-drivent/src/errors/invalid-data-error.ts","statementMap":{"0":{"start":{"line":4,"column":2},"end":{"line":7,"column":4}},"1":{"start":{"line":3,"column":0},"end":{"line":3,"column":16}}},"fnMap":{"0":{"name":"invalidDataError","decl":{"start":{"line":3,"column":16},"end":{"line":3,"column":32}},"loc":{"start":{"line":3,"column":48},"end":{"line":8,"column":1}}}},"branchMap":{},"s":{"0":16,"1":12},"f":{"0":16},"b":{}}
,"/home/thiago-arend/driven/projetos/projeto21-drivent/src/errors/invalid-email-error.ts": {"path":"/home/thiago-arend/driven/projetos/projeto21-drivent/src/errors/invalid-email-error.ts","statementMap":{"0":{"start":{"line":4,"column":2},"end":{"line":8,"column":4}},"1":{"start":{"line":3,"column":0},"end":{"line":3,"column":16}}},"fnMap":{"0":{"name":"invalidEmailError","decl":{"start":{"line":3,"column":16},"end":{"line":3,"column":33}},"loc":{"start":{"line":3,"column":47},"end":{"line":9,"column":1}}}},"branchMap":{},"s":{"0":0,"1":12},"f":{"0":0},"b":{}}
,"/home/thiago-arend/driven/projetos/projeto21-drivent/src/errors/not-found-error.ts": {"path":"/home/thiago-arend/driven/projetos/projeto21-drivent/src/errors/not-found-error.ts","statementMap":{"0":{"start":{"line":4,"column":2},"end":{"line":7,"column":4}},"1":{"start":{"line":3,"column":0},"end":{"line":3,"column":16}}},"fnMap":{"0":{"name":"notFoundError","decl":{"start":{"line":3,"column":16},"end":{"line":3,"column":29}},"loc":{"start":{"line":3,"column":29},"end":{"line":8,"column":1}}}},"branchMap":{},"s":{"0":18,"1":12},"f":{"0":18},"b":{}}
,"/home/thiago-arend/driven/projetos/projeto21-drivent/src/errors/request-error.ts": {"path":"/home/thiago-arend/driven/projetos/projeto21-drivent/src/errors/request-error.ts","statementMap":{"0":{"start":{"line":4,"column":2},"end":{"line":10,"column":4}},"1":{"start":{"line":3,"column":0},"end":{"line":3,"column":16}}},"fnMap":{"0":{"name":"requestError","decl":{"start":{"line":3,"column":16},"end":{"line":3,"column":28}},"loc":{"start":{"line":3,"column":63},"end":{"line":11,"column":1}}}},"branchMap":{},"s":{"0":1,"1":12},"f":{"0":1},"b":{}}
,"/home/thiago-arend/driven/projetos/projeto21-drivent/src/errors/unauthorized-error.ts": {"path":"/home/thiago-arend/driven/projetos/projeto21-drivent/src/errors/unauthorized-error.ts","statementMap":{"0":{"start":{"line":4,"column":2},"end":{"line":7,"column":4}},"1":{"start":{"line":3,"column":0},"end":{"line":3,"column":16}}},"fnMap":{"0":{"name":"unauthorizedError","decl":{"start":{"line":3,"column":16},"end":{"line":3,"column":33}},"loc":{"start":{"line":3,"column":33},"end":{"line":8,"column":1}}}},"branchMap":{},"s":{"0":26,"1":12},"f":{"0":26},"b":{}}
,"/home/thiago-arend/driven/projetos/projeto21-drivent/src/middlewares/authentication-middleware.ts": {"path":"/home/thiago-arend/driven/projetos/projeto21-drivent/src/middlewares/authentication-middleware.ts","statementMap":{"0":{"start":{"line":2,"column":0},"end":{"line":2,"column":36}},"1":{"start":{"line":3,"column":0},"end":{"line":3,"column":45}},"2":{"start":{"line":4,"column":0},"end":{"line":4,"column":58}},"3":{"start":{"line":7,"column":21},"end":{"line":7,"column":48}},"4":{"start":{"line":8,"column":2},"end":{"line":8,"column":45}},"5":{"start":{"line":8,"column":19},"end":{"line":8,"column":45}},"6":{"start":{"line":10,"column":16},"end":{"line":10,"column":40}},"7":{"start":{"line":11,"column":2},"end":{"line":11,"column":40}},"8":{"start":{"line":11,"column":14},"end":{"line":11,"column":40}},"9":{"start":{"line":13,"column":21},"end":{"line":13,"column":76}},"10":{"start":{"line":15,"column":18},"end":{"line":15,"column":67}},"11":{"start":{"line":16,"column":2},"end":{"line":16,"column":42}},"12":{"start":{"line":16,"column":16},"end":{"line":16,"column":42}},"13":{"start":{"line":18,"column":2},"end":{"line":18,"column":22}},"14":{"start":{"line":19,"column":2},"end":{"line":19,"column":9}},"15":{"start":{"line":6,"column":0},"end":{"line":6,"column":7}}},"fnMap":{"0":{"name":"authenticateToken","decl":{"start":{"line":6,"column":22},"end":{"line":6,"column":39}},"loc":{"start":{"line":6,"column":100},"end":{"line":20,"column":1}}}},"branchMap":{"0":{"loc":{"start":{"line":8,"column":2},"end":{"line":8,"column":45}},"type":"if","locations":[{"start":{"line":8,"column":2},"end":{"line":8,"column":45}}]},"1":{"loc":{"start":{"line":11,"column":2},"end":{"line":11,"column":40}},"type":"if","locations":[{"start":{"line":11,"column":2},"end":{"line":11,"column":40}}]},"2":{"loc":{"start":{"line":16,"column":2},"end":{"line":16,"column":42}},"type":"if","locations":[{"start":{"line":16,"column":2},"end":{"line":16,"column":42}}]}},"s":{"0":11,"1":11,"2":11,"3":86,"4":86,"5":12,"6":74,"7":74,"8":0,"9":74,"10":62,"11":62,"12":12,"13":50,"14":50,"15":11},"f":{"0":86},"b":{"0":[12],"1":[0],"2":[12]}}
,"/home/thiago-arend/driven/projetos/projeto21-drivent/src/middlewares/error-handling-middleware.ts": {"path":"/home/thiago-arend/driven/projetos/projeto21-drivent/src/middlewares/error-handling-middleware.ts","statementMap":{"0":{"start":{"line":2,"column":0},"end":{"line":2,"column":37}},"1":{"start":{"line":11,"column":2},"end":{"line":15,"column":null}},"2":{"start":{"line":12,"column":4},"end":{"line":14,"column":7}},"3":{"start":{"line":17,"column":2},"end":{"line":21,"column":null}},"4":{"start":{"line":18,"column":4},"end":{"line":20,"column":7}},"5":{"start":{"line":23,"column":2},"end":{"line":27,"column":null}},"6":{"start":{"line":24,"column":4},"end":{"line":26,"column":7}},"7":{"start":{"line":29,"column":2},"end":{"line":33,"column":null}},"8":{"start":{"line":30,"column":4},"end":{"line":32,"column":7}},"9":{"start":{"line":35,"column":2},"end":{"line":39,"column":null}},"10":{"start":{"line":36,"column":4},"end":{"line":38,"column":7}},"11":{"start":{"line":41,"column":2},"end":{"line":45,"column":null}},"12":{"start":{"line":42,"column":4},"end":{"line":44,"column":7}},"13":{"start":{"line":47,"column":2},"end":{"line":51,"column":null}},"14":{"start":{"line":48,"column":4},"end":{"line":50,"column":7}},"15":{"start":{"line":53,"column":2},"end":{"line":55,"column":null}},"16":{"start":{"line":54,"column":4},"end":{"line":54,"column":50}},"17":{"start":{"line":57,"column":2},"end":{"line":59,"column":null}},"18":{"start":{"line":58,"column":4},"end":{"line":58,"column":64}},"19":{"start":{"line":61,"column":2},"end":{"line":63,"column":null}},"20":{"start":{"line":62,"column":4},"end":{"line":62,"column":69}},"21":{"start":{"line":65,"column":2},"end":{"line":67,"column":null}},"22":{"start":{"line":66,"column":4},"end":{"line":66,"column":62}},"23":{"start":{"line":69,"column":2},"end":{"line":73,"column":null}},"24":{"start":{"line":70,"column":4},"end":{"line":72,"column":7}},"25":{"start":{"line":76,"column":2},"end":{"line":76,"column":21}},"26":{"start":{"line":77,"column":2},"end":{"line":80,"column":5}},"27":{"start":{"line":5,"column":0},"end":{"line":5,"column":16}}},"fnMap":{"0":{"name":"handleApplicationErrors","decl":{"start":{"line":5,"column":16},"end":{"line":5,"column":39}},"loc":{"start":{"line":9,"column":20},"end":{"line":81,"column":1}}}},"branchMap":{"0":{"loc":{"start":{"line":11,"column":2},"end":{"line":15,"column":null}},"type":"if","locations":[{"start":{"line":11,"column":2},"end":{"line":15,"column":null}}]},"1":{"loc":{"start":{"line":17,"column":2},"end":{"line":21,"column":null}},"type":"if","locations":[{"start":{"line":17,"column":2},"end":{"line":21,"column":null}}]},"2":{"loc":{"start":{"line":17,"column":6},"end":{"line":17,"column":73}},"type":"binary-expr","locations":[{"start":{"line":17,"column":6},"end":{"line":17,"column":34}},{"start":{"line":17,"column":38},"end":{"line":17,"column":73}}]},"3":{"loc":{"start":{"line":23,"column":2},"end":{"line":27,"column":null}},"type":"if","locations":[{"start":{"line":23,"column":2},"end":{"line":27,"column":null}}]},"4":{"loc":{"start":{"line":23,"column":6},"end":{"line":23,"column":80}},"type":"binary-expr","locations":[{"start":{"line":23,"column":6},"end":{"line":23,"column":44}},{"start":{"line":23,"column":48},"end":{"line":23,"column":80}}]},"5":{"loc":{"start":{"line":29,"column":2},"end":{"line":33,"column":null}},"type":"if","locations":[{"start":{"line":29,"column":2},"end":{"line":33,"column":null}}]},"6":{"loc":{"start":{"line":35,"column":2},"end":{"line":39,"column":null}},"type":"if","locations":[{"start":{"line":35,"column":2},"end":{"line":39,"column":null}}]},"7":{"loc":{"start":{"line":41,"column":2},"end":{"line":45,"column":null}},"type":"if","locations":[{"start":{"line":41,"column":2},"end":{"line":45,"column":null}}]},"8":{"loc":{"start":{"line":47,"column":2},"end":{"line":51,"column":null}},"type":"if","locations":[{"start":{"line":47,"column":2},"end":{"line":51,"column":null}}]},"9":{"loc":{"start":{"line":53,"column":2},"end":{"line":55,"column":null}},"type":"if","locations":[{"start":{"line":53,"column":2},"end":{"line":55,"column":null}}]},"10":{"loc":{"start":{"line":57,"column":2},"end":{"line":59,"column":null}},"type":"if","locations":[{"start":{"line":57,"column":2},"end":{"line":59,"column":null}}]},"11":{"loc":{"start":{"line":61,"column":2},"end":{"line":63,"column":null}},"type":"if","locations":[{"start":{"line":61,"column":2},"end":{"line":63,"column":null}}]},"12":{"loc":{"start":{"line":65,"column":2},"end":{"line":67,"column":null}},"type":"if","locations":[{"start":{"line":65,"column":2},"end":{"line":67,"column":null}}]},"13":{"loc":{"start":{"line":69,"column":2},"end":{"line":73,"column":null}},"type":"if","locations":[{"start":{"line":69,"column":2},"end":{"line":73,"column":null}}]},"14":{"loc":{"start":{"line":69,"column":6},"end":{"line":69,"column":65}},"type":"binary-expr","locations":[{"start":{"line":69,"column":6},"end":{"line":69,"column":34}},{"start":{"line":69,"column":38},"end":{"line":69,"column":65}}]}},"s":{"0":11,"1":79,"2":2,"3":77,"4":1,"5":76,"6":14,"7":62,"8":16,"9":46,"10":12,"11":34,"12":0,"13":34,"14":26,"15":8,"16":1,"17":7,"18":0,"19":7,"20":6,"21":1,"22":0,"23":1,"24":1,"25":0,"26":0,"27":11},"f":{"0":79},"b":{"0":[2],"1":[1],"2":[77,77],"3":[14],"4":[76,74],"5":[16],"6":[12],"7":[0],"8":[26],"9":[1],"10":[0],"11":[6],"12":[0],"13":[1],"14":[1,1]}}
,"/home/thiago-arend/driven/projetos/projeto21-drivent/src/middlewares/index.ts": {"path":"/home/thiago-arend/driven/projetos/projeto21-drivent/src/middlewares/index.ts","statementMap":{"0":{"start":{"line":1,"column":0},"end":{"line":1,"column":44}},"1":{"start":{"line":2,"column":0},"end":{"line":2,"column":40}},"2":{"start":{"line":3,"column":0},"end":{"line":3,"column":44}}},"fnMap":{},"branchMap":{},"s":{"0":11,"1":11,"2":11},"f":{},"b":{}}
,"/home/thiago-arend/driven/projetos/projeto21-drivent/src/middlewares/validation-middleware.ts": {"path":"/home/thiago-arend/driven/projetos/projeto21-drivent/src/middlewares/validation-middleware.ts","statementMap":{"0":{"start":{"line":3,"column":0},"end":{"line":3,"column":44}},"1":{"start":{"line":6,"column":2},"end":{"line":6,"column":34}},"2":{"start":{"line":5,"column":0},"end":{"line":5,"column":16}},"3":{"start":{"line":10,"column":2},"end":{"line":10,"column":36}},"4":{"start":{"line":9,"column":0},"end":{"line":9,"column":16}},"5":{"start":{"line":14,"column":2},"end":{"line":26,"column":4}},"6":{"start":{"line":15,"column":22},"end":{"line":17,"column":6}},"7":{"start":{"line":19,"column":4},"end":{"line":25,"column":null}},"8":{"start":{"line":20,"column":6},"end":{"line":20,"column":13}},"9":{"start":{"line":22,"column":25},"end":{"line":22,"column":27}},"10":{"start":{"line":23,"column":6},"end":{"line":23,"column":70}},"11":{"start":{"line":23,"column":36},"end":{"line":23,"column":67}},"12":{"start":{"line":24,"column":6},"end":{"line":24,"column":43}}},"fnMap":{"0":{"name":"validateBody","decl":{"start":{"line":5,"column":16},"end":{"line":5,"column":28}},"loc":{"start":{"line":5,"column":55},"end":{"line":7,"column":1}}},"1":{"name":"validateParams","decl":{"start":{"line":9,"column":16},"end":{"line":9,"column":30}},"loc":{"start":{"line":9,"column":57},"end":{"line":11,"column":1}}},"2":{"name":"validate","decl":{"start":{"line":13,"column":9},"end":{"line":13,"column":17}},"loc":{"start":{"line":13,"column":63},"end":{"line":27,"column":1}}},"3":{"name":"(anonymous_3)","decl":{"start":{"line":14,"column":9},"end":{"line":14,"column":10}},"loc":{"start":{"line":14,"column":61},"end":{"line":26,"column":3}}},"4":{"name":"(anonymous_4)","decl":{"start":{"line":23,"column":28},"end":{"line":23,"column":29}},"loc":{"start":{"line":23,"column":36},"end":{"line":23,"column":67}}}},"branchMap":{"0":{"loc":{"start":{"line":19,"column":4},"end":{"line":25,"column":null}},"type":"if","locations":[{"start":{"line":19,"column":4},"end":{"line":25,"column":null}},{"start":{"line":21,"column":11},"end":{"line":25,"column":null}}]}},"s":{"0":11,"1":77,"2":11,"3":11,"4":11,"5":88,"6":39,"7":39,"8":24,"9":15,"10":15,"11":34,"12":15},"f":{"0":77,"1":11,"2":88,"3":39,"4":34},"b":{"0":[24,15]}}
,"/home/thiago-arend/driven/projetos/projeto21-drivent/src/repositories/address-repository.ts": {"path":"/home/thiago-arend/driven/projetos/projeto21-drivent/src/repositories/address-repository.ts","statementMap":{"0":{"start":{"line":2,"column":0},"end":{"line":2,"column":34}},"1":{"start":{"line":5,"column":2},"end":{"line":14,"column":5}},"2":{"start":{"line":20,"column":13},"end":{"line":22,"column":2}}},"fnMap":{"0":{"name":"upsert","decl":{"start":{"line":4,"column":15},"end":{"line":4,"column":21}},"loc":{"start":{"line":4,"column":116},"end":{"line":15,"column":1}}}},"branchMap":{},"s":{"0":12,"1":2,"2":12},"f":{"0":2},"b":{}}
,"/home/thiago-arend/driven/projetos/projeto21-drivent/src/repositories/authentication-repository.ts": {"path":"/home/thiago-arend/driven/projetos/projeto21-drivent/src/repositories/authentication-repository.ts","statementMap":{"0":{"start":{"line":2,"column":0},"end":{"line":2,"column":34}},"1":{"start":{"line":5,"column":2},"end":{"line":7,"column":5}},"2":{"start":{"line":11,"column":2},"end":{"line":15,"column":5}},"3":{"start":{"line":18,"column":13},"end":{"line":21,"column":2}}},"fnMap":{"0":{"name":"createSession","decl":{"start":{"line":4,"column":15},"end":{"line":4,"column":28}},"loc":{"start":{"line":4,"column":69},"end":{"line":8,"column":1}}},"1":{"name":"findSession","decl":{"start":{"line":10,"column":15},"end":{"line":10,"column":26}},"loc":{"start":{"line":10,"column":40},"end":{"line":16,"column":1}}}},"branchMap":{},"s":{"0":12,"1":5,"2":62,"3":12},"f":{"0":5,"1":62},"b":{}}
,"/home/thiago-arend/driven/projetos/projeto21-drivent/src/repositories/bookings-repository.ts": {"path":"/home/thiago-arend/driven/projetos/projeto21-drivent/src/repositories/bookings-repository.ts","statementMap":{"0":{"start":{"line":2,"column":0},"end":{"line":2,"column":34}},"1":{"start":{"line":6,"column":2},"end":{"line":11,"column":5}},"2":{"start":{"line":15,"column":2},"end":{"line":17,"column":5}},"3":{"start":{"line":21,"column":2},"end":{"line":24,"column":5}},"4":{"start":{"line":28,"column":2},"end":{"line":30,"column":5}},"5":{"start":{"line":33,"column":13},"end":{"line":38,"column":2}}},"fnMap":{"0":{"name":"getBookingByUserId","decl":{"start":{"line":5,"column":15},"end":{"line":5,"column":33}},"loc":{"start":{"line":5,"column":48},"end":{"line":12,"column":1}}},"1":{"name":"createBooking","decl":{"start":{"line":14,"column":15},"end":{"line":14,"column":28}},"loc":{"start":{"line":14,"column":57},"end":{"line":18,"column":1}}},"2":{"name":"changeBookingRoomByUserId","decl":{"start":{"line":20,"column":15},"end":{"line":20,"column":40}},"loc":{"start":{"line":20,"column":71},"end":{"line":25,"column":1}}},"3":{"name":"getBookingsCountByRoomId","decl":{"start":{"line":27,"column":15},"end":{"line":27,"column":39}},"loc":{"start":{"line":27,"column":54},"end":{"line":31,"column":1}}}},"branchMap":{},"s":{"0":12,"1":2,"2":1,"3":1,"4":2,"5":12},"f":{"0":2,"1":1,"2":1,"3":2},"b":{}}
,"/home/thiago-arend/driven/projetos/projeto21-drivent/src/repositories/enrollments-repository.ts": {"path":"/home/thiago-arend/driven/projetos/projeto21-drivent/src/repositories/enrollments-repository.ts","statementMap":{"0":{"start":{"line":2,"column":0},"end":{"line":2,"column":34}},"1":{"start":{"line":5,"column":2},"end":{"line":10,"column":5}},"2":{"start":{"line":18,"column":2},"end":{"line":24,"column":5}},"3":{"start":{"line":30,"column":13},"end":{"line":33,"column":2}}},"fnMap":{"0":{"name":"findWithAddressByUserId","decl":{"start":{"line":4,"column":15},"end":{"line":4,"column":38}},"loc":{"start":{"line":4,"column":53},"end":{"line":11,"column":1}}},"1":{"name":"upsert","decl":{"start":{"line":13,"column":15},"end":{"line":13,"column":21}},"loc":{"start":{"line":16,"column":43},"end":{"line":25,"column":1}}}},"branchMap":{},"s":{"0":12,"1":30,"2":2,"3":12},"f":{"0":30,"1":2},"b":{}}
,"/home/thiago-arend/driven/projetos/projeto21-drivent/src/repositories/events-repository.ts": {"path":"/home/thiago-arend/driven/projetos/projeto21-drivent/src/repositories/events-repository.ts","statementMap":{"0":{"start":{"line":1,"column":0},"end":{"line":1,"column":34}},"1":{"start":{"line":4,"column":2},"end":{"line":4,"column":34}},"2":{"start":{"line":7,"column":13},"end":{"line":9,"column":2}}},"fnMap":{"0":{"name":"findFirst","decl":{"start":{"line":3,"column":15},"end":{"line":3,"column":24}},"loc":{"start":{"line":3,"column":24},"end":{"line":5,"column":1}}}},"branchMap":{},"s":{"0":12,"1":11,"2":12},"f":{"0":11},"b":{}}
,"/home/thiago-arend/driven/projetos/projeto21-drivent/src/repositories/hotels-repository.ts": {"path":"/home/thiago-arend/driven/projetos/projeto21-drivent/src/repositories/hotels-repository.ts","statementMap":{"0":{"start":{"line":1,"column":0},"end":{"line":1,"column":34}},"1":{"start":{"line":4,"column":2},"end":{"line":4,"column":33}},"2":{"start":{"line":8,"column":2},"end":{"line":10,"column":5}},"3":{"start":{"line":14,"column":2},"end":{"line":21,"column":5}},"4":{"start":{"line":24,"column":13},"end":{"line":28,"column":2}}},"fnMap":{"0":{"name":"findHotels","decl":{"start":{"line":3,"column":15},"end":{"line":3,"column":25}},"loc":{"start":{"line":3,"column":25},"end":{"line":5,"column":1}}},"1":{"name":"findRoom","decl":{"start":{"line":7,"column":15},"end":{"line":7,"column":23}},"loc":{"start":{"line":7,"column":34},"end":{"line":11,"column":1}}},"2":{"name":"findRoomsByHotelId","decl":{"start":{"line":13,"column":15},"end":{"line":13,"column":33}},"loc":{"start":{"line":13,"column":49},"end":{"line":22,"column":1}}}},"branchMap":{},"s":{"0":12,"1":2,"2":4,"3":3,"4":12},"f":{"0":2,"1":4,"2":3},"b":{}}
,"/home/thiago-arend/driven/projetos/projeto21-drivent/src/repositories/index.ts": {"path":"/home/thiago-arend/driven/projetos/projeto21-drivent/src/repositories/index.ts","statementMap":{"0":{"start":{"line":1,"column":0},"end":{"line":1,"column":37}},"1":{"start":{"line":2,"column":0},"end":{"line":2,"column":44}},"2":{"start":{"line":3,"column":0},"end":{"line":3,"column":41}},"3":{"start":{"line":4,"column":0},"end":{"line":4,"column":36}},"4":{"start":{"line":5,"column":0},"end":{"line":5,"column":35}},"5":{"start":{"line":6,"column":0},"end":{"line":6,"column":37}},"6":{"start":{"line":7,"column":0},"end":{"line":7,"column":38}},"7":{"start":{"line":8,"column":0},"end":{"line":8,"column":36}},"8":{"start":{"line":9,"column":0},"end":{"line":9,"column":38}}},"fnMap":{},"branchMap":{},"s":{"0":12,"1":12,"2":12,"3":12,"4":12,"5":12,"6":12,"7":12,"8":12},"f":{},"b":{}}
,"/home/thiago-arend/driven/projetos/projeto21-drivent/src/repositories/payments-repository.ts": {"path":"/home/thiago-arend/driven/projetos/projeto21-drivent/src/repositories/payments-repository.ts","statementMap":{"0":{"start":{"line":1,"column":0},"end":{"line":1,"column":34}},"1":{"start":{"line":5,"column":17},"end":{"line":7,"column":4}},"2":{"start":{"line":8,"column":2},"end":{"line":8,"column":16}},"3":{"start":{"line":12,"column":17},"end":{"line":17,"column":4}},"4":{"start":{"line":19,"column":2},"end":{"line":19,"column":16}},"5":{"start":{"line":22,"column":13},"end":{"line":25,"column":2}}},"fnMap":{"0":{"name":"findPaymentByTicketId","decl":{"start":{"line":4,"column":15},"end":{"line":4,"column":36}},"loc":{"start":{"line":4,"column":53},"end":{"line":9,"column":1}}},"1":{"name":"createPayment","decl":{"start":{"line":11,"column":15},"end":{"line":11,"column":28}},"loc":{"start":{"line":11,"column":68},"end":{"line":20,"column":1}}}},"branchMap":{},"s":{"0":12,"1":1,"2":1,"3":3,"4":3,"5":12},"f":{"0":1,"1":3},"b":{}}
,"/home/thiago-arend/driven/projetos/projeto21-drivent/src/repositories/tickets-repository.ts": {"path":"/home/thiago-arend/driven/projetos/projeto21-drivent/src/repositories/tickets-repository.ts","statementMap":{"0":{"start":{"line":1,"column":0},"end":{"line":1,"column":46}},"1":{"start":{"line":2,"column":0},"end":{"line":2,"column":34}},"2":{"start":{"line":6,"column":17},"end":{"line":6,"column":51}},"3":{"start":{"line":7,"column":2},"end":{"line":7,"column":16}},"4":{"start":{"line":11,"column":17},"end":{"line":14,"column":4}},"5":{"start":{"line":16,"column":2},"end":{"line":16,"column":16}},"6":{"start":{"line":20,"column":17},"end":{"line":23,"column":4}},"7":{"start":{"line":25,"column":2},"end":{"line":25,"column":16}},"8":{"start":{"line":29,"column":17},"end":{"line":32,"column":4}},"9":{"start":{"line":34,"column":2},"end":{"line":34,"column":16}},"10":{"start":{"line":38,"column":17},"end":{"line":45,"column":4}},"11":{"start":{"line":47,"column":2},"end":{"line":47,"column":16}},"12":{"start":{"line":50,"column":13},"end":{"line":56,"column":2}}},"fnMap":{"0":{"name":"findTicketTypes","decl":{"start":{"line":5,"column":15},"end":{"line":5,"column":30}},"loc":{"start":{"line":5,"column":30},"end":{"line":8,"column":1}}},"1":{"name":"findTicketByEnrollmentId","decl":{"start":{"line":10,"column":15},"end":{"line":10,"column":39}},"loc":{"start":{"line":10,"column":60},"end":{"line":17,"column":1}}},"2":{"name":"createTicket","decl":{"start":{"line":19,"column":15},"end":{"line":19,"column":27}},"loc":{"start":{"line":19,"column":54},"end":{"line":26,"column":1}}},"3":{"name":"findTicketById","decl":{"start":{"line":28,"column":15},"end":{"line":28,"column":29}},"loc":{"start":{"line":28,"column":46},"end":{"line":35,"column":1}}},"4":{"name":"ticketProcessPayment","decl":{"start":{"line":37,"column":15},"end":{"line":37,"column":35}},"loc":{"start":{"line":37,"column":52},"end":{"line":48,"column":1}}}},"branchMap":{},"s":{"0":12,"1":12,"2":2,"3":2,"4":16,"5":16,"6":2,"7":2,"8":8,"9":8,"10":3,"11":3,"12":12},"f":{"0":2,"1":16,"2":2,"3":8,"4":3},"b":{}}
,"/home/thiago-arend/driven/projetos/projeto21-drivent/src/repositories/users-repository.ts": {"path":"/home/thiago-arend/driven/projetos/projeto21-drivent/src/repositories/users-repository.ts","statementMap":{"0":{"start":{"line":2,"column":0},"end":{"line":2,"column":34}},"1":{"start":{"line":5,"column":44},"end":{"line":9,"column":4}},"2":{"start":{"line":11,"column":2},"end":{"line":13,"column":null}},"3":{"start":{"line":12,"column":4},"end":{"line":12,"column":27}},"4":{"start":{"line":15,"column":2},"end":{"line":15,"column":40}},"5":{"start":{"line":19,"column":2},"end":{"line":21,"column":5}},"6":{"start":{"line":24,"column":13},"end":{"line":27,"column":2}}},"fnMap":{"0":{"name":"findByEmail","decl":{"start":{"line":4,"column":15},"end":{"line":4,"column":26}},"loc":{"start":{"line":4,"column":68},"end":{"line":16,"column":1}}},"1":{"name":"create","decl":{"start":{"line":18,"column":15},"end":{"line":18,"column":21}},"loc":{"start":{"line":18,"column":59},"end":{"line":22,"column":1}}}},"branchMap":{"0":{"loc":{"start":{"line":11,"column":2},"end":{"line":13,"column":null}},"type":"if","locations":[{"start":{"line":11,"column":2},"end":{"line":13,"column":null}}]}},"s":{"0":12,"1":16,"2":16,"3":9,"4":16,"5":5,"6":12},"f":{"0":16,"1":5},"b":{"0":[9]}}
,"/home/thiago-arend/driven/projetos/projeto21-drivent/src/routers/authentication-router.ts": {"path":"/home/thiago-arend/driven/projetos/projeto21-drivent/src/routers/authentication-router.ts","statementMap":{"0":{"start":{"line":1,"column":0},"end":{"line":1,"column":33}},"1":{"start":{"line":2,"column":0},"end":{"line":2,"column":43}},"2":{"start":{"line":3,"column":0},"end":{"line":3,"column":45}},"3":{"start":{"line":4,"column":0},"end":{"line":4,"column":41}},"4":{"start":{"line":6,"column":29},"end":{"line":6,"column":37}},"5":{"start":{"line":10,"column":9},"end":{"line":10,"column":29}},"6":{"start":{"line":8,"column":0},"end":{"line":8,"column":78}}},"fnMap":{},"branchMap":{},"s":{"0":11,"1":11,"2":11,"3":11,"4":11,"5":11,"6":11},"f":{},"b":{}}
,"/home/thiago-arend/driven/projetos/projeto21-drivent/src/routers/bookings-router.ts": {"path":"/home/thiago-arend/driven/projetos/projeto21-drivent/src/routers/bookings-router.ts","statementMap":{"0":{"start":{"line":1,"column":0},"end":{"line":1,"column":33}},"1":{"start":{"line":2,"column":0},"end":{"line":2,"column":80}},"2":{"start":{"line":3,"column":0},"end":{"line":3,"column":77}},"3":{"start":{"line":4,"column":0},"end":{"line":4,"column":82}},"4":{"start":{"line":6,"column":22},"end":{"line":6,"column":30}},"5":{"start":{"line":14,"column":9},"end":{"line":14,"column":22}},"6":{"start":{"line":8,"column":0},"end":{"line":12,"column":111}}},"fnMap":{},"branchMap":{},"s":{"0":11,"1":11,"2":11,"3":11,"4":11,"5":11,"6":11},"f":{},"b":{}}
,"/home/thiago-arend/driven/projetos/projeto21-drivent/src/routers/enrollments-router.ts": {"path":"/home/thiago-arend/driven/projetos/projeto21-drivent/src/routers/enrollments-router.ts","statementMap":{"0":{"start":{"line":1,"column":0},"end":{"line":1,"column":33}},"1":{"start":{"line":2,"column":0},"end":{"line":2,"column":64}},"2":{"start":{"line":3,"column":0},"end":{"line":3,"column":101}},"3":{"start":{"line":4,"column":0},"end":{"line":4,"column":59}},"4":{"start":{"line":6,"column":26},"end":{"line":6,"column":34}},"5":{"start":{"line":14,"column":9},"end":{"line":14,"column":26}},"6":{"start":{"line":8,"column":0},"end":{"line":12,"column":89}}},"fnMap":{},"branchMap":{},"s":{"0":11,"1":11,"2":11,"3":11,"4":11,"5":11,"6":11},"f":{},"b":{}}
,"/home/thiago-arend/driven/projetos/projeto21-drivent/src/routers/events-router.ts": {"path":"/home/thiago-arend/driven/projetos/projeto21-drivent/src/routers/events-router.ts","statementMap":{"0":{"start":{"line":1,"column":0},"end":{"line":1,"column":33}},"1":{"start":{"line":2,"column":0},"end":{"line":2,"column":48}},"2":{"start":{"line":4,"column":21},"end":{"line":4,"column":29}},"3":{"start":{"line":8,"column":9},"end":{"line":8,"column":21}},"4":{"start":{"line":6,"column":0},"end":{"line":6,"column":39}}},"fnMap":{},"branchMap":{},"s":{"0":11,"1":11,"2":11,"3":11,"4":11},"f":{},"b":{}}
,"/home/thiago-arend/driven/projetos/projeto21-drivent/src/routers/hotels-router.ts": {"path":"/home/thiago-arend/driven/projetos/projeto21-drivent/src/routers/hotels-router.ts","statementMap":{"0":{"start":{"line":1,"column":0},"end":{"line":1,"column":33}},"1":{"start":{"line":2,"column":0},"end":{"line":2,"column":50}},"2":{"start":{"line":3,"column":0},"end":{"line":3,"column":62}},"3":{"start":{"line":5,"column":21},"end":{"line":5,"column":29}},"4":{"start":{"line":9,"column":9},"end":{"line":9,"column":21}},"5":{"start":{"line":7,"column":0},"end":{"line":7,"column":99}}},"fnMap":{},"branchMap":{},"s":{"0":11,"1":11,"2":11,"3":11,"4":11,"5":11},"f":{},"b":{}}
,"/home/thiago-arend/driven/projetos/projeto21-drivent/src/routers/index.ts": {"path":"/home/thiago-arend/driven/projetos/projeto21-drivent/src/routers/index.ts","statementMap":{"0":{"start":{"line":1,"column":0},"end":{"line":1,"column":31}},"1":{"start":{"line":2,"column":0},"end":{"line":2,"column":40}},"2":{"start":{"line":3,"column":0},"end":{"line":3,"column":32}},"3":{"start":{"line":4,"column":0},"end":{"line":4,"column":37}},"4":{"start":{"line":5,"column":0},"end":{"line":5,"column":33}},"5":{"start":{"line":6,"column":0},"end":{"line":6,"column":33}},"6":{"start":{"line":7,"column":0},"end":{"line":7,"column":32}},"7":{"start":{"line":8,"column":0},"end":{"line":8,"column":34}}},"fnMap":{},"branchMap":{},"s":{"0":11,"1":11,"2":11,"3":11,"4":11,"5":11,"6":11,"7":11},"f":{},"b":{}}
,"/home/thiago-arend/driven/projetos/projeto21-drivent/src/routers/paymets-router.ts": {"path":"/home/thiago-arend/driven/projetos/projeto21-drivent/src/routers/paymets-router.ts","statementMap":{"0":{"start":{"line":1,"column":0},"end":{"line":1,"column":33}},"1":{"start":{"line":2,"column":0},"end":{"line":2,"column":64}},"2":{"start":{"line":3,"column":0},"end":{"line":3,"column":69}},"3":{"start":{"line":4,"column":0},"end":{"line":4,"column":59}},"4":{"start":{"line":6,"column":23},"end":{"line":6,"column":31}},"5":{"start":{"line":13,"column":9},"end":{"line":13,"column":23}},"6":{"start":{"line":8,"column":0},"end":{"line":11,"column":65}}},"fnMap":{},"branchMap":{},"s":{"0":11,"1":11,"2":11,"3":11,"4":11,"5":11,"6":11},"f":{},"b":{}}
,"/home/thiago-arend/driven/projetos/projeto21-drivent/src/routers/tickets-router.ts": {"path":"/home/thiago-arend/driven/projetos/projeto21-drivent/src/routers/tickets-router.ts","statementMap":{"0":{"start":{"line":1,"column":0},"end":{"line":1,"column":33}},"1":{"start":{"line":2,"column":0},"end":{"line":2,"column":72}},"2":{"start":{"line":3,"column":0},"end":{"line":3,"column":64}},"3":{"start":{"line":4,"column":0},"end":{"line":4,"column":57}},"4":{"start":{"line":6,"column":22},"end":{"line":6,"column":30}},"5":{"start":{"line":14,"column":9},"end":{"line":14,"column":22}},"6":{"start":{"line":8,"column":0},"end":{"line":12,"column":55}}},"fnMap":{},"branchMap":{},"s":{"0":11,"1":11,"2":11,"3":11,"4":11,"5":11,"6":11},"f":{},"b":{}}
,"/home/thiago-arend/driven/projetos/projeto21-drivent/src/routers/users-router.ts": {"path":"/home/thiago-arend/driven/projetos/projeto21-drivent/src/routers/users-router.ts","statementMap":{"0":{"start":{"line":1,"column":0},"end":{"line":1,"column":33}},"1":{"start":{"line":3,"column":0},"end":{"line":3,"column":45}},"2":{"start":{"line":4,"column":0},"end":{"line":4,"column":45}},"3":{"start":{"line":5,"column":0},"end":{"line":5,"column":42}},"4":{"start":{"line":7,"column":20},"end":{"line":7,"column":28}},"5":{"start":{"line":11,"column":9},"end":{"line":11,"column":20}},"6":{"start":{"line":9,"column":0},"end":{"line":9,"column":65}}},"fnMap":{},"branchMap":{},"s":{"0":11,"1":11,"2":11,"3":11,"4":11,"5":11,"6":11},"f":{},"b":{}}
,"/home/thiago-arend/driven/projetos/projeto21-drivent/src/schemas/authentication-schemas.ts": {"path":"/home/thiago-arend/driven/projetos/projeto21-drivent/src/schemas/authentication-schemas.ts","statementMap":{"0":{"start":{"line":1,"column":0},"end":{"line":1,"column":22}},"1":{"start":{"line":4,"column":13},"end":{"line":7,"column":3}}},"fnMap":{},"branchMap":{},"s":{"0":14,"1":14},"f":{},"b":{}}
,"/home/thiago-arend/driven/projetos/projeto21-drivent/src/schemas/booking-schema.ts": {"path":"/home/thiago-arend/driven/projetos/projeto21-drivent/src/schemas/booking-schema.ts","statementMap":{"0":{"start":{"line":1,"column":0},"end":{"line":1,"column":22}},"1":{"start":{"line":4,"column":13},"end":{"line":6,"column":3}},"2":{"start":{"line":8,"column":13},"end":{"line":10,"column":3}}},"fnMap":{},"branchMap":{},"s":{"0":11,"1":11,"2":11},"f":{},"b":{}}
,"/home/thiago-arend/driven/projetos/projeto21-drivent/src/schemas/enrollments-schemas.ts": {"path":"/home/thiago-arend/driven/projetos/projeto21-drivent/src/schemas/enrollments-schemas.ts","statementMap":{"0":{"start":{"line":1,"column":0},"end":{"line":1,"column":22}},"1":{"start":{"line":2,"column":0},"end":{"line":2,"column":105}},"2":{"start":{"line":5,"column":28},"end":{"line":5,"column":87}},"3":{"start":{"line":7,"column":28},"end":{"line":7,"column":86}},"4":{"start":{"line":9,"column":36},"end":{"line":9,"column":108}},"5":{"start":{"line":11,"column":13},"end":{"line":28,"column":3}},"6":{"start":{"line":23,"column":39},"end":{"line":23,"column":45}},"7":{"start":{"line":31,"column":2},"end":{"line":31,"column":27}},"8":{"start":{"line":31,"column":14},"end":{"line":31,"column":27}},"9":{"start":{"line":33,"column":2},"end":{"line":35,"column":null}},"10":{"start":{"line":34,"column":4},"end":{"line":34,"column":40}},"11":{"start":{"line":37,"column":2},"end":{"line":37,"column":15}},"12":{"start":{"line":41,"column":2},"end":{"line":41,"column":27}},"13":{"start":{"line":41,"column":14},"end":{"line":41,"column":27}},"14":{"start":{"line":43,"column":2},"end":{"line":45,"column":null}},"15":{"start":{"line":44,"column":4},"end":{"line":44,"column":40}},"16":{"start":{"line":47,"column":2},"end":{"line":47,"column":15}},"17":{"start":{"line":51,"column":2},"end":{"line":51,"column":27}},"18":{"start":{"line":51,"column":14},"end":{"line":51,"column":27}},"19":{"start":{"line":53,"column":2},"end":{"line":55,"column":null}},"20":{"start":{"line":54,"column":4},"end":{"line":54,"column":40}},"21":{"start":{"line":57,"column":2},"end":{"line":57,"column":15}}},"fnMap":{"0":{"name":"(anonymous_1)","decl":{"start":{"line":23,"column":32},"end":{"line":23,"column":33}},"loc":{"start":{"line":23,"column":39},"end":{"line":23,"column":45}}},"1":{"name":"joiCpfValidation","decl":{"start":{"line":30,"column":9},"end":{"line":30,"column":25}},"loc":{"start":{"line":30,"column":75},"end":{"line":38,"column":1}}},"2":{"name":"joiCepValidation","decl":{"start":{"line":40,"column":9},"end":{"line":40,"column":25}},"loc":{"start":{"line":40,"column":75},"end":{"line":48,"column":1}}},"3":{"name":"joiMobilePhoneValidation","decl":{"start":{"line":50,"column":9},"end":{"line":50,"column":33}},"loc":{"start":{"line":50,"column":83},"end":{"line":58,"column":1}}}},"branchMap":{"0":{"loc":{"start":{"line":31,"column":2},"end":{"line":31,"column":27}},"type":"if","locations":[{"start":{"line":31,"column":2},"end":{"line":31,"column":27}}]},"1":{"loc":{"start":{"line":33,"column":2},"end":{"line":35,"column":null}},"type":"if","locations":[{"start":{"line":33,"column":2},"end":{"line":35,"column":null}}]},"2":{"loc":{"start":{"line":41,"column":2},"end":{"line":41,"column":27}},"type":"if","locations":[{"start":{"line":41,"column":2},"end":{"line":41,"column":27}}]},"3":{"loc":{"start":{"line":43,"column":2},"end":{"line":45,"column":null}},"type":"if","locations":[{"start":{"line":43,"column":2},"end":{"line":45,"column":null}}]},"4":{"loc":{"start":{"line":51,"column":2},"end":{"line":51,"column":27}},"type":"if","locations":[{"start":{"line":51,"column":2},"end":{"line":51,"column":27}}]},"5":{"loc":{"start":{"line":53,"column":2},"end":{"line":55,"column":null}},"type":"if","locations":[{"start":{"line":53,"column":2},"end":{"line":55,"column":null}}]}},"s":{"0":14,"1":14,"2":14,"3":14,"4":14,"5":14,"6":378,"7":29,"8":0,"9":29,"10":1,"11":28,"12":19,"13":0,"14":19,"15":1,"16":18,"17":23,"18":0,"19":23,"20":0,"21":23},"f":{"0":378,"1":29,"2":19,"3":23},"b":{"0":[0],"1":[1],"2":[0],"3":[1],"4":[0],"5":[0]}}
,"/home/thiago-arend/driven/projetos/projeto21-drivent/src/schemas/index.ts": {"path":"/home/thiago-arend/driven/projetos/projeto21-drivent/src/schemas/index.ts","statementMap":{"0":{"start":{"line":1,"column":0},"end":{"line":1,"column":32}},"1":{"start":{"line":2,"column":0},"end":{"line":2,"column":41}},"2":{"start":{"line":3,"column":0},"end":{"line":3,"column":38}}},"fnMap":{},"branchMap":{},"s":{"0":14,"1":14,"2":14},"f":{},"b":{}}
,"/home/thiago-arend/driven/projetos/projeto21-drivent/src/schemas/payments-schemas.ts": {"path":"/home/thiago-arend/driven/projetos/projeto21-drivent/src/schemas/payments-schemas.ts","statementMap":{"0":{"start":{"line":1,"column":0},"end":{"line":1,"column":22}},"1":{"start":{"line":4,"column":13},"end":{"line":13,"column":3}}},"fnMap":{},"branchMap":{},"s":{"0":11,"1":11},"f":{},"b":{}}
,"/home/thiago-arend/driven/projetos/projeto21-drivent/src/schemas/tickets-schemas.ts": {"path":"/home/thiago-arend/driven/projetos/projeto21-drivent/src/schemas/tickets-schemas.ts","statementMap":{"0":{"start":{"line":1,"column":0},"end":{"line":1,"column":22}},"1":{"start":{"line":4,"column":13},"end":{"line":6,"column":3}}},"fnMap":{},"branchMap":{},"s":{"0":11,"1":11},"f":{},"b":{}}
,"/home/thiago-arend/driven/projetos/projeto21-drivent/src/schemas/users-schemas.ts": {"path":"/home/thiago-arend/driven/projetos/projeto21-drivent/src/schemas/users-schemas.ts","statementMap":{"0":{"start":{"line":1,"column":0},"end":{"line":1,"column":22}},"1":{"start":{"line":4,"column":13},"end":{"line":7,"column":3}}},"fnMap":{},"branchMap":{},"s":{"0":14,"1":14},"f":{},"b":{}}
,"/home/thiago-arend/driven/projetos/projeto21-drivent/src/services/authentication-service.ts": {"path":"/home/thiago-arend/driven/projetos/projeto21-drivent/src/services/authentication-service.ts","statementMap":{"0":{"start":{"line":2,"column":0},"end":{"line":2,"column":28}},"1":{"start":{"line":3,"column":0},"end":{"line":3,"column":31}},"2":{"start":{"line":4,"column":0},"end":{"line":4,"column":51}},"3":{"start":{"line":5,"column":0},"end":{"line":5,"column":74}},"4":{"start":{"line":6,"column":0},"end":{"line":6,"column":47}},"5":{"start":{"line":9,"column":30},"end":{"line":9,"column":36}},"6":{"start":{"line":11,"column":15},"end":{"line":11,"column":41}},"7":{"start":{"line":13,"column":2},"end":{"line":13,"column":56}},"8":{"start":{"line":15,"column":16},"end":{"line":15,"column":44}},"9":{"start":{"line":17,"column":2},"end":{"line":20,"column":4}},"10":{"start":{"line":24,"column":15},"end":{"line":24,"column":97}},"11":{"start":{"line":25,"column":2},"end":{"line":25,"column":45}},"12":{"start":{"line":25,"column":13},"end":{"line":25,"column":45}},"13":{"start":{"line":27,"column":2},"end":{"line":27,"column":14}},"14":{"start":{"line":31,"column":16},"end":{"line":31,"column":60}},"15":{"start":{"line":32,"column":2},"end":{"line":35,"column":5}},"16":{"start":{"line":37,"column":2},"end":{"line":37,"column":15}},"17":{"start":{"line":41,"column":26},"end":{"line":41,"column":70}},"18":{"start":{"line":42,"column":2},"end":{"line":42,"column":56}},"19":{"start":{"line":42,"column":24},"end":{"line":42,"column":56}},"20":{"start":{"line":54,"column":13},"end":{"line":56,"column":2}}},"fnMap":{"0":{"name":"signIn","decl":{"start":{"line":8,"column":15},"end":{"line":8,"column":21}},"loc":{"start":{"line":8,"column":42},"end":{"line":21,"column":1}}},"1":{"name":"getUserOrFail","decl":{"start":{"line":23,"column":15},"end":{"line":23,"column":28}},"loc":{"start":{"line":23,"column":42},"end":{"line":28,"column":1}}},"2":{"name":"createSession","decl":{"start":{"line":30,"column":15},"end":{"line":30,"column":28}},"loc":{"start":{"line":30,"column":43},"end":{"line":38,"column":1}}},"3":{"name":"validatePasswordOrFail","decl":{"start":{"line":40,"column":15},"end":{"line":40,"column":37}},"loc":{"start":{"line":40,"column":76},"end":{"line":43,"column":1}}}},"branchMap":{"0":{"loc":{"start":{"line":25,"column":2},"end":{"line":25,"column":45}},"type":"if","locations":[{"start":{"line":25,"column":2},"end":{"line":25,"column":45}}]},"1":{"loc":{"start":{"line":42,"column":2},"end":{"line":42,"column":56}},"type":"if","locations":[{"start":{"line":42,"column":2},"end":{"line":42,"column":56}}]}},"s":{"0":12,"1":12,"2":12,"3":12,"4":12,"5":9,"6":9,"7":7,"8":5,"9":5,"10":9,"11":9,"12":2,"13":7,"14":5,"15":5,"16":5,"17":7,"18":7,"19":2,"20":12},"f":{"0":9,"1":9,"2":5,"3":7},"b":{"0":[2],"1":[2]}}
,"/home/thiago-arend/driven/projetos/projeto21-drivent/src/services/booking-service.ts": {"path":"/home/thiago-arend/driven/projetos/projeto21-drivent/src/services/booking-service.ts","statementMap":{"0":{"start":{"line":1,"column":0},"end":{"line":1,"column":46}},"1":{"start":{"line":2,"column":0},"end":{"line":2,"column":41}},"2":{"start":{"line":3,"column":0},"end":{"line":3,"column":80}},"3":{"start":{"line":5,"column":0},"end":{"line":5,"column":109}},"4":{"start":{"line":8,"column":18},"end":{"line":8,"column":68}},"5":{"start":{"line":9,"column":2},"end":{"line":9,"column":38}},"6":{"start":{"line":9,"column":16},"end":{"line":9,"column":38}},"7":{"start":{"line":11,"column":49},"end":{"line":11,"column":87}},"8":{"start":{"line":13,"column":2},"end":{"line":13,"column":24}},"9":{"start":{"line":17,"column":2},"end":{"line":17,"column":45}},"10":{"start":{"line":19,"column":15},"end":{"line":19,"column":61}},"11":{"start":{"line":20,"column":2},"end":{"line":20,"column":35}},"12":{"start":{"line":20,"column":13},"end":{"line":20,"column":35}},"13":{"start":{"line":22,"column":2},"end":{"line":22,"column":56}},"14":{"start":{"line":24,"column":26},"end":{"line":24,"column":72}},"15":{"start":{"line":26,"column":2},"end":{"line":26,"column":43}},"16":{"start":{"line":30,"column":15},"end":{"line":30,"column":53}},"17":{"start":{"line":31,"column":2},"end":{"line":31,"column":35}},"18":{"start":{"line":31,"column":13},"end":{"line":31,"column":35}},"19":{"start":{"line":33,"column":18},"end":{"line":33,"column":68}},"20":{"start":{"line":34,"column":2},"end":{"line":34,"column":49}},"21":{"start":{"line":34,"column":16},"end":{"line":34,"column":49}},"22":{"start":{"line":36,"column":2},"end":{"line":36,"column":48}},"23":{"start":{"line":38,"column":26},"end":{"line":38,"column":91}},"24":{"start":{"line":40,"column":2},"end":{"line":40,"column":43}},"25":{"start":{"line":44,"column":21},"end":{"line":44,"column":79}},"26":{"start":{"line":45,"column":2},"end":{"line":45,"column":52}},"27":{"start":{"line":45,"column":19},"end":{"line":45,"column":52}},"28":{"start":{"line":47,"column":17},"end":{"line":47,"column":80}},"29":{"start":{"line":48,"column":2},"end":{"line":48,"column":48}},"30":{"start":{"line":48,"column":15},"end":{"line":48,"column":48}},"31":{"start":{"line":50,"column":15},"end":{"line":50,"column":32}},"32":{"start":{"line":52,"column":2},"end":{"line":54,"column":null}},"33":{"start":{"line":53,"column":4},"end":{"line":53,"column":37}},"34":{"start":{"line":58,"column":23},"end":{"line":58,"column":61}},"35":{"start":{"line":59,"column":26},"end":{"line":59,"column":82}},"36":{"start":{"line":60,"column":32},"end":{"line":60,"column":58}},"37":{"start":{"line":62,"column":2},"end":{"line":64,"column":null}},"38":{"start":{"line":63,"column":4},"end":{"line":63,"column":37}},"39":{"start":{"line":67,"column":13},"end":{"line":71,"column":2}}},"fnMap":{"0":{"name":"getBookingByUserId","decl":{"start":{"line":7,"column":15},"end":{"line":7,"column":33}},"loc":{"start":{"line":7,"column":48},"end":{"line":14,"column":1}}},"1":{"name":"createBooking","decl":{"start":{"line":16,"column":15},"end":{"line":16,"column":28}},"loc":{"start":{"line":16,"column":73},"end":{"line":27,"column":1}}},"2":{"name":"changeBookingRoomByUserId","decl":{"start":{"line":29,"column":15},"end":{"line":29,"column":40}},"loc":{"start":{"line":29,"column":71},"end":{"line":41,"column":1}}},"3":{"name":"validateIfUserCanMakeBooking","decl":{"start":{"line":43,"column":15},"end":{"line":43,"column":43}},"loc":{"start":{"line":43,"column":58},"end":{"line":55,"column":1}}},"4":{"name":"validateIfRoomHasAvailableSpace","decl":{"start":{"line":57,"column":15},"end":{"line":57,"column":46}},"loc":{"start":{"line":57,"column":61},"end":{"line":65,"column":1}}}},"branchMap":{"0":{"loc":{"start":{"line":9,"column":2},"end":{"line":9,"column":38}},"type":"if","locations":[{"start":{"line":9,"column":2},"end":{"line":9,"column":38}}]},"1":{"loc":{"start":{"line":20,"column":2},"end":{"line":20,"column":35}},"type":"if","locations":[{"start":{"line":20,"column":2},"end":{"line":20,"column":35}}]},"2":{"loc":{"start":{"line":31,"column":2},"end":{"line":31,"column":35}},"type":"if","locations":[{"start":{"line":31,"column":2},"end":{"line":31,"column":35}}]},"3":{"loc":{"start":{"line":34,"column":2},"end":{"line":34,"column":49}},"type":"if","locations":[{"start":{"line":34,"column":2},"end":{"line":34,"column":49}}]},"4":{"loc":{"start":{"line":45,"column":2},"end":{"line":45,"column":52}},"type":"if","locations":[{"start":{"line":45,"column":2},"end":{"line":45,"column":52}}]},"5":{"loc":{"start":{"line":48,"column":2},"end":{"line":48,"column":48}},"type":"if","locations":[{"start":{"line":48,"column":2},"end":{"line":48,"column":48}}]},"6":{"loc":{"start":{"line":52,"column":2},"end":{"line":54,"column":null}},"type":"if","locations":[{"start":{"line":52,"column":2},"end":{"line":54,"column":null}}]},"7":{"loc":{"start":{"line":52,"column":6},"end":{"line":52,"column":85}},"type":"binary-expr","locations":[{"start":{"line":52,"column":6},"end":{"line":52,"column":45}},{"start":{"line":52,"column":49},"end":{"line":52,"column":62}},{"start":{"line":52,"column":66},"end":{"line":52,"column":85}}]},"8":{"loc":{"start":{"line":62,"column":2},"end":{"line":64,"column":null}},"type":"if","locations":[{"start":{"line":62,"column":2},"end":{"line":64,"column":null}}]}},"s":{"0":12,"1":12,"2":12,"3":12,"4":3,"5":3,"6":1,"7":2,"8":2,"9":9,"10":4,"11":4,"12":1,"13":3,"14":2,"15":2,"16":5,"17":5,"18":1,"19":4,"20":4,"21":1,"22":3,"23":2,"24":2,"25":9,"26":9,"27":1,"28":8,"29":8,"30":1,"31":7,"32":7,"33":3,"34":6,"35":6,"36":6,"37":6,"38":2,"39":12},"f":{"0":3,"1":9,"2":5,"3":9,"4":6},"b":{"0":[1],"1":[1],"2":[1],"3":[1],"4":[1],"5":[1],"6":[3],"7":[7,6,5],"8":[2]}}
,"/home/thiago-arend/driven/projetos/projeto21-drivent/src/services/enrollments-service.ts": {"path":"/home/thiago-arend/driven/projetos/projeto21-drivent/src/services/enrollments-service.ts","statementMap":{"0":{"start":{"line":2,"column":0},"end":{"line":2,"column":42}},"1":{"start":{"line":3,"column":0},"end":{"line":3,"column":68}},"2":{"start":{"line":4,"column":0},"end":{"line":4,"column":118}},"3":{"start":{"line":5,"column":0},"end":{"line":5,"column":47}},"4":{"start":{"line":9,"column":17},"end":{"line":9,"column":77}},"5":{"start":{"line":11,"column":2},"end":{"line":13,"column":null}},"6":{"start":{"line":12,"column":4},"end":{"line":12,"column":28}},"7":{"start":{"line":15,"column":62},"end":{"line":15,"column":73}},"8":{"start":{"line":16,"column":37},"end":{"line":22,"column":4}},"9":{"start":{"line":24,"column":2},"end":{"line":24,"column":17}},"10":{"start":{"line":28,"column":32},"end":{"line":28,"column":90}},"11":{"start":{"line":30,"column":2},"end":{"line":30,"column":62}},"12":{"start":{"line":30,"column":30},"end":{"line":30,"column":62}},"13":{"start":{"line":32,"column":25},"end":{"line":32,"column":54}},"14":{"start":{"line":33,"column":18},"end":{"line":33,"column":47}},"15":{"start":{"line":35,"column":2},"end":{"line":38,"column":4}},"16":{"start":{"line":44,"column":2},"end":{"line":44,"column":33}},"17":{"start":{"line":44,"column":21},"end":{"line":44,"column":33}},"18":{"start":{"line":46,"column":2},"end":{"line":46,"column":73}},"19":{"start":{"line":52,"column":21},"end":{"line":52,"column":47}},"20":{"start":{"line":53,"column":2},"end":{"line":53,"column":54}},"21":{"start":{"line":54,"column":18},"end":{"line":54,"column":53}},"22":{"start":{"line":56,"column":2},"end":{"line":56,"column":39}},"23":{"start":{"line":58,"column":24},"end":{"line":58,"column":115}},"24":{"start":{"line":60,"column":2},"end":{"line":60,"column":69}},"25":{"start":{"line":64,"column":2},"end":{"line":67,"column":4}},"26":{"start":{"line":74,"column":13},"end":{"line":78,"column":2}}},"fnMap":{"0":{"name":"getAddressFromCEP","decl":{"start":{"line":8,"column":15},"end":{"line":8,"column":32}},"loc":{"start":{"line":8,"column":44},"end":{"line":25,"column":1}}},"1":{"name":"getOneWithAddressByUserId","decl":{"start":{"line":27,"column":15},"end":{"line":27,"column":40}},"loc":{"start":{"line":27,"column":55},"end":{"line":39,"column":1}}},"2":{"name":"getFirstAddress","decl":{"start":{"line":43,"column":9},"end":{"line":43,"column":24}},"loc":{"start":{"line":43,"column":46},"end":{"line":47,"column":1}}},"3":{"name":"createOrUpdateEnrollmentWithAddress","decl":{"start":{"line":51,"column":15},"end":{"line":51,"column":50}},"loc":{"start":{"line":51,"column":94},"end":{"line":61,"column":1}}},"4":{"name":"getAddressForUpsert","decl":{"start":{"line":63,"column":9},"end":{"line":63,"column":28}},"loc":{"start":{"line":63,"column":57},"end":{"line":68,"column":1}}}},"branchMap":{"0":{"loc":{"start":{"line":11,"column":2},"end":{"line":13,"column":null}},"type":"if","locations":[{"start":{"line":11,"column":2},"end":{"line":13,"column":null}}]},"1":{"loc":{"start":{"line":11,"column":6},"end":{"line":11,"column":38}},"type":"binary-expr","locations":[{"start":{"line":11,"column":6},"end":{"line":11,"column":18}},{"start":{"line":11,"column":22},"end":{"line":11,"column":38}}]},"2":{"loc":{"start":{"line":30,"column":2},"end":{"line":30,"column":62}},"type":"if","locations":[{"start":{"line":30,"column":2},"end":{"line":30,"column":62}}]},"3":{"loc":{"start":{"line":37,"column":8},"end":{"line":37,"column":32}},"type":"binary-expr","locations":[{"start":{"line":37,"column":8},"end":{"line":37,"column":17}},{"start":{"line":37,"column":21},"end":{"line":37,"column":32}}]},"4":{"loc":{"start":{"line":44,"column":2},"end":{"line":44,"column":33}},"type":"if","locations":[{"start":{"line":44,"column":2},"end":{"line":44,"column":33}}]},"5":{"loc":{"start":{"line":66,"column":8},"end":{"line":66,"column":74}},"type":"binary-expr","locations":[{"start":{"line":66,"column":8},"end":{"line":66,"column":30}},{"start":{"line":66,"column":34},"end":{"line":66,"column":74}}]}},"s":{"0":12,"1":12,"2":12,"3":12,"4":4,"5":3,"6":0,"7":3,"8":3,"9":3,"10":2,"11":2,"12":1,"13":1,"14":1,"15":1,"16":1,"17":0,"18":1,"19":2,"20":2,"21":2,"22":2,"23":2,"24":2,"25":2,"26":12},"f":{"0":4,"1":2,"2":1,"3":2,"4":2},"b":{"0":[0],"1":[3,3],"2":[1],"3":[1,1],"4":[0],"5":[2,2]}}
,"/home/thiago-arend/driven/projetos/projeto21-drivent/src/services/events-service.ts": {"path":"/home/thiago-arend/driven/projetos/projeto21-drivent/src/services/events-service.ts","statementMap":{"0":{"start":{"line":2,"column":0},"end":{"line":2,"column":26}},"1":{"start":{"line":3,"column":0},"end":{"line":3,"column":41}},"2":{"start":{"line":4,"column":0},"end":{"line":4,"column":49}},"3":{"start":{"line":5,"column":0},"end":{"line":5,"column":47}},"4":{"start":{"line":8,"column":16},"end":{"line":8,"column":49}},"5":{"start":{"line":9,"column":2},"end":{"line":9,"column":36}},"6":{"start":{"line":9,"column":14},"end":{"line":9,"column":36}},"7":{"start":{"line":11,"column":2},"end":{"line":11,"column":50}},"8":{"start":{"line":17,"column":16},"end":{"line":17,"column":49}},"9":{"start":{"line":18,"column":2},"end":{"line":18,"column":27}},"10":{"start":{"line":18,"column":14},"end":{"line":18,"column":27}},"11":{"start":{"line":20,"column":14},"end":{"line":20,"column":21}},"12":{"start":{"line":21,"column":24},"end":{"line":21,"column":45}},"13":{"start":{"line":22,"column":22},"end":{"line":22,"column":41}},"14":{"start":{"line":24,"column":2},"end":{"line":24,"column":65}},"15":{"start":{"line":27,"column":13},"end":{"line":30,"column":2}}},"fnMap":{"0":{"name":"getFirstEvent","decl":{"start":{"line":7,"column":15},"end":{"line":7,"column":28}},"loc":{"start":{"line":7,"column":28},"end":{"line":12,"column":1}}},"1":{"name":"isCurrentEventActive","decl":{"start":{"line":16,"column":15},"end":{"line":16,"column":35}},"loc":{"start":{"line":16,"column":35},"end":{"line":25,"column":1}}}},"branchMap":{"0":{"loc":{"start":{"line":9,"column":2},"end":{"line":9,"column":36}},"type":"if","locations":[{"start":{"line":9,"column":2},"end":{"line":9,"column":36}}]},"1":{"loc":{"start":{"line":18,"column":2},"end":{"line":18,"column":27}},"type":"if","locations":[{"start":{"line":18,"column":2},"end":{"line":18,"column":27}}]},"2":{"loc":{"start":{"line":24,"column":9},"end":{"line":24,"column":64}},"type":"binary-expr","locations":[{"start":{"line":24,"column":9},"end":{"line":24,"column":35}},{"start":{"line":24,"column":39},"end":{"line":24,"column":64}}]}},"s":{"0":12,"1":12,"2":12,"3":12,"4":2,"5":2,"6":1,"7":1,"8":9,"9":9,"10":1,"11":8,"12":8,"13":8,"14":8,"15":12},"f":{"0":2,"1":9},"b":{"0":[1],"1":[1],"2":[8,7]}}
,"/home/thiago-arend/driven/projetos/projeto21-drivent/src/services/hotels-service.ts": {"path":"/home/thiago-arend/driven/projetos/projeto21-drivent/src/services/hotels-service.ts","statementMap":{"0":{"start":{"line":1,"column":0},"end":{"line":1,"column":46}},"1":{"start":{"line":2,"column":0},"end":{"line":2,"column":59}},"2":{"start":{"line":3,"column":0},"end":{"line":3,"column":74}},"3":{"start":{"line":4,"column":0},"end":{"line":4,"column":90}},"4":{"start":{"line":7,"column":21},"end":{"line":7,"column":79}},"5":{"start":{"line":8,"column":2},"end":{"line":8,"column":41}},"6":{"start":{"line":8,"column":19},"end":{"line":8,"column":41}},"7":{"start":{"line":10,"column":17},"end":{"line":10,"column":80}},"8":{"start":{"line":11,"column":2},"end":{"line":11,"column":37}},"9":{"start":{"line":11,"column":15},"end":{"line":11,"column":37}},"10":{"start":{"line":13,"column":15},"end":{"line":13,"column":32}},"11":{"start":{"line":15,"column":2},"end":{"line":17,"column":null}},"12":{"start":{"line":16,"column":4},"end":{"line":16,"column":34}},"13":{"start":{"line":21,"column":2},"end":{"line":21,"column":36}},"14":{"start":{"line":23,"column":17},"end":{"line":23,"column":51}},"15":{"start":{"line":24,"column":2},"end":{"line":24,"column":49}},"16":{"start":{"line":24,"column":27},"end":{"line":24,"column":49}},"17":{"start":{"line":26,"column":2},"end":{"line":26,"column":16}},"18":{"start":{"line":30,"column":2},"end":{"line":30,"column":36}},"19":{"start":{"line":32,"column":2},"end":{"line":32,"column":68}},"20":{"start":{"line":32,"column":34},"end":{"line":32,"column":68}},"21":{"start":{"line":34,"column":25},"end":{"line":34,"column":74}},"22":{"start":{"line":35,"column":2},"end":{"line":35,"column":45}},"23":{"start":{"line":35,"column":23},"end":{"line":35,"column":45}},"24":{"start":{"line":37,"column":2},"end":{"line":37,"column":24}},"25":{"start":{"line":40,"column":13},"end":{"line":43,"column":2}}},"fnMap":{"0":{"name":"validateUserBooking","decl":{"start":{"line":6,"column":15},"end":{"line":6,"column":34}},"loc":{"start":{"line":6,"column":49},"end":{"line":18,"column":1}}},"1":{"name":"getHotels","decl":{"start":{"line":20,"column":15},"end":{"line":20,"column":24}},"loc":{"start":{"line":20,"column":39},"end":{"line":27,"column":1}}},"2":{"name":"getHotelsWithRooms","decl":{"start":{"line":29,"column":15},"end":{"line":29,"column":33}},"loc":{"start":{"line":29,"column":65},"end":{"line":38,"column":1}}}},"branchMap":{"0":{"loc":{"start":{"line":8,"column":2},"end":{"line":8,"column":41}},"type":"if","locations":[{"start":{"line":8,"column":2},"end":{"line":8,"column":41}}]},"1":{"loc":{"start":{"line":11,"column":2},"end":{"line":11,"column":37}},"type":"if","locations":[{"start":{"line":11,"column":2},"end":{"line":11,"column":37}}]},"2":{"loc":{"start":{"line":15,"column":2},"end":{"line":17,"column":null}},"type":"if","locations":[{"start":{"line":15,"column":2},"end":{"line":17,"column":null}}]},"3":{"loc":{"start":{"line":15,"column":6},"end":{"line":15,"column":85}},"type":"binary-expr","locations":[{"start":{"line":15,"column":6},"end":{"line":15,"column":45}},{"start":{"line":15,"column":49},"end":{"line":15,"column":62}},{"start":{"line":15,"column":66},"end":{"line":15,"column":85}}]},"4":{"loc":{"start":{"line":24,"column":2},"end":{"line":24,"column":49}},"type":"if","locations":[{"start":{"line":24,"column":2},"end":{"line":24,"column":49}}]},"5":{"loc":{"start":{"line":32,"column":2},"end":{"line":32,"column":68}},"type":"if","locations":[{"start":{"line":32,"column":2},"end":{"line":32,"column":68}}]},"6":{"loc":{"start":{"line":32,"column":6},"end":{"line":32,"column":32}},"type":"binary-expr","locations":[{"start":{"line":32,"column":6},"end":{"line":32,"column":14}},{"start":{"line":32,"column":18},"end":{"line":32,"column":32}}]},"7":{"loc":{"start":{"line":35,"column":2},"end":{"line":35,"column":45}},"type":"if","locations":[{"start":{"line":35,"column":2},"end":{"line":35,"column":45}}]}},"s":{"0":12,"1":12,"2":12,"3":12,"4":15,"5":15,"6":2,"7":13,"8":13,"9":2,"10":11,"11":11,"12":6,"13":7,"14":2,"15":2,"16":1,"17":1,"18":8,"19":3,"20":0,"21":3,"22":3,"23":1,"24":2,"25":12},"f":{"0":15,"1":7,"2":8},"b":{"0":[2],"1":[2],"2":[6],"3":[11,9,7],"4":[1],"5":[0],"6":[3,3],"7":[1]}}
,"/home/thiago-arend/driven/projetos/projeto21-drivent/src/services/index.ts": {"path":"/home/thiago-arend/driven/projetos/projeto21-drivent/src/services/index.ts","statementMap":{"0":{"start":{"line":1,"column":0},"end":{"line":1,"column":32}},"1":{"start":{"line":2,"column":0},"end":{"line":2,"column":41}},"2":{"start":{"line":3,"column":0},"end":{"line":3,"column":33}},"3":{"start":{"line":4,"column":0},"end":{"line":4,"column":38}},"4":{"start":{"line":5,"column":0},"end":{"line":5,"column":34}},"5":{"start":{"line":6,"column":0},"end":{"line":6,"column":35}},"6":{"start":{"line":7,"column":0},"end":{"line":7,"column":33}},"7":{"start":{"line":8,"column":0},"end":{"line":8,"column":34}}},"fnMap":{},"branchMap":{},"s":{"0":12,"1":12,"2":12,"3":12,"4":12,"5":12,"6":12,"7":12},"f":{},"b":{}}
,"/home/thiago-arend/driven/projetos/projeto21-drivent/src/services/payments-service.ts": {"path":"/home/thiago-arend/driven/projetos/projeto21-drivent/src/services/payments-service.ts","statementMap":{"0":{"start":{"line":1,"column":0},"end":{"line":1,"column":78}},"1":{"start":{"line":3,"column":0},"end":{"line":3,"column":93}},"2":{"start":{"line":6,"column":2},"end":{"line":6,"column":71}},"3":{"start":{"line":6,"column":36},"end":{"line":6,"column":71}},"4":{"start":{"line":8,"column":17},"end":{"line":8,"column":65}},"5":{"start":{"line":9,"column":2},"end":{"line":9,"column":37}},"6":{"start":{"line":9,"column":15},"end":{"line":9,"column":37}},"7":{"start":{"line":11,"column":21},"end":{"line":11,"column":79}},"8":{"start":{"line":12,"column":2},"end":{"line":12,"column":71}},"9":{"start":{"line":12,"column":45},"end":{"line":12,"column":71}},"10":{"start":{"line":14,"column":2},"end":{"line":14,"column":32}},"11":{"start":{"line":18,"column":2},"end":{"line":18,"column":52}},"12":{"start":{"line":20,"column":18},"end":{"line":20,"column":74}},"13":{"start":{"line":22,"column":2},"end":{"line":22,"column":17}},"14":{"start":{"line":26,"column":21},"end":{"line":26,"column":70}},"15":{"start":{"line":28,"column":37},"end":{"line":33,"column":4}},"16":{"start":{"line":35,"column":18},"end":{"line":35,"column":79}},"17":{"start":{"line":36,"column":2},"end":{"line":36,"column":57}},"18":{"start":{"line":37,"column":2},"end":{"line":37,"column":17}},"19":{"start":{"line":40,"column":13},"end":{"line":43,"column":2}}},"fnMap":{"0":{"name":"verifyTicketAndEnrollment","decl":{"start":{"line":5,"column":15},"end":{"line":5,"column":40}},"loc":{"start":{"line":5,"column":73},"end":{"line":15,"column":1}}},"1":{"name":"getPaymentByTicketId","decl":{"start":{"line":17,"column":15},"end":{"line":17,"column":35}},"loc":{"start":{"line":17,"column":68},"end":{"line":23,"column":1}}},"2":{"name":"paymentProcess","decl":{"start":{"line":25,"column":15},"end":{"line":25,"column":29}},"loc":{"start":{"line":25,"column":91},"end":{"line":38,"column":1}}}},"branchMap":{"0":{"loc":{"start":{"line":6,"column":2},"end":{"line":6,"column":71}},"type":"if","locations":[{"start":{"line":6,"column":2},"end":{"line":6,"column":71}}]},"1":{"loc":{"start":{"line":6,"column":6},"end":{"line":6,"column":34}},"type":"binary-expr","locations":[{"start":{"line":6,"column":6},"end":{"line":6,"column":15}},{"start":{"line":6,"column":19},"end":{"line":6,"column":34}}]},"2":{"loc":{"start":{"line":9,"column":2},"end":{"line":9,"column":37}},"type":"if","locations":[{"start":{"line":9,"column":2},"end":{"line":9,"column":37}}]},"3":{"loc":{"start":{"line":12,"column":2},"end":{"line":12,"column":71}},"type":"if","locations":[{"start":{"line":12,"column":2},"end":{"line":12,"column":71}}]}},"s":{"0":12,"1":12,"2":9,"3":1,"4":8,"5":8,"6":2,"7":6,"8":6,"9":2,"10":4,"11":4,"12":1,"13":1,"14":5,"15":3,"16":3,"17":3,"18":3,"19":12},"f":{"0":9,"1":4,"2":5},"b":{"0":[1],"1":[9,8],"2":[2],"3":[2]}}
,"/home/thiago-arend/driven/projetos/projeto21-drivent/src/services/tickets-service.ts": {"path":"/home/thiago-arend/driven/projetos/projeto21-drivent/src/services/tickets-service.ts","statementMap":{"0":{"start":{"line":1,"column":0},"end":{"line":1,"column":46}},"1":{"start":{"line":2,"column":0},"end":{"line":2,"column":59}},"2":{"start":{"line":4,"column":0},"end":{"line":4,"column":73}},"3":{"start":{"line":7,"column":22},"end":{"line":7,"column":63}},"4":{"start":{"line":8,"column":2},"end":{"line":8,"column":21}},"5":{"start":{"line":12,"column":21},"end":{"line":12,"column":79}},"6":{"start":{"line":13,"column":2},"end":{"line":13,"column":41}},"7":{"start":{"line":13,"column":19},"end":{"line":13,"column":41}},"8":{"start":{"line":15,"column":17},"end":{"line":15,"column":80}},"9":{"start":{"line":16,"column":2},"end":{"line":16,"column":37}},"10":{"start":{"line":16,"column":15},"end":{"line":16,"column":37}},"11":{"start":{"line":18,"column":2},"end":{"line":18,"column":16}},"12":{"start":{"line":22,"column":2},"end":{"line":22,"column":60}},"13":{"start":{"line":22,"column":21},"end":{"line":22,"column":60}},"14":{"start":{"line":24,"column":21},"end":{"line":24,"column":79}},"15":{"start":{"line":25,"column":2},"end":{"line":25,"column":41}},"16":{"start":{"line":25,"column":19},"end":{"line":25,"column":41}},"17":{"start":{"line":27,"column":41},"end":{"line":31,"column":4}},"18":{"start":{"line":33,"column":17},"end":{"line":33,"column":65}},"19":{"start":{"line":34,"column":2},"end":{"line":34,"column":16}},"20":{"start":{"line":37,"column":13},"end":{"line":41,"column":2}}},"fnMap":{"0":{"name":"findTicketTypes","decl":{"start":{"line":6,"column":15},"end":{"line":6,"column":30}},"loc":{"start":{"line":6,"column":30},"end":{"line":9,"column":1}}},"1":{"name":"getTicketByUserId","decl":{"start":{"line":11,"column":15},"end":{"line":11,"column":32}},"loc":{"start":{"line":11,"column":47},"end":{"line":19,"column":1}}},"2":{"name":"createTicket","decl":{"start":{"line":21,"column":15},"end":{"line":21,"column":27}},"loc":{"start":{"line":21,"column":64},"end":{"line":35,"column":1}}}},"branchMap":{"0":{"loc":{"start":{"line":13,"column":2},"end":{"line":13,"column":41}},"type":"if","locations":[{"start":{"line":13,"column":2},"end":{"line":13,"column":41}}]},"1":{"loc":{"start":{"line":16,"column":2},"end":{"line":16,"column":37}},"type":"if","locations":[{"start":{"line":16,"column":2},"end":{"line":16,"column":37}}]},"2":{"loc":{"start":{"line":22,"column":2},"end":{"line":22,"column":60}},"type":"if","locations":[{"start":{"line":22,"column":2},"end":{"line":22,"column":60}}]},"3":{"loc":{"start":{"line":25,"column":2},"end":{"line":25,"column":41}},"type":"if","locations":[{"start":{"line":25,"column":2},"end":{"line":25,"column":41}}]}},"s":{"0":12,"1":12,"2":12,"3":2,"4":2,"5":3,"6":3,"7":1,"8":2,"9":2,"10":1,"11":1,"12":3,"13":0,"14":3,"15":3,"16":1,"17":2,"18":2,"19":2,"20":12},"f":{"0":2,"1":3,"2":3},"b":{"0":[1],"1":[1],"2":[0],"3":[1]}}
,"/home/thiago-arend/driven/projetos/projeto21-drivent/src/services/users-service.ts": {"path":"/home/thiago-arend/driven/projetos/projeto21-drivent/src/services/users-service.ts","statementMap":{"0":{"start":{"line":2,"column":0},"end":{"line":2,"column":28}},"1":{"start":{"line":3,"column":0},"end":{"line":3,"column":43}},"2":{"start":{"line":4,"column":0},"end":{"line":4,"column":82}},"3":{"start":{"line":5,"column":0},"end":{"line":5,"column":48}},"4":{"start":{"line":8,"column":2},"end":{"line":8,"column":26}},"5":{"start":{"line":10,"column":2},"end":{"line":10,"column":41}},"6":{"start":{"line":12,"column":25},"end":{"line":12,"column":56}},"7":{"start":{"line":13,"column":2},"end":{"line":16,"column":5}},"8":{"start":{"line":7,"column":0},"end":{"line":7,"column":7}},"9":{"start":{"line":20,"column":28},"end":{"line":20,"column":67}},"10":{"start":{"line":21,"column":2},"end":{"line":23,"column":null}},"11":{"start":{"line":22,"column":4},"end":{"line":22,"column":33}},"12":{"start":{"line":27,"column":20},"end":{"line":27,"column":62}},"13":{"start":{"line":28,"column":2},"end":{"line":30,"column":null}},"14":{"start":{"line":29,"column":4},"end":{"line":29,"column":45}},"15":{"start":{"line":35,"column":13},"end":{"line":37,"column":2}}},"fnMap":{"0":{"name":"createUser","decl":{"start":{"line":7,"column":22},"end":{"line":7,"column":32}},"loc":{"start":{"line":7,"column":70},"end":{"line":17,"column":1}}},"1":{"name":"validateUniqueEmailOrFail","decl":{"start":{"line":19,"column":15},"end":{"line":19,"column":40}},"loc":{"start":{"line":19,"column":54},"end":{"line":24,"column":1}}},"2":{"name":"canEnrollOrFail","decl":{"start":{"line":26,"column":15},"end":{"line":26,"column":30}},"loc":{"start":{"line":26,"column":30},"end":{"line":31,"column":1}}}},"branchMap":{"0":{"loc":{"start":{"line":21,"column":2},"end":{"line":23,"column":null}},"type":"if","locations":[{"start":{"line":21,"column":2},"end":{"line":23,"column":null}}]},"1":{"loc":{"start":{"line":28,"column":2},"end":{"line":30,"column":null}},"type":"if","locations":[{"start":{"line":28,"column":2},"end":{"line":30,"column":null}}]}},"s":{"0":12,"1":12,"2":12,"3":12,"4":9,"5":7,"6":5,"7":5,"8":12,"9":7,"10":7,"11":2,"12":9,"13":9,"14":2,"15":12},"f":{"0":9,"1":7,"2":9},"b":{"0":[2],"1":[2]}}
,"/home/thiago-arend/driven/projetos/projeto21-drivent/src/utils/prisma-utils.ts": {"path":"/home/thiago-arend/driven/projetos/projeto21-drivent/src/utils/prisma-utils.ts","statementMap":{"0":{"start":{"line":2,"column":20},"end":{"line":2,"column":54}},"1":{"start":{"line":3,"column":2},"end":{"line":5,"column":null}},"2":{"start":{"line":4,"column":4},"end":{"line":4,"column":26}},"3":{"start":{"line":6,"column":2},"end":{"line":6,"column":19}},"4":{"start":{"line":1,"column":0},"end":{"line":1,"column":16}}},"fnMap":{"0":{"name":"exclude","decl":{"start":{"line":1,"column":16},"end":{"line":1,"column":23}},"loc":{"start":{"line":1,"column":73},"end":{"line":7,"column":1}}}},"branchMap":{},"s":{"0":12,"1":12,"2":18,"3":12,"4":12},"f":{"0":12},"b":{}}
,"/home/thiago-arend/driven/projetos/projeto21-drivent/src/utils/request.ts": {"path":"/home/thiago-arend/driven/projetos/projeto21-drivent/src/utils/request.ts","statementMap":{"0":{"start":{"line":1,"column":0},"end":{"line":1,"column":26}},"1":{"start":{"line":2,"column":0},"end":{"line":2,"column":40}},"2":{"start":{"line":5,"column":2},"end":{"line":11,"column":null}},"3":{"start":{"line":6,"column":19},"end":{"line":6,"column":39}},"4":{"start":{"line":7,"column":4},"end":{"line":7,"column":18}},"5":{"start":{"line":9,"column":35},"end":{"line":9,"column":49}},"6":{"start":{"line":10,"column":4},"end":{"line":10,"column":43}},"7":{"start":{"line":14,"column":13},"end":{"line":16,"column":2}}},"fnMap":{"0":{"name":"get","decl":{"start":{"line":4,"column":15},"end":{"line":4,"column":18}},"loc":{"start":{"line":4,"column":30},"end":{"line":12,"column":1}}}},"branchMap":{},"s":{"0":12,"1":12,"2":4,"3":4,"4":3,"5":1,"6":1,"7":12},"f":{"0":4},"b":{}}
}
