{"/home/thiago-arend/driven/projetos/projeto21-drivent/src/app.ts": {"path":"/home/thiago-arend/driven/projetos/projeto21-drivent/src/app.ts","statementMap":{"0":{"start":{"line":1,"column":0},"end":{"line":1,"column":26}},"1":{"start":{"line":2,"column":0},"end":{"line":2,"column":30}},"2":{"start":{"line":3,"column":0},"end":{"line":3,"column":43}},"3":{"start":{"line":4,"column":0},"end":{"line":4,"column":24}},"4":{"start":{"line":5,"column":0},"end":{"line":5,"column":56}},"5":{"start":{"line":6,"column":0},"end":{"line":6,"column":null}},"6":{"start":{"line":15,"column":0},"end":{"line":15,"column":60}},"7":{"start":{"line":17,"column":0},"end":{"line":17,"column":10}},"8":{"start":{"line":19,"column":12},"end":{"line":19,"column":21}},"9":{"start":{"line":20,"column":0},"end":{"line":31,"column":32}},"10":{"start":{"line":23,"column":33},"end":{"line":23,"column":48}},"11":{"start":{"line":34,"column":2},"end":{"line":34,"column":14}},"12":{"start":{"line":35,"column":2},"end":{"line":35,"column":30}},"13":{"start":{"line":33,"column":0},"end":{"line":33,"column":16}},"14":{"start":{"line":39,"column":2},"end":{"line":39,"column":23}},"15":{"start":{"line":38,"column":0},"end":{"line":38,"column":7}},"16":{"start":{"line":42,"column":0},"end":{"line":42,"column":19}}},"fnMap":{"0":{"name":"(anonymous_1)","decl":{"start":{"line":23,"column":18},"end":{"line":23,"column":19}},"loc":{"start":{"line":23,"column":33},"end":{"line":23,"column":48}}},"1":{"name":"init","decl":{"start":{"line":33,"column":16},"end":{"line":33,"column":20}},"loc":{"start":{"line":33,"column":20},"end":{"line":36,"column":1}}},"2":{"name":"close","decl":{"start":{"line":38,"column":22},"end":{"line":38,"column":27}},"loc":{"start":{"line":38,"column":27},"end":{"line":40,"column":1}}}},"branchMap":{},"s":{"0":1,"1":1,"2":1,"3":1,"4":1,"5":1,"6":1,"7":1,"8":1,"9":1,"10":0,"11":1,"12":1,"13":1,"14":0,"15":1,"16":1},"f":{"0":0,"1":1,"2":0},"b":{}}
,"/home/thiago-arend/driven/projetos/projeto21-drivent/src/config/database.ts": {"path":"/home/thiago-arend/driven/projetos/projeto21-drivent/src/config/database.ts","statementMap":{"0":{"start":{"line":1,"column":0},"end":{"line":1,"column":46}},"1":{"start":{"line":5,"column":2},"end":{"line":5,"column":30}},"2":{"start":{"line":4,"column":0},"end":{"line":4,"column":16}},"3":{"start":{"line":9,"column":2},"end":{"line":9,"column":30}},"4":{"start":{"line":8,"column":0},"end":{"line":8,"column":7}}},"fnMap":{"0":{"name":"connectDb","decl":{"start":{"line":4,"column":16},"end":{"line":4,"column":25}},"loc":{"start":{"line":4,"column":25},"end":{"line":6,"column":1}}},"1":{"name":"disconnectDB","decl":{"start":{"line":8,"column":22},"end":{"line":8,"column":34}},"loc":{"start":{"line":8,"column":34},"end":{"line":10,"column":1}}}},"branchMap":{},"s":{"0":1,"1":1,"2":1,"3":0,"4":1},"f":{"0":1,"1":0},"b":{}}
,"/home/thiago-arend/driven/projetos/projeto21-drivent/src/config/envs.ts": {"path":"/home/thiago-arend/driven/projetos/projeto21-drivent/src/config/envs.ts","statementMap":{"0":{"start":{"line":1,"column":0},"end":{"line":1,"column":28}},"1":{"start":{"line":2,"column":0},"end":{"line":2,"column":41}},"2":{"start":{"line":6,"column":4},"end":{"line":10,"column":14}},"3":{"start":{"line":12,"column":22},"end":{"line":12,"column":45}},"4":{"start":{"line":13,"column":2},"end":{"line":13,"column":35}},"5":{"start":{"line":4,"column":0},"end":{"line":4,"column":16}}},"fnMap":{"0":{"name":"loadEnv","decl":{"start":{"line":4,"column":16},"end":{"line":4,"column":23}},"loc":{"start":{"line":4,"column":23},"end":{"line":14,"column":1}}}},"branchMap":{"0":{"loc":{"start":{"line":6,"column":4},"end":{"line":10,"column":14}},"type":"cond-expr","locations":[{"start":{"line":7,"column":8},"end":{"line":7,"column":19}},{"start":{"line":8,"column":8},"end":{"line":10,"column":14}}]},"1":{"loc":{"start":{"line":8,"column":8},"end":{"line":10,"column":14}},"type":"cond-expr","locations":[{"start":{"line":9,"column":8},"end":{"line":9,"column":26}},{"start":{"line":10,"column":8},"end":{"line":10,"column":14}}]}},"s":{"0":1,"1":1,"2":2,"3":2,"4":2,"5":1},"f":{"0":2},"b":{"0":[2,0],"1":[0,0]}}
,"/home/thiago-arend/driven/projetos/projeto21-drivent/src/config/index.ts": {"path":"/home/thiago-arend/driven/projetos/projeto21-drivent/src/config/index.ts","statementMap":{"0":{"start":{"line":1,"column":0},"end":{"line":1,"column":23}},"1":{"start":{"line":2,"column":0},"end":{"line":2,"column":27}}},"fnMap":{},"branchMap":{},"s":{"0":1,"1":1},"f":{},"b":{}}
,"/home/thiago-arend/driven/projetos/projeto21-drivent/src/controllers/authentication-controller.ts": {"path":"/home/thiago-arend/driven/projetos/projeto21-drivent/src/controllers/authentication-controller.ts","statementMap":{"0":{"start":{"line":2,"column":0},"end":{"line":2,"column":37}},"1":{"start":{"line":3,"column":0},"end":{"line":3,"column":65}},"2":{"start":{"line":6,"column":30},"end":{"line":6,"column":54}},"3":{"start":{"line":8,"column":17},"end":{"line":8,"column":72}},"4":{"start":{"line":10,"column":2},"end":{"line":10,"column":48}},"5":{"start":{"line":5,"column":0},"end":{"line":5,"column":7}}},"fnMap":{"0":{"name":"singInPost","decl":{"start":{"line":5,"column":22},"end":{"line":5,"column":32}},"loc":{"start":{"line":5,"column":60},"end":{"line":11,"column":1}}}},"branchMap":{},"s":{"0":1,"1":1,"2":0,"3":0,"4":0,"5":1},"f":{"0":0},"b":{}}
,"/home/thiago-arend/driven/projetos/projeto21-drivent/src/controllers/enrollments-controller.ts": {"path":"/home/thiago-arend/driven/projetos/projeto21-drivent/src/controllers/enrollments-controller.ts","statementMap":{"0":{"start":{"line":2,"column":0},"end":{"line":2,"column":37}},"1":{"start":{"line":4,"column":0},"end":{"line":4,"column":48}},"2":{"start":{"line":8,"column":21},"end":{"line":8,"column":24}},"3":{"start":{"line":10,"column":32},"end":{"line":10,"column":90}},"4":{"start":{"line":12,"column":2},"end":{"line":12,"column":63}},"5":{"start":{"line":7,"column":0},"end":{"line":7,"column":7}},"6":{"start":{"line":16,"column":2},"end":{"line":19,"column":5}},"7":{"start":{"line":21,"column":2},"end":{"line":21,"column":39}},"8":{"start":{"line":15,"column":0},"end":{"line":15,"column":7}},"9":{"start":{"line":25,"column":18},"end":{"line":25,"column":34}},"10":{"start":{"line":27,"column":18},"end":{"line":27,"column":65}},"11":{"start":{"line":28,"column":2},"end":{"line":28,"column":42}},"12":{"start":{"line":24,"column":0},"end":{"line":24,"column":7}}},"fnMap":{"0":{"name":"getEnrollmentByUser","decl":{"start":{"line":7,"column":22},"end":{"line":7,"column":41}},"loc":{"start":{"line":7,"column":82},"end":{"line":13,"column":1}}},"1":{"name":"postCreateOrUpdateEnrollment","decl":{"start":{"line":15,"column":22},"end":{"line":15,"column":50}},"loc":{"start":{"line":15,"column":91},"end":{"line":22,"column":1}}},"2":{"name":"getAddressFromCEP","decl":{"start":{"line":24,"column":22},"end":{"line":24,"column":39}},"loc":{"start":{"line":24,"column":80},"end":{"line":29,"column":1}}}},"branchMap":{},"s":{"0":1,"1":1,"2":0,"3":0,"4":0,"5":1,"6":0,"7":0,"8":1,"9":0,"10":0,"11":0,"12":1},"f":{"0":0,"1":0,"2":0},"b":{}}
,"/home/thiago-arend/driven/projetos/projeto21-drivent/src/controllers/events-controller.ts": {"path":"/home/thiago-arend/driven/projetos/projeto21-drivent/src/controllers/events-controller.ts","statementMap":{"0":{"start":{"line":2,"column":0},"end":{"line":2,"column":37}},"1":{"start":{"line":3,"column":0},"end":{"line":3,"column":43}},"2":{"start":{"line":6,"column":16},"end":{"line":6,"column":51}},"3":{"start":{"line":7,"column":2},"end":{"line":7,"column":47}},"4":{"start":{"line":5,"column":0},"end":{"line":5,"column":7}}},"fnMap":{"0":{"name":"getDefaultEvent","decl":{"start":{"line":5,"column":22},"end":{"line":5,"column":37}},"loc":{"start":{"line":5,"column":66},"end":{"line":8,"column":1}}}},"branchMap":{},"s":{"0":1,"1":1,"2":0,"3":0,"4":1},"f":{"0":0},"b":{}}
,"/home/thiago-arend/driven/projetos/projeto21-drivent/src/controllers/hotels-controller.ts": {"path":"/home/thiago-arend/driven/projetos/projeto21-drivent/src/controllers/hotels-controller.ts","statementMap":{"0":{"start":{"line":2,"column":0},"end":{"line":2,"column":37}},"1":{"start":{"line":4,"column":0},"end":{"line":4,"column":43}},"2":{"start":{"line":7,"column":17},"end":{"line":7,"column":58}},"3":{"start":{"line":9,"column":2},"end":{"line":9,"column":41}},"4":{"start":{"line":6,"column":0},"end":{"line":6,"column":7}},"5":{"start":{"line":13,"column":22},"end":{"line":13,"column":32}},"6":{"start":{"line":15,"column":25},"end":{"line":15,"column":91}},"7":{"start":{"line":17,"column":2},"end":{"line":17,"column":49}},"8":{"start":{"line":12,"column":0},"end":{"line":12,"column":7}},"9":{"start":{"line":20,"column":13},"end":{"line":20,"column":65}}},"fnMap":{"0":{"name":"getHotels","decl":{"start":{"line":6,"column":22},"end":{"line":6,"column":31}},"loc":{"start":{"line":6,"column":72},"end":{"line":10,"column":1}}},"1":{"name":"getHotelWithRooms","decl":{"start":{"line":12,"column":22},"end":{"line":12,"column":39}},"loc":{"start":{"line":12,"column":80},"end":{"line":18,"column":1}}}},"branchMap":{},"s":{"0":1,"1":1,"2":14,"3":1,"4":1,"5":4,"6":4,"7":1,"8":1,"9":1},"f":{"0":14,"1":4},"b":{}}
,"/home/thiago-arend/driven/projetos/projeto21-drivent/src/controllers/index.ts": {"path":"/home/thiago-arend/driven/projetos/projeto21-drivent/src/controllers/index.ts","statementMap":{"0":{"start":{"line":1,"column":0},"end":{"line":1,"column":35}},"1":{"start":{"line":2,"column":0},"end":{"line":2,"column":44}},"2":{"start":{"line":3,"column":0},"end":{"line":3,"column":36}},"3":{"start":{"line":4,"column":0},"end":{"line":4,"column":41}},"4":{"start":{"line":5,"column":0},"end":{"line":5,"column":37}},"5":{"start":{"line":6,"column":0},"end":{"line":6,"column":38}},"6":{"start":{"line":7,"column":0},"end":{"line":7,"column":36}}},"fnMap":{},"branchMap":{},"s":{"0":1,"1":1,"2":1,"3":1,"4":1,"5":1,"6":1},"f":{},"b":{}}
,"/home/thiago-arend/driven/projetos/projeto21-drivent/src/controllers/payments-controller.ts": {"path":"/home/thiago-arend/driven/projetos/projeto21-drivent/src/controllers/payments-controller.ts","statementMap":{"0":{"start":{"line":2,"column":0},"end":{"line":2,"column":37}},"1":{"start":{"line":5,"column":0},"end":{"line":5,"column":45}},"2":{"start":{"line":8,"column":19},"end":{"line":8,"column":45}},"3":{"start":{"line":9,"column":21},"end":{"line":9,"column":24}},"4":{"start":{"line":11,"column":18},"end":{"line":11,"column":78}},"5":{"start":{"line":12,"column":2},"end":{"line":12,"column":49}},"6":{"start":{"line":7,"column":0},"end":{"line":7,"column":7}},"7":{"start":{"line":16,"column":21},"end":{"line":16,"column":24}},"8":{"start":{"line":17,"column":33},"end":{"line":17,"column":61}},"9":{"start":{"line":19,"column":18},"end":{"line":19,"column":82}},"10":{"start":{"line":20,"column":2},"end":{"line":20,"column":42}},"11":{"start":{"line":15,"column":0},"end":{"line":15,"column":7}}},"fnMap":{"0":{"name":"getPaymentByTicketId","decl":{"start":{"line":7,"column":22},"end":{"line":7,"column":42}},"loc":{"start":{"line":7,"column":83},"end":{"line":13,"column":1}}},"1":{"name":"paymentProcess","decl":{"start":{"line":15,"column":22},"end":{"line":15,"column":36}},"loc":{"start":{"line":15,"column":77},"end":{"line":21,"column":1}}}},"branchMap":{},"s":{"0":1,"1":1,"2":0,"3":0,"4":0,"5":0,"6":1,"7":0,"8":0,"9":0,"10":0,"11":1},"f":{"0":0,"1":0},"b":{}}
,"/home/thiago-arend/driven/projetos/projeto21-drivent/src/controllers/tickets-controller.ts": {"path":"/home/thiago-arend/driven/projetos/projeto21-drivent/src/controllers/tickets-controller.ts","statementMap":{"0":{"start":{"line":2,"column":0},"end":{"line":2,"column":37}},"1":{"start":{"line":4,"column":0},"end":{"line":4,"column":44}},"2":{"start":{"line":8,"column":22},"end":{"line":8,"column":60}},"3":{"start":{"line":9,"column":2},"end":{"line":9,"column":53}},"4":{"start":{"line":7,"column":0},"end":{"line":7,"column":7}},"5":{"start":{"line":13,"column":21},"end":{"line":13,"column":24}},"6":{"start":{"line":14,"column":17},"end":{"line":14,"column":63}},"7":{"start":{"line":15,"column":2},"end":{"line":15,"column":41}},"8":{"start":{"line":12,"column":0},"end":{"line":12,"column":7}},"9":{"start":{"line":19,"column":21},"end":{"line":19,"column":24}},"10":{"start":{"line":20,"column":27},"end":{"line":20,"column":54}},"11":{"start":{"line":22,"column":17},"end":{"line":22,"column":72}},"12":{"start":{"line":23,"column":2},"end":{"line":23,"column":53}},"13":{"start":{"line":18,"column":0},"end":{"line":18,"column":7}}},"fnMap":{"0":{"name":"getTicketTypes","decl":{"start":{"line":7,"column":22},"end":{"line":7,"column":36}},"loc":{"start":{"line":7,"column":77},"end":{"line":10,"column":1}}},"1":{"name":"getTicket","decl":{"start":{"line":12,"column":22},"end":{"line":12,"column":31}},"loc":{"start":{"line":12,"column":72},"end":{"line":16,"column":1}}},"2":{"name":"createTicket","decl":{"start":{"line":18,"column":22},"end":{"line":18,"column":34}},"loc":{"start":{"line":18,"column":75},"end":{"line":24,"column":1}}}},"branchMap":{},"s":{"0":1,"1":1,"2":0,"3":0,"4":1,"5":0,"6":0,"7":0,"8":1,"9":0,"10":0,"11":0,"12":0,"13":1},"f":{"0":0,"1":0,"2":0},"b":{}}
,"/home/thiago-arend/driven/projetos/projeto21-drivent/src/controllers/users-controller.ts": {"path":"/home/thiago-arend/driven/projetos/projeto21-drivent/src/controllers/users-controller.ts","statementMap":{"0":{"start":{"line":2,"column":0},"end":{"line":2,"column":37}},"1":{"start":{"line":3,"column":0},"end":{"line":3,"column":41}},"2":{"start":{"line":6,"column":30},"end":{"line":6,"column":38}},"3":{"start":{"line":8,"column":15},"end":{"line":8,"column":64}},"4":{"start":{"line":10,"column":2},"end":{"line":13,"column":5}},"5":{"start":{"line":5,"column":0},"end":{"line":5,"column":7}}},"fnMap":{"0":{"name":"usersPost","decl":{"start":{"line":5,"column":22},"end":{"line":5,"column":31}},"loc":{"start":{"line":5,"column":59},"end":{"line":14,"column":1}}}},"branchMap":{},"s":{"0":1,"1":1,"2":0,"3":0,"4":0,"5":1},"f":{"0":0},"b":{}}
,"/home/thiago-arend/driven/projetos/projeto21-drivent/src/errors/cannot-enroll-before-start-date-error.ts": {"path":"/home/thiago-arend/driven/projetos/projeto21-drivent/src/errors/cannot-enroll-before-start-date-error.ts","statementMap":{"0":{"start":{"line":4,"column":2},"end":{"line":7,"column":4}},"1":{"start":{"line":3,"column":0},"end":{"line":3,"column":16}}},"fnMap":{"0":{"name":"cannotEnrollBeforeStartDateError","decl":{"start":{"line":3,"column":16},"end":{"line":3,"column":48}},"loc":{"start":{"line":3,"column":48},"end":{"line":8,"column":1}}}},"branchMap":{},"s":{"0":0,"1":1},"f":{"0":0},"b":{}}
,"/home/thiago-arend/driven/projetos/projeto21-drivent/src/errors/conflict-error.ts": {"path":"/home/thiago-arend/driven/projetos/projeto21-drivent/src/errors/conflict-error.ts","statementMap":{"0":{"start":{"line":4,"column":2},"end":{"line":7,"column":4}},"1":{"start":{"line":3,"column":0},"end":{"line":3,"column":16}}},"fnMap":{"0":{"name":"conflictError","decl":{"start":{"line":3,"column":16},"end":{"line":3,"column":29}},"loc":{"start":{"line":3,"column":45},"end":{"line":8,"column":1}}}},"branchMap":{},"s":{"0":0,"1":1},"f":{"0":0},"b":{}}
,"/home/thiago-arend/driven/projetos/projeto21-drivent/src/errors/duplicate-email-error.ts": {"path":"/home/thiago-arend/driven/projetos/projeto21-drivent/src/errors/duplicate-email-error.ts","statementMap":{"0":{"start":{"line":4,"column":2},"end":{"line":7,"column":4}},"1":{"start":{"line":3,"column":0},"end":{"line":3,"column":16}}},"fnMap":{"0":{"name":"duplicatedEmailError","decl":{"start":{"line":3,"column":16},"end":{"line":3,"column":36}},"loc":{"start":{"line":3,"column":36},"end":{"line":8,"column":1}}}},"branchMap":{},"s":{"0":0,"1":1},"f":{"0":0},"b":{}}
,"/home/thiago-arend/driven/projetos/projeto21-drivent/src/errors/enrollment-not-found-error.ts": {"path":"/home/thiago-arend/driven/projetos/projeto21-drivent/src/errors/enrollment-not-found-error.ts","statementMap":{"0":{"start":{"line":4,"column":2},"end":{"line":7,"column":4}},"1":{"start":{"line":3,"column":0},"end":{"line":3,"column":16}}},"fnMap":{"0":{"name":"enrollmentNotFoundError","decl":{"start":{"line":3,"column":16},"end":{"line":3,"column":39}},"loc":{"start":{"line":3,"column":39},"end":{"line":8,"column":1}}}},"branchMap":{},"s":{"0":0,"1":1},"f":{"0":0},"b":{}}
,"/home/thiago-arend/driven/projetos/projeto21-drivent/src/errors/index.ts": {"path":"/home/thiago-arend/driven/projetos/projeto21-drivent/src/errors/index.ts","statementMap":{"0":{"start":{"line":1,"column":0},"end":{"line":1,"column":56}},"1":{"start":{"line":2,"column":0},"end":{"line":2,"column":33}},"2":{"start":{"line":3,"column":0},"end":{"line":3,"column":37}},"3":{"start":{"line":4,"column":0},"end":{"line":4,"column":38}},"4":{"start":{"line":5,"column":0},"end":{"line":5,"column":34}},"5":{"start":{"line":6,"column":0},"end":{"line":6,"column":37}},"6":{"start":{"line":7,"column":0},"end":{"line":7,"column":32}},"7":{"start":{"line":8,"column":0},"end":{"line":8,"column":44}},"8":{"start":{"line":9,"column":0},"end":{"line":9,"column":40}},"9":{"start":{"line":10,"column":0},"end":{"line":10,"column":45}},"10":{"start":{"line":11,"column":0},"end":{"line":11,"column":36}}},"fnMap":{},"branchMap":{},"s":{"0":1,"1":1,"2":1,"3":1,"4":1,"5":1,"6":1,"7":1,"8":1,"9":1,"10":1},"f":{},"b":{}}
,"/home/thiago-arend/driven/projetos/projeto21-drivent/src/errors/invalid-cep-error.ts": {"path":"/home/thiago-arend/driven/projetos/projeto21-drivent/src/errors/invalid-cep-error.ts","statementMap":{"0":{"start":{"line":4,"column":2},"end":{"line":7,"column":4}},"1":{"start":{"line":3,"column":0},"end":{"line":3,"column":16}}},"fnMap":{"0":{"name":"invalidCepError","decl":{"start":{"line":3,"column":16},"end":{"line":3,"column":31}},"loc":{"start":{"line":3,"column":31},"end":{"line":8,"column":1}}}},"branchMap":{},"s":{"0":0,"1":1},"f":{"0":0},"b":{}}
,"/home/thiago-arend/driven/projetos/projeto21-drivent/src/errors/invalid-credentials-error.ts": {"path":"/home/thiago-arend/driven/projetos/projeto21-drivent/src/errors/invalid-credentials-error.ts","statementMap":{"0":{"start":{"line":4,"column":2},"end":{"line":7,"column":4}},"1":{"start":{"line":3,"column":0},"end":{"line":3,"column":16}}},"fnMap":{"0":{"name":"invalidCredentialsError","decl":{"start":{"line":3,"column":16},"end":{"line":3,"column":39}},"loc":{"start":{"line":3,"column":39},"end":{"line":8,"column":1}}}},"branchMap":{},"s":{"0":0,"1":1},"f":{"0":0},"b":{}}
,"/home/thiago-arend/driven/projetos/projeto21-drivent/src/errors/invalid-data-error.ts": {"path":"/home/thiago-arend/driven/projetos/projeto21-drivent/src/errors/invalid-data-error.ts","statementMap":{"0":{"start":{"line":4,"column":2},"end":{"line":7,"column":4}},"1":{"start":{"line":3,"column":0},"end":{"line":3,"column":16}}},"fnMap":{"0":{"name":"invalidDataError","decl":{"start":{"line":3,"column":16},"end":{"line":3,"column":32}},"loc":{"start":{"line":3,"column":48},"end":{"line":8,"column":1}}}},"branchMap":{},"s":{"0":0,"1":1},"f":{"0":0},"b":{}}
,"/home/thiago-arend/driven/projetos/projeto21-drivent/src/errors/invalid-email-error.ts": {"path":"/home/thiago-arend/driven/projetos/projeto21-drivent/src/errors/invalid-email-error.ts","statementMap":{"0":{"start":{"line":4,"column":2},"end":{"line":8,"column":4}},"1":{"start":{"line":3,"column":0},"end":{"line":3,"column":16}}},"fnMap":{"0":{"name":"invalidEmailError","decl":{"start":{"line":3,"column":16},"end":{"line":3,"column":33}},"loc":{"start":{"line":3,"column":47},"end":{"line":9,"column":1}}}},"branchMap":{},"s":{"0":0,"1":1},"f":{"0":0},"b":{}}
,"/home/thiago-arend/driven/projetos/projeto21-drivent/src/errors/not-found-error.ts": {"path":"/home/thiago-arend/driven/projetos/projeto21-drivent/src/errors/not-found-error.ts","statementMap":{"0":{"start":{"line":4,"column":2},"end":{"line":7,"column":4}},"1":{"start":{"line":3,"column":0},"end":{"line":3,"column":16}}},"fnMap":{"0":{"name":"notFoundError","decl":{"start":{"line":3,"column":16},"end":{"line":3,"column":29}},"loc":{"start":{"line":3,"column":29},"end":{"line":8,"column":1}}}},"branchMap":{},"s":{"0":10,"1":1},"f":{"0":10},"b":{}}
,"/home/thiago-arend/driven/projetos/projeto21-drivent/src/errors/payment-required-error.ts": {"path":"/home/thiago-arend/driven/projetos/projeto21-drivent/src/errors/payment-required-error.ts","statementMap":{"0":{"start":{"line":4,"column":2},"end":{"line":7,"column":4}},"1":{"start":{"line":3,"column":0},"end":{"line":3,"column":16}}},"fnMap":{"0":{"name":"paymentRequiredError","decl":{"start":{"line":3,"column":16},"end":{"line":3,"column":36}},"loc":{"start":{"line":3,"column":36},"end":{"line":8,"column":1}}}},"branchMap":{},"s":{"0":6,"1":1},"f":{"0":6},"b":{}}
,"/home/thiago-arend/driven/projetos/projeto21-drivent/src/errors/request-error.ts": {"path":"/home/thiago-arend/driven/projetos/projeto21-drivent/src/errors/request-error.ts","statementMap":{"0":{"start":{"line":4,"column":2},"end":{"line":10,"column":4}},"1":{"start":{"line":3,"column":0},"end":{"line":3,"column":16}}},"fnMap":{"0":{"name":"requestError","decl":{"start":{"line":3,"column":16},"end":{"line":3,"column":28}},"loc":{"start":{"line":3,"column":63},"end":{"line":11,"column":1}}}},"branchMap":{},"s":{"0":0,"1":1},"f":{"0":0},"b":{}}
,"/home/thiago-arend/driven/projetos/projeto21-drivent/src/errors/unauthorized-error.ts": {"path":"/home/thiago-arend/driven/projetos/projeto21-drivent/src/errors/unauthorized-error.ts","statementMap":{"0":{"start":{"line":4,"column":2},"end":{"line":7,"column":4}},"1":{"start":{"line":3,"column":0},"end":{"line":3,"column":16}}},"fnMap":{"0":{"name":"unauthorizedError","decl":{"start":{"line":3,"column":16},"end":{"line":3,"column":33}},"loc":{"start":{"line":3,"column":33},"end":{"line":8,"column":1}}}},"branchMap":{},"s":{"0":4,"1":1},"f":{"0":4},"b":{}}
,"/home/thiago-arend/driven/projetos/projeto21-drivent/src/middlewares/authentication-middleware.ts": {"path":"/home/thiago-arend/driven/projetos/projeto21-drivent/src/middlewares/authentication-middleware.ts","statementMap":{"0":{"start":{"line":2,"column":0},"end":{"line":2,"column":36}},"1":{"start":{"line":3,"column":0},"end":{"line":3,"column":45}},"2":{"start":{"line":4,"column":0},"end":{"line":4,"column":58}},"3":{"start":{"line":7,"column":21},"end":{"line":7,"column":48}},"4":{"start":{"line":8,"column":2},"end":{"line":8,"column":45}},"5":{"start":{"line":8,"column":19},"end":{"line":8,"column":45}},"6":{"start":{"line":10,"column":16},"end":{"line":10,"column":40}},"7":{"start":{"line":11,"column":2},"end":{"line":11,"column":40}},"8":{"start":{"line":11,"column":14},"end":{"line":11,"column":40}},"9":{"start":{"line":13,"column":21},"end":{"line":13,"column":76}},"10":{"start":{"line":15,"column":18},"end":{"line":15,"column":67}},"11":{"start":{"line":16,"column":2},"end":{"line":16,"column":42}},"12":{"start":{"line":16,"column":16},"end":{"line":16,"column":42}},"13":{"start":{"line":18,"column":2},"end":{"line":18,"column":22}},"14":{"start":{"line":19,"column":2},"end":{"line":19,"column":9}},"15":{"start":{"line":6,"column":0},"end":{"line":6,"column":7}}},"fnMap":{"0":{"name":"authenticateToken","decl":{"start":{"line":6,"column":22},"end":{"line":6,"column":39}},"loc":{"start":{"line":6,"column":100},"end":{"line":20,"column":1}}}},"branchMap":{"0":{"loc":{"start":{"line":8,"column":2},"end":{"line":8,"column":45}},"type":"if","locations":[{"start":{"line":8,"column":2},"end":{"line":8,"column":45}}]},"1":{"loc":{"start":{"line":11,"column":2},"end":{"line":11,"column":40}},"type":"if","locations":[{"start":{"line":11,"column":2},"end":{"line":11,"column":40}}]},"2":{"loc":{"start":{"line":16,"column":2},"end":{"line":16,"column":42}},"type":"if","locations":[{"start":{"line":16,"column":2},"end":{"line":16,"column":42}}]}},"s":{"0":1,"1":1,"2":1,"3":24,"4":24,"5":2,"6":22,"7":22,"8":0,"9":22,"10":20,"11":20,"12":2,"13":18,"14":18,"15":1},"f":{"0":24},"b":{"0":[2],"1":[0],"2":[2]}}
,"/home/thiago-arend/driven/projetos/projeto21-drivent/src/middlewares/error-handling-middleware.ts": {"path":"/home/thiago-arend/driven/projetos/projeto21-drivent/src/middlewares/error-handling-middleware.ts","statementMap":{"0":{"start":{"line":2,"column":0},"end":{"line":2,"column":37}},"1":{"start":{"line":11,"column":2},"end":{"line":15,"column":null}},"2":{"start":{"line":12,"column":4},"end":{"line":14,"column":7}},"3":{"start":{"line":17,"column":2},"end":{"line":21,"column":null}},"4":{"start":{"line":18,"column":4},"end":{"line":20,"column":7}},"5":{"start":{"line":23,"column":2},"end":{"line":27,"column":null}},"6":{"start":{"line":24,"column":4},"end":{"line":26,"column":7}},"7":{"start":{"line":29,"column":2},"end":{"line":33,"column":null}},"8":{"start":{"line":30,"column":4},"end":{"line":32,"column":7}},"9":{"start":{"line":35,"column":2},"end":{"line":39,"column":null}},"10":{"start":{"line":36,"column":4},"end":{"line":38,"column":7}},"11":{"start":{"line":41,"column":2},"end":{"line":45,"column":null}},"12":{"start":{"line":42,"column":4},"end":{"line":44,"column":7}},"13":{"start":{"line":47,"column":2},"end":{"line":51,"column":null}},"14":{"start":{"line":48,"column":4},"end":{"line":50,"column":7}},"15":{"start":{"line":53,"column":2},"end":{"line":55,"column":null}},"16":{"start":{"line":54,"column":4},"end":{"line":54,"column":50}},"17":{"start":{"line":57,"column":2},"end":{"line":59,"column":null}},"18":{"start":{"line":58,"column":4},"end":{"line":58,"column":64}},"19":{"start":{"line":61,"column":2},"end":{"line":63,"column":null}},"20":{"start":{"line":62,"column":4},"end":{"line":62,"column":69}},"21":{"start":{"line":65,"column":2},"end":{"line":69,"column":null}},"22":{"start":{"line":66,"column":4},"end":{"line":68,"column":7}},"23":{"start":{"line":72,"column":2},"end":{"line":72,"column":21}},"24":{"start":{"line":73,"column":2},"end":{"line":76,"column":5}},"25":{"start":{"line":5,"column":0},"end":{"line":5,"column":16}}},"fnMap":{"0":{"name":"handleApplicationErrors","decl":{"start":{"line":5,"column":16},"end":{"line":5,"column":39}},"loc":{"start":{"line":9,"column":20},"end":{"line":77,"column":1}}}},"branchMap":{"0":{"loc":{"start":{"line":11,"column":2},"end":{"line":15,"column":null}},"type":"if","locations":[{"start":{"line":11,"column":2},"end":{"line":15,"column":null}}]},"1":{"loc":{"start":{"line":17,"column":2},"end":{"line":21,"column":null}},"type":"if","locations":[{"start":{"line":17,"column":2},"end":{"line":21,"column":null}}]},"2":{"loc":{"start":{"line":17,"column":6},"end":{"line":17,"column":73}},"type":"binary-expr","locations":[{"start":{"line":17,"column":6},"end":{"line":17,"column":34}},{"start":{"line":17,"column":38},"end":{"line":17,"column":73}}]},"3":{"loc":{"start":{"line":23,"column":2},"end":{"line":27,"column":null}},"type":"if","locations":[{"start":{"line":23,"column":2},"end":{"line":27,"column":null}}]},"4":{"loc":{"start":{"line":23,"column":6},"end":{"line":23,"column":80}},"type":"binary-expr","locations":[{"start":{"line":23,"column":6},"end":{"line":23,"column":44}},{"start":{"line":23,"column":48},"end":{"line":23,"column":80}}]},"5":{"loc":{"start":{"line":29,"column":2},"end":{"line":33,"column":null}},"type":"if","locations":[{"start":{"line":29,"column":2},"end":{"line":33,"column":null}}]},"6":{"loc":{"start":{"line":35,"column":2},"end":{"line":39,"column":null}},"type":"if","locations":[{"start":{"line":35,"column":2},"end":{"line":39,"column":null}}]},"7":{"loc":{"start":{"line":41,"column":2},"end":{"line":45,"column":null}},"type":"if","locations":[{"start":{"line":41,"column":2},"end":{"line":45,"column":null}}]},"8":{"loc":{"start":{"line":47,"column":2},"end":{"line":51,"column":null}},"type":"if","locations":[{"start":{"line":47,"column":2},"end":{"line":51,"column":null}}]},"9":{"loc":{"start":{"line":53,"column":2},"end":{"line":55,"column":null}},"type":"if","locations":[{"start":{"line":53,"column":2},"end":{"line":55,"column":null}}]},"10":{"loc":{"start":{"line":57,"column":2},"end":{"line":59,"column":null}},"type":"if","locations":[{"start":{"line":57,"column":2},"end":{"line":59,"column":null}}]},"11":{"loc":{"start":{"line":61,"column":2},"end":{"line":63,"column":null}},"type":"if","locations":[{"start":{"line":61,"column":2},"end":{"line":63,"column":null}}]},"12":{"loc":{"start":{"line":65,"column":2},"end":{"line":69,"column":null}},"type":"if","locations":[{"start":{"line":65,"column":2},"end":{"line":69,"column":null}}]},"13":{"loc":{"start":{"line":65,"column":6},"end":{"line":65,"column":65}},"type":"binary-expr","locations":[{"start":{"line":65,"column":6},"end":{"line":65,"column":34}},{"start":{"line":65,"column":38},"end":{"line":65,"column":65}}]}},"s":{"0":1,"1":22,"2":0,"3":22,"4":0,"5":22,"6":2,"7":20,"8":0,"9":20,"10":10,"11":10,"12":0,"13":10,"14":4,"15":6,"16":0,"17":6,"18":0,"19":6,"20":6,"21":0,"22":0,"23":0,"24":0,"25":1},"f":{"0":22},"b":{"0":[0],"1":[0],"2":[22,22],"3":[2],"4":[22,22],"5":[0],"6":[10],"7":[0],"8":[4],"9":[0],"10":[0],"11":[6],"12":[0],"13":[0,0]}}
,"/home/thiago-arend/driven/projetos/projeto21-drivent/src/middlewares/index.ts": {"path":"/home/thiago-arend/driven/projetos/projeto21-drivent/src/middlewares/index.ts","statementMap":{"0":{"start":{"line":1,"column":0},"end":{"line":1,"column":44}},"1":{"start":{"line":2,"column":0},"end":{"line":2,"column":40}},"2":{"start":{"line":3,"column":0},"end":{"line":3,"column":44}}},"fnMap":{},"branchMap":{},"s":{"0":1,"1":1,"2":1},"f":{},"b":{}}
,"/home/thiago-arend/driven/projetos/projeto21-drivent/src/middlewares/validation-middleware.ts": {"path":"/home/thiago-arend/driven/projetos/projeto21-drivent/src/middlewares/validation-middleware.ts","statementMap":{"0":{"start":{"line":3,"column":0},"end":{"line":3,"column":44}},"1":{"start":{"line":6,"column":2},"end":{"line":6,"column":34}},"2":{"start":{"line":5,"column":0},"end":{"line":5,"column":16}},"3":{"start":{"line":10,"column":2},"end":{"line":10,"column":36}},"4":{"start":{"line":9,"column":0},"end":{"line":9,"column":16}},"5":{"start":{"line":14,"column":2},"end":{"line":26,"column":4}},"6":{"start":{"line":15,"column":22},"end":{"line":17,"column":6}},"7":{"start":{"line":19,"column":4},"end":{"line":25,"column":null}},"8":{"start":{"line":20,"column":6},"end":{"line":20,"column":13}},"9":{"start":{"line":22,"column":25},"end":{"line":22,"column":27}},"10":{"start":{"line":23,"column":6},"end":{"line":23,"column":70}},"11":{"start":{"line":23,"column":36},"end":{"line":23,"column":67}},"12":{"start":{"line":24,"column":6},"end":{"line":24,"column":43}}},"fnMap":{"0":{"name":"validateBody","decl":{"start":{"line":5,"column":16},"end":{"line":5,"column":28}},"loc":{"start":{"line":5,"column":55},"end":{"line":7,"column":1}}},"1":{"name":"validateParams","decl":{"start":{"line":9,"column":16},"end":{"line":9,"column":30}},"loc":{"start":{"line":9,"column":57},"end":{"line":11,"column":1}}},"2":{"name":"validate","decl":{"start":{"line":13,"column":9},"end":{"line":13,"column":17}},"loc":{"start":{"line":13,"column":63},"end":{"line":27,"column":1}}},"3":{"name":"(anonymous_3)","decl":{"start":{"line":14,"column":9},"end":{"line":14,"column":10}},"loc":{"start":{"line":14,"column":61},"end":{"line":26,"column":3}}},"4":{"name":"(anonymous_4)","decl":{"start":{"line":23,"column":28},"end":{"line":23,"column":29}},"loc":{"start":{"line":23,"column":36},"end":{"line":23,"column":67}}}},"branchMap":{"0":{"loc":{"start":{"line":19,"column":4},"end":{"line":25,"column":null}},"type":"if","locations":[{"start":{"line":19,"column":4},"end":{"line":25,"column":null}},{"start":{"line":21,"column":11},"end":{"line":25,"column":null}}]}},"s":{"0":1,"1":5,"2":1,"3":0,"4":1,"5":5,"6":0,"7":0,"8":0,"9":0,"10":0,"11":0,"12":0},"f":{"0":5,"1":0,"2":5,"3":0,"4":0},"b":{"0":[0,0]}}
,"/home/thiago-arend/driven/projetos/projeto21-drivent/src/repositories/address-repository.ts": {"path":"/home/thiago-arend/driven/projetos/projeto21-drivent/src/repositories/address-repository.ts","statementMap":{"0":{"start":{"line":2,"column":0},"end":{"line":2,"column":34}},"1":{"start":{"line":5,"column":2},"end":{"line":14,"column":5}},"2":{"start":{"line":20,"column":13},"end":{"line":22,"column":2}}},"fnMap":{"0":{"name":"upsert","decl":{"start":{"line":4,"column":15},"end":{"line":4,"column":21}},"loc":{"start":{"line":4,"column":116},"end":{"line":15,"column":1}}}},"branchMap":{},"s":{"0":1,"1":0,"2":1},"f":{"0":0},"b":{}}
,"/home/thiago-arend/driven/projetos/projeto21-drivent/src/repositories/authentication-repository.ts": {"path":"/home/thiago-arend/driven/projetos/projeto21-drivent/src/repositories/authentication-repository.ts","statementMap":{"0":{"start":{"line":2,"column":0},"end":{"line":2,"column":34}},"1":{"start":{"line":5,"column":2},"end":{"line":7,"column":5}},"2":{"start":{"line":11,"column":2},"end":{"line":15,"column":5}},"3":{"start":{"line":18,"column":13},"end":{"line":21,"column":2}}},"fnMap":{"0":{"name":"createSession","decl":{"start":{"line":4,"column":15},"end":{"line":4,"column":28}},"loc":{"start":{"line":4,"column":69},"end":{"line":8,"column":1}}},"1":{"name":"findSession","decl":{"start":{"line":10,"column":15},"end":{"line":10,"column":26}},"loc":{"start":{"line":10,"column":40},"end":{"line":16,"column":1}}}},"branchMap":{},"s":{"0":1,"1":0,"2":20,"3":1},"f":{"0":0,"1":20},"b":{}}
,"/home/thiago-arend/driven/projetos/projeto21-drivent/src/repositories/enrollments-repository.ts": {"path":"/home/thiago-arend/driven/projetos/projeto21-drivent/src/repositories/enrollments-repository.ts","statementMap":{"0":{"start":{"line":2,"column":0},"end":{"line":2,"column":34}},"1":{"start":{"line":5,"column":2},"end":{"line":10,"column":5}},"2":{"start":{"line":18,"column":2},"end":{"line":24,"column":5}},"3":{"start":{"line":30,"column":13},"end":{"line":33,"column":2}}},"fnMap":{"0":{"name":"findWithAddressByUserId","decl":{"start":{"line":4,"column":15},"end":{"line":4,"column":38}},"loc":{"start":{"line":4,"column":53},"end":{"line":11,"column":1}}},"1":{"name":"upsert","decl":{"start":{"line":13,"column":15},"end":{"line":13,"column":21}},"loc":{"start":{"line":16,"column":43},"end":{"line":25,"column":1}}}},"branchMap":{},"s":{"0":1,"1":30,"2":0,"3":1},"f":{"0":30,"1":0},"b":{}}
,"/home/thiago-arend/driven/projetos/projeto21-drivent/src/repositories/events-repository.ts": {"path":"/home/thiago-arend/driven/projetos/projeto21-drivent/src/repositories/events-repository.ts","statementMap":{"0":{"start":{"line":1,"column":0},"end":{"line":1,"column":34}},"1":{"start":{"line":4,"column":2},"end":{"line":4,"column":34}},"2":{"start":{"line":7,"column":13},"end":{"line":9,"column":2}}},"fnMap":{"0":{"name":"findFirst","decl":{"start":{"line":3,"column":15},"end":{"line":3,"column":24}},"loc":{"start":{"line":3,"column":24},"end":{"line":5,"column":1}}}},"branchMap":{},"s":{"0":1,"1":0,"2":1},"f":{"0":0},"b":{}}
,"/home/thiago-arend/driven/projetos/projeto21-drivent/src/repositories/hotels-repository.ts": {"path":"/home/thiago-arend/driven/projetos/projeto21-drivent/src/repositories/hotels-repository.ts","statementMap":{"0":{"start":{"line":2,"column":0},"end":{"line":2,"column":34}},"1":{"start":{"line":6,"column":2},"end":{"line":6,"column":39}},"2":{"start":{"line":5,"column":0},"end":{"line":5,"column":7}},"3":{"start":{"line":10,"column":16},"end":{"line":13,"column":4}},"4":{"start":{"line":15,"column":2},"end":{"line":15,"column":15}},"5":{"start":{"line":9,"column":0},"end":{"line":9,"column":7}},"6":{"start":{"line":19,"column":16},"end":{"line":21,"column":4}},"7":{"start":{"line":23,"column":2},"end":{"line":23,"column":15}},"8":{"start":{"line":18,"column":0},"end":{"line":18,"column":7}},"9":{"start":{"line":27,"column":15},"end":{"line":29,"column":4}},"10":{"start":{"line":31,"column":2},"end":{"line":31,"column":14}},"11":{"start":{"line":26,"column":0},"end":{"line":26,"column":7}},"12":{"start":{"line":35,"column":18},"end":{"line":37,"column":4}},"13":{"start":{"line":39,"column":2},"end":{"line":39,"column":17}},"14":{"start":{"line":34,"column":0},"end":{"line":34,"column":7}},"15":{"start":{"line":42,"column":13},"end":{"line":42,"column":104}}},"fnMap":{"0":{"name":"getHotels","decl":{"start":{"line":5,"column":22},"end":{"line":5,"column":31}},"loc":{"start":{"line":5,"column":31},"end":{"line":7,"column":1}}},"1":{"name":"getHotelWithRooms","decl":{"start":{"line":9,"column":22},"end":{"line":9,"column":39}},"loc":{"start":{"line":9,"column":50},"end":{"line":16,"column":1}}},"2":{"name":"getHotel","decl":{"start":{"line":18,"column":22},"end":{"line":18,"column":30}},"loc":{"start":{"line":18,"column":41},"end":{"line":24,"column":1}}},"3":{"name":"getRoom","decl":{"start":{"line":26,"column":22},"end":{"line":26,"column":29}},"loc":{"start":{"line":26,"column":40},"end":{"line":32,"column":1}}},"4":{"name":"getBookingByUserId","decl":{"start":{"line":34,"column":22},"end":{"line":34,"column":40}},"loc":{"start":{"line":34,"column":55},"end":{"line":40,"column":1}}}},"branchMap":{},"s":{"0":1,"1":1,"2":1,"3":1,"4":1,"5":1,"6":12,"7":12,"8":1,"9":12,"10":12,"11":1,"12":18,"13":18,"14":1,"15":1},"f":{"0":1,"1":1,"2":12,"3":12,"4":18},"b":{}}
,"/home/thiago-arend/driven/projetos/projeto21-drivent/src/repositories/index.ts": {"path":"/home/thiago-arend/driven/projetos/projeto21-drivent/src/repositories/index.ts","statementMap":{"0":{"start":{"line":1,"column":0},"end":{"line":1,"column":37}},"1":{"start":{"line":2,"column":0},"end":{"line":2,"column":44}},"2":{"start":{"line":3,"column":0},"end":{"line":3,"column":41}},"3":{"start":{"line":4,"column":0},"end":{"line":4,"column":36}},"4":{"start":{"line":5,"column":0},"end":{"line":5,"column":35}},"5":{"start":{"line":6,"column":0},"end":{"line":6,"column":37}},"6":{"start":{"line":7,"column":0},"end":{"line":7,"column":38}},"7":{"start":{"line":8,"column":0},"end":{"line":8,"column":36}}},"fnMap":{},"branchMap":{},"s":{"0":1,"1":1,"2":1,"3":1,"4":1,"5":1,"6":1,"7":1},"f":{},"b":{}}
,"/home/thiago-arend/driven/projetos/projeto21-drivent/src/repositories/payments-repository.ts": {"path":"/home/thiago-arend/driven/projetos/projeto21-drivent/src/repositories/payments-repository.ts","statementMap":{"0":{"start":{"line":1,"column":0},"end":{"line":1,"column":34}},"1":{"start":{"line":5,"column":17},"end":{"line":7,"column":4}},"2":{"start":{"line":8,"column":2},"end":{"line":8,"column":16}},"3":{"start":{"line":12,"column":17},"end":{"line":17,"column":4}},"4":{"start":{"line":19,"column":2},"end":{"line":19,"column":16}},"5":{"start":{"line":22,"column":13},"end":{"line":25,"column":2}}},"fnMap":{"0":{"name":"findPaymentByTicketId","decl":{"start":{"line":4,"column":15},"end":{"line":4,"column":36}},"loc":{"start":{"line":4,"column":53},"end":{"line":9,"column":1}}},"1":{"name":"createPayment","decl":{"start":{"line":11,"column":15},"end":{"line":11,"column":28}},"loc":{"start":{"line":11,"column":68},"end":{"line":20,"column":1}}}},"branchMap":{},"s":{"0":1,"1":0,"2":0,"3":0,"4":0,"5":1},"f":{"0":0,"1":0},"b":{}}
,"/home/thiago-arend/driven/projetos/projeto21-drivent/src/repositories/tickets-repository.ts": {"path":"/home/thiago-arend/driven/projetos/projeto21-drivent/src/repositories/tickets-repository.ts","statementMap":{"0":{"start":{"line":1,"column":0},"end":{"line":1,"column":46}},"1":{"start":{"line":2,"column":0},"end":{"line":2,"column":34}},"2":{"start":{"line":6,"column":17},"end":{"line":6,"column":51}},"3":{"start":{"line":7,"column":2},"end":{"line":7,"column":16}},"4":{"start":{"line":11,"column":17},"end":{"line":14,"column":4}},"5":{"start":{"line":16,"column":2},"end":{"line":16,"column":16}},"6":{"start":{"line":20,"column":17},"end":{"line":23,"column":4}},"7":{"start":{"line":25,"column":2},"end":{"line":25,"column":16}},"8":{"start":{"line":29,"column":17},"end":{"line":32,"column":4}},"9":{"start":{"line":34,"column":2},"end":{"line":34,"column":16}},"10":{"start":{"line":38,"column":17},"end":{"line":45,"column":4}},"11":{"start":{"line":47,"column":2},"end":{"line":47,"column":16}},"12":{"start":{"line":50,"column":13},"end":{"line":56,"column":2}}},"fnMap":{"0":{"name":"findTicketTypes","decl":{"start":{"line":5,"column":15},"end":{"line":5,"column":30}},"loc":{"start":{"line":5,"column":30},"end":{"line":8,"column":1}}},"1":{"name":"findTicketByEnrollmentId","decl":{"start":{"line":10,"column":15},"end":{"line":10,"column":39}},"loc":{"start":{"line":10,"column":60},"end":{"line":17,"column":1}}},"2":{"name":"createTicket","decl":{"start":{"line":19,"column":15},"end":{"line":19,"column":27}},"loc":{"start":{"line":19,"column":54},"end":{"line":26,"column":1}}},"3":{"name":"findTicketById","decl":{"start":{"line":28,"column":15},"end":{"line":28,"column":29}},"loc":{"start":{"line":28,"column":46},"end":{"line":35,"column":1}}},"4":{"name":"ticketProcessPayment","decl":{"start":{"line":37,"column":15},"end":{"line":37,"column":35}},"loc":{"start":{"line":37,"column":52},"end":{"line":48,"column":1}}}},"branchMap":{},"s":{"0":1,"1":1,"2":0,"3":0,"4":18,"5":18,"6":0,"7":0,"8":0,"9":0,"10":0,"11":0,"12":1},"f":{"0":0,"1":18,"2":0,"3":0,"4":0},"b":{}}
,"/home/thiago-arend/driven/projetos/projeto21-drivent/src/repositories/users-repository.ts": {"path":"/home/thiago-arend/driven/projetos/projeto21-drivent/src/repositories/users-repository.ts","statementMap":{"0":{"start":{"line":2,"column":0},"end":{"line":2,"column":34}},"1":{"start":{"line":5,"column":44},"end":{"line":9,"column":4}},"2":{"start":{"line":11,"column":2},"end":{"line":13,"column":null}},"3":{"start":{"line":12,"column":4},"end":{"line":12,"column":27}},"4":{"start":{"line":15,"column":2},"end":{"line":15,"column":40}},"5":{"start":{"line":19,"column":2},"end":{"line":21,"column":5}},"6":{"start":{"line":24,"column":13},"end":{"line":27,"column":2}}},"fnMap":{"0":{"name":"findByEmail","decl":{"start":{"line":4,"column":15},"end":{"line":4,"column":26}},"loc":{"start":{"line":4,"column":68},"end":{"line":16,"column":1}}},"1":{"name":"create","decl":{"start":{"line":18,"column":15},"end":{"line":18,"column":21}},"loc":{"start":{"line":18,"column":59},"end":{"line":22,"column":1}}}},"branchMap":{"0":{"loc":{"start":{"line":11,"column":2},"end":{"line":13,"column":null}},"type":"if","locations":[{"start":{"line":11,"column":2},"end":{"line":13,"column":null}}]}},"s":{"0":1,"1":0,"2":0,"3":0,"4":0,"5":0,"6":1},"f":{"0":0,"1":0},"b":{"0":[0]}}
,"/home/thiago-arend/driven/projetos/projeto21-drivent/src/routers/authentication-router.ts": {"path":"/home/thiago-arend/driven/projetos/projeto21-drivent/src/routers/authentication-router.ts","statementMap":{"0":{"start":{"line":1,"column":0},"end":{"line":1,"column":33}},"1":{"start":{"line":2,"column":0},"end":{"line":2,"column":43}},"2":{"start":{"line":3,"column":0},"end":{"line":3,"column":45}},"3":{"start":{"line":4,"column":0},"end":{"line":4,"column":41}},"4":{"start":{"line":6,"column":29},"end":{"line":6,"column":37}},"5":{"start":{"line":10,"column":9},"end":{"line":10,"column":29}},"6":{"start":{"line":8,"column":0},"end":{"line":8,"column":78}}},"fnMap":{},"branchMap":{},"s":{"0":1,"1":1,"2":1,"3":1,"4":1,"5":1,"6":1},"f":{},"b":{}}
,"/home/thiago-arend/driven/projetos/projeto21-drivent/src/routers/enrollments-router.ts": {"path":"/home/thiago-arend/driven/projetos/projeto21-drivent/src/routers/enrollments-router.ts","statementMap":{"0":{"start":{"line":1,"column":0},"end":{"line":1,"column":33}},"1":{"start":{"line":2,"column":0},"end":{"line":2,"column":64}},"2":{"start":{"line":3,"column":0},"end":{"line":3,"column":101}},"3":{"start":{"line":4,"column":0},"end":{"line":4,"column":59}},"4":{"start":{"line":6,"column":26},"end":{"line":6,"column":34}},"5":{"start":{"line":14,"column":9},"end":{"line":14,"column":26}},"6":{"start":{"line":8,"column":0},"end":{"line":12,"column":89}}},"fnMap":{},"branchMap":{},"s":{"0":1,"1":1,"2":1,"3":1,"4":1,"5":1,"6":1},"f":{},"b":{}}
,"/home/thiago-arend/driven/projetos/projeto21-drivent/src/routers/events-router.ts": {"path":"/home/thiago-arend/driven/projetos/projeto21-drivent/src/routers/events-router.ts","statementMap":{"0":{"start":{"line":1,"column":0},"end":{"line":1,"column":33}},"1":{"start":{"line":2,"column":0},"end":{"line":2,"column":48}},"2":{"start":{"line":4,"column":21},"end":{"line":4,"column":29}},"3":{"start":{"line":8,"column":9},"end":{"line":8,"column":21}},"4":{"start":{"line":6,"column":0},"end":{"line":6,"column":39}}},"fnMap":{},"branchMap":{},"s":{"0":1,"1":1,"2":1,"3":1,"4":1},"f":{},"b":{}}
,"/home/thiago-arend/driven/projetos/projeto21-drivent/src/routers/hotels-router.ts": {"path":"/home/thiago-arend/driven/projetos/projeto21-drivent/src/routers/hotels-router.ts","statementMap":{"0":{"start":{"line":1,"column":0},"end":{"line":1,"column":33}},"1":{"start":{"line":2,"column":0},"end":{"line":2,"column":49}},"2":{"start":{"line":3,"column":0},"end":{"line":3,"column":50}},"3":{"start":{"line":5,"column":21},"end":{"line":5,"column":29}},"4":{"start":{"line":12,"column":9},"end":{"line":12,"column":21}},"5":{"start":{"line":7,"column":0},"end":{"line":10,"column":56}}},"fnMap":{},"branchMap":{},"s":{"0":1,"1":1,"2":1,"3":1,"4":1,"5":1},"f":{},"b":{}}
,"/home/thiago-arend/driven/projetos/projeto21-drivent/src/routers/index.ts": {"path":"/home/thiago-arend/driven/projetos/projeto21-drivent/src/routers/index.ts","statementMap":{"0":{"start":{"line":1,"column":0},"end":{"line":1,"column":31}},"1":{"start":{"line":2,"column":0},"end":{"line":2,"column":40}},"2":{"start":{"line":3,"column":0},"end":{"line":3,"column":32}},"3":{"start":{"line":4,"column":0},"end":{"line":4,"column":37}},"4":{"start":{"line":5,"column":0},"end":{"line":5,"column":33}},"5":{"start":{"line":6,"column":0},"end":{"line":6,"column":33}},"6":{"start":{"line":7,"column":0},"end":{"line":7,"column":32}}},"fnMap":{},"branchMap":{},"s":{"0":1,"1":1,"2":1,"3":1,"4":1,"5":1,"6":1},"f":{},"b":{}}
,"/home/thiago-arend/driven/projetos/projeto21-drivent/src/routers/paymets-router.ts": {"path":"/home/thiago-arend/driven/projetos/projeto21-drivent/src/routers/paymets-router.ts","statementMap":{"0":{"start":{"line":1,"column":0},"end":{"line":1,"column":33}},"1":{"start":{"line":2,"column":0},"end":{"line":2,"column":64}},"2":{"start":{"line":3,"column":0},"end":{"line":3,"column":69}},"3":{"start":{"line":4,"column":0},"end":{"line":4,"column":59}},"4":{"start":{"line":6,"column":23},"end":{"line":6,"column":31}},"5":{"start":{"line":13,"column":9},"end":{"line":13,"column":23}},"6":{"start":{"line":8,"column":0},"end":{"line":11,"column":65}}},"fnMap":{},"branchMap":{},"s":{"0":1,"1":1,"2":1,"3":1,"4":1,"5":1,"6":1},"f":{},"b":{}}
,"/home/thiago-arend/driven/projetos/projeto21-drivent/src/routers/tickets-router.ts": {"path":"/home/thiago-arend/driven/projetos/projeto21-drivent/src/routers/tickets-router.ts","statementMap":{"0":{"start":{"line":1,"column":0},"end":{"line":1,"column":33}},"1":{"start":{"line":2,"column":0},"end":{"line":2,"column":72}},"2":{"start":{"line":3,"column":0},"end":{"line":3,"column":64}},"3":{"start":{"line":4,"column":0},"end":{"line":4,"column":57}},"4":{"start":{"line":6,"column":22},"end":{"line":6,"column":30}},"5":{"start":{"line":14,"column":9},"end":{"line":14,"column":22}},"6":{"start":{"line":8,"column":0},"end":{"line":12,"column":55}}},"fnMap":{},"branchMap":{},"s":{"0":1,"1":1,"2":1,"3":1,"4":1,"5":1,"6":1},"f":{},"b":{}}
,"/home/thiago-arend/driven/projetos/projeto21-drivent/src/routers/users-router.ts": {"path":"/home/thiago-arend/driven/projetos/projeto21-drivent/src/routers/users-router.ts","statementMap":{"0":{"start":{"line":1,"column":0},"end":{"line":1,"column":33}},"1":{"start":{"line":3,"column":0},"end":{"line":3,"column":45}},"2":{"start":{"line":4,"column":0},"end":{"line":4,"column":45}},"3":{"start":{"line":5,"column":0},"end":{"line":5,"column":42}},"4":{"start":{"line":7,"column":20},"end":{"line":7,"column":28}},"5":{"start":{"line":11,"column":9},"end":{"line":11,"column":20}},"6":{"start":{"line":9,"column":0},"end":{"line":9,"column":65}}},"fnMap":{},"branchMap":{},"s":{"0":1,"1":1,"2":1,"3":1,"4":1,"5":1,"6":1},"f":{},"b":{}}
,"/home/thiago-arend/driven/projetos/projeto21-drivent/src/schemas/authentication-schemas.ts": {"path":"/home/thiago-arend/driven/projetos/projeto21-drivent/src/schemas/authentication-schemas.ts","statementMap":{"0":{"start":{"line":1,"column":0},"end":{"line":1,"column":22}},"1":{"start":{"line":4,"column":13},"end":{"line":7,"column":3}}},"fnMap":{},"branchMap":{},"s":{"0":1,"1":1},"f":{},"b":{}}
,"/home/thiago-arend/driven/projetos/projeto21-drivent/src/schemas/enrollments-schemas.ts": {"path":"/home/thiago-arend/driven/projetos/projeto21-drivent/src/schemas/enrollments-schemas.ts","statementMap":{"0":{"start":{"line":1,"column":0},"end":{"line":1,"column":22}},"1":{"start":{"line":2,"column":0},"end":{"line":2,"column":105}},"2":{"start":{"line":5,"column":28},"end":{"line":5,"column":87}},"3":{"start":{"line":7,"column":28},"end":{"line":7,"column":86}},"4":{"start":{"line":9,"column":36},"end":{"line":9,"column":108}},"5":{"start":{"line":11,"column":13},"end":{"line":28,"column":3}},"6":{"start":{"line":23,"column":39},"end":{"line":23,"column":45}},"7":{"start":{"line":31,"column":2},"end":{"line":31,"column":27}},"8":{"start":{"line":31,"column":14},"end":{"line":31,"column":27}},"9":{"start":{"line":33,"column":2},"end":{"line":35,"column":null}},"10":{"start":{"line":34,"column":4},"end":{"line":34,"column":40}},"11":{"start":{"line":37,"column":2},"end":{"line":37,"column":15}},"12":{"start":{"line":41,"column":2},"end":{"line":41,"column":27}},"13":{"start":{"line":41,"column":14},"end":{"line":41,"column":27}},"14":{"start":{"line":43,"column":2},"end":{"line":45,"column":null}},"15":{"start":{"line":44,"column":4},"end":{"line":44,"column":40}},"16":{"start":{"line":47,"column":2},"end":{"line":47,"column":15}},"17":{"start":{"line":51,"column":2},"end":{"line":51,"column":27}},"18":{"start":{"line":51,"column":14},"end":{"line":51,"column":27}},"19":{"start":{"line":53,"column":2},"end":{"line":55,"column":null}},"20":{"start":{"line":54,"column":4},"end":{"line":54,"column":40}},"21":{"start":{"line":57,"column":2},"end":{"line":57,"column":15}}},"fnMap":{"0":{"name":"(anonymous_1)","decl":{"start":{"line":23,"column":32},"end":{"line":23,"column":33}},"loc":{"start":{"line":23,"column":39},"end":{"line":23,"column":45}}},"1":{"name":"joiCpfValidation","decl":{"start":{"line":30,"column":9},"end":{"line":30,"column":25}},"loc":{"start":{"line":30,"column":75},"end":{"line":38,"column":1}}},"2":{"name":"joiCepValidation","decl":{"start":{"line":40,"column":9},"end":{"line":40,"column":25}},"loc":{"start":{"line":40,"column":75},"end":{"line":48,"column":1}}},"3":{"name":"joiMobilePhoneValidation","decl":{"start":{"line":50,"column":9},"end":{"line":50,"column":33}},"loc":{"start":{"line":50,"column":83},"end":{"line":58,"column":1}}}},"branchMap":{"0":{"loc":{"start":{"line":31,"column":2},"end":{"line":31,"column":27}},"type":"if","locations":[{"start":{"line":31,"column":2},"end":{"line":31,"column":27}}]},"1":{"loc":{"start":{"line":33,"column":2},"end":{"line":35,"column":null}},"type":"if","locations":[{"start":{"line":33,"column":2},"end":{"line":35,"column":null}}]},"2":{"loc":{"start":{"line":41,"column":2},"end":{"line":41,"column":27}},"type":"if","locations":[{"start":{"line":41,"column":2},"end":{"line":41,"column":27}}]},"3":{"loc":{"start":{"line":43,"column":2},"end":{"line":45,"column":null}},"type":"if","locations":[{"start":{"line":43,"column":2},"end":{"line":45,"column":null}}]},"4":{"loc":{"start":{"line":51,"column":2},"end":{"line":51,"column":27}},"type":"if","locations":[{"start":{"line":51,"column":2},"end":{"line":51,"column":27}}]},"5":{"loc":{"start":{"line":53,"column":2},"end":{"line":55,"column":null}},"type":"if","locations":[{"start":{"line":53,"column":2},"end":{"line":55,"column":null}}]}},"s":{"0":1,"1":1,"2":1,"3":1,"4":1,"5":1,"6":27,"7":0,"8":0,"9":0,"10":0,"11":0,"12":0,"13":0,"14":0,"15":0,"16":0,"17":0,"18":0,"19":0,"20":0,"21":0},"f":{"0":27,"1":0,"2":0,"3":0},"b":{"0":[0],"1":[0],"2":[0],"3":[0],"4":[0],"5":[0]}}
,"/home/thiago-arend/driven/projetos/projeto21-drivent/src/schemas/index.ts": {"path":"/home/thiago-arend/driven/projetos/projeto21-drivent/src/schemas/index.ts","statementMap":{"0":{"start":{"line":1,"column":0},"end":{"line":1,"column":32}},"1":{"start":{"line":2,"column":0},"end":{"line":2,"column":41}},"2":{"start":{"line":3,"column":0},"end":{"line":3,"column":38}}},"fnMap":{},"branchMap":{},"s":{"0":1,"1":1,"2":1},"f":{},"b":{}}
,"/home/thiago-arend/driven/projetos/projeto21-drivent/src/schemas/payments-schemas.ts": {"path":"/home/thiago-arend/driven/projetos/projeto21-drivent/src/schemas/payments-schemas.ts","statementMap":{"0":{"start":{"line":1,"column":0},"end":{"line":1,"column":22}},"1":{"start":{"line":4,"column":13},"end":{"line":13,"column":3}}},"fnMap":{},"branchMap":{},"s":{"0":1,"1":1},"f":{},"b":{}}
,"/home/thiago-arend/driven/projetos/projeto21-drivent/src/schemas/tickets-schemas.ts": {"path":"/home/thiago-arend/driven/projetos/projeto21-drivent/src/schemas/tickets-schemas.ts","statementMap":{"0":{"start":{"line":1,"column":0},"end":{"line":1,"column":22}},"1":{"start":{"line":4,"column":13},"end":{"line":6,"column":3}}},"fnMap":{},"branchMap":{},"s":{"0":1,"1":1},"f":{},"b":{}}
,"/home/thiago-arend/driven/projetos/projeto21-drivent/src/schemas/users-schemas.ts": {"path":"/home/thiago-arend/driven/projetos/projeto21-drivent/src/schemas/users-schemas.ts","statementMap":{"0":{"start":{"line":1,"column":0},"end":{"line":1,"column":22}},"1":{"start":{"line":4,"column":13},"end":{"line":7,"column":3}}},"fnMap":{},"branchMap":{},"s":{"0":1,"1":1},"f":{},"b":{}}
,"/home/thiago-arend/driven/projetos/projeto21-drivent/src/services/authentication-service.ts": {"path":"/home/thiago-arend/driven/projetos/projeto21-drivent/src/services/authentication-service.ts","statementMap":{"0":{"start":{"line":2,"column":0},"end":{"line":2,"column":28}},"1":{"start":{"line":3,"column":0},"end":{"line":3,"column":31}},"2":{"start":{"line":4,"column":0},"end":{"line":4,"column":51}},"3":{"start":{"line":5,"column":0},"end":{"line":5,"column":74}},"4":{"start":{"line":6,"column":0},"end":{"line":6,"column":47}},"5":{"start":{"line":9,"column":30},"end":{"line":9,"column":36}},"6":{"start":{"line":11,"column":15},"end":{"line":11,"column":41}},"7":{"start":{"line":13,"column":2},"end":{"line":13,"column":56}},"8":{"start":{"line":15,"column":16},"end":{"line":15,"column":44}},"9":{"start":{"line":17,"column":2},"end":{"line":20,"column":4}},"10":{"start":{"line":24,"column":15},"end":{"line":24,"column":97}},"11":{"start":{"line":25,"column":2},"end":{"line":25,"column":45}},"12":{"start":{"line":25,"column":13},"end":{"line":25,"column":45}},"13":{"start":{"line":27,"column":2},"end":{"line":27,"column":14}},"14":{"start":{"line":31,"column":16},"end":{"line":31,"column":60}},"15":{"start":{"line":32,"column":2},"end":{"line":35,"column":5}},"16":{"start":{"line":37,"column":2},"end":{"line":37,"column":15}},"17":{"start":{"line":41,"column":26},"end":{"line":41,"column":70}},"18":{"start":{"line":42,"column":2},"end":{"line":42,"column":56}},"19":{"start":{"line":42,"column":24},"end":{"line":42,"column":56}},"20":{"start":{"line":54,"column":13},"end":{"line":56,"column":2}}},"fnMap":{"0":{"name":"signIn","decl":{"start":{"line":8,"column":15},"end":{"line":8,"column":21}},"loc":{"start":{"line":8,"column":42},"end":{"line":21,"column":1}}},"1":{"name":"getUserOrFail","decl":{"start":{"line":23,"column":15},"end":{"line":23,"column":28}},"loc":{"start":{"line":23,"column":42},"end":{"line":28,"column":1}}},"2":{"name":"createSession","decl":{"start":{"line":30,"column":15},"end":{"line":30,"column":28}},"loc":{"start":{"line":30,"column":43},"end":{"line":38,"column":1}}},"3":{"name":"validatePasswordOrFail","decl":{"start":{"line":40,"column":15},"end":{"line":40,"column":37}},"loc":{"start":{"line":40,"column":76},"end":{"line":43,"column":1}}}},"branchMap":{"0":{"loc":{"start":{"line":25,"column":2},"end":{"line":25,"column":45}},"type":"if","locations":[{"start":{"line":25,"column":2},"end":{"line":25,"column":45}}]},"1":{"loc":{"start":{"line":42,"column":2},"end":{"line":42,"column":56}},"type":"if","locations":[{"start":{"line":42,"column":2},"end":{"line":42,"column":56}}]}},"s":{"0":1,"1":1,"2":1,"3":1,"4":1,"5":0,"6":0,"7":0,"8":0,"9":0,"10":0,"11":0,"12":0,"13":0,"14":0,"15":0,"16":0,"17":0,"18":0,"19":0,"20":1},"f":{"0":0,"1":0,"2":0,"3":0},"b":{"0":[0],"1":[0]}}
,"/home/thiago-arend/driven/projetos/projeto21-drivent/src/services/enrollments-service.ts": {"path":"/home/thiago-arend/driven/projetos/projeto21-drivent/src/services/enrollments-service.ts","statementMap":{"0":{"start":{"line":2,"column":0},"end":{"line":2,"column":42}},"1":{"start":{"line":3,"column":0},"end":{"line":3,"column":68}},"2":{"start":{"line":4,"column":0},"end":{"line":4,"column":118}},"3":{"start":{"line":5,"column":0},"end":{"line":5,"column":47}},"4":{"start":{"line":9,"column":17},"end":{"line":9,"column":77}},"5":{"start":{"line":11,"column":2},"end":{"line":13,"column":null}},"6":{"start":{"line":12,"column":4},"end":{"line":12,"column":28}},"7":{"start":{"line":15,"column":62},"end":{"line":15,"column":73}},"8":{"start":{"line":16,"column":37},"end":{"line":22,"column":4}},"9":{"start":{"line":24,"column":2},"end":{"line":24,"column":17}},"10":{"start":{"line":28,"column":32},"end":{"line":28,"column":90}},"11":{"start":{"line":30,"column":2},"end":{"line":30,"column":62}},"12":{"start":{"line":30,"column":30},"end":{"line":30,"column":62}},"13":{"start":{"line":32,"column":25},"end":{"line":32,"column":54}},"14":{"start":{"line":33,"column":18},"end":{"line":33,"column":47}},"15":{"start":{"line":35,"column":2},"end":{"line":38,"column":4}},"16":{"start":{"line":44,"column":2},"end":{"line":44,"column":33}},"17":{"start":{"line":44,"column":21},"end":{"line":44,"column":33}},"18":{"start":{"line":46,"column":2},"end":{"line":46,"column":73}},"19":{"start":{"line":52,"column":21},"end":{"line":52,"column":47}},"20":{"start":{"line":53,"column":2},"end":{"line":53,"column":54}},"21":{"start":{"line":54,"column":18},"end":{"line":54,"column":53}},"22":{"start":{"line":56,"column":2},"end":{"line":56,"column":39}},"23":{"start":{"line":58,"column":24},"end":{"line":58,"column":115}},"24":{"start":{"line":60,"column":2},"end":{"line":60,"column":69}},"25":{"start":{"line":64,"column":2},"end":{"line":67,"column":4}},"26":{"start":{"line":74,"column":13},"end":{"line":78,"column":2}}},"fnMap":{"0":{"name":"getAddressFromCEP","decl":{"start":{"line":8,"column":15},"end":{"line":8,"column":32}},"loc":{"start":{"line":8,"column":44},"end":{"line":25,"column":1}}},"1":{"name":"getOneWithAddressByUserId","decl":{"start":{"line":27,"column":15},"end":{"line":27,"column":40}},"loc":{"start":{"line":27,"column":55},"end":{"line":39,"column":1}}},"2":{"name":"getFirstAddress","decl":{"start":{"line":43,"column":9},"end":{"line":43,"column":24}},"loc":{"start":{"line":43,"column":46},"end":{"line":47,"column":1}}},"3":{"name":"createOrUpdateEnrollmentWithAddress","decl":{"start":{"line":51,"column":15},"end":{"line":51,"column":50}},"loc":{"start":{"line":51,"column":94},"end":{"line":61,"column":1}}},"4":{"name":"getAddressForUpsert","decl":{"start":{"line":63,"column":9},"end":{"line":63,"column":28}},"loc":{"start":{"line":63,"column":57},"end":{"line":68,"column":1}}}},"branchMap":{"0":{"loc":{"start":{"line":11,"column":2},"end":{"line":13,"column":null}},"type":"if","locations":[{"start":{"line":11,"column":2},"end":{"line":13,"column":null}}]},"1":{"loc":{"start":{"line":11,"column":6},"end":{"line":11,"column":38}},"type":"binary-expr","locations":[{"start":{"line":11,"column":6},"end":{"line":11,"column":18}},{"start":{"line":11,"column":22},"end":{"line":11,"column":38}}]},"2":{"loc":{"start":{"line":30,"column":2},"end":{"line":30,"column":62}},"type":"if","locations":[{"start":{"line":30,"column":2},"end":{"line":30,"column":62}}]},"3":{"loc":{"start":{"line":37,"column":8},"end":{"line":37,"column":32}},"type":"binary-expr","locations":[{"start":{"line":37,"column":8},"end":{"line":37,"column":17}},{"start":{"line":37,"column":21},"end":{"line":37,"column":32}}]},"4":{"loc":{"start":{"line":44,"column":2},"end":{"line":44,"column":33}},"type":"if","locations":[{"start":{"line":44,"column":2},"end":{"line":44,"column":33}}]},"5":{"loc":{"start":{"line":66,"column":8},"end":{"line":66,"column":74}},"type":"binary-expr","locations":[{"start":{"line":66,"column":8},"end":{"line":66,"column":30}},{"start":{"line":66,"column":34},"end":{"line":66,"column":74}}]}},"s":{"0":1,"1":1,"2":1,"3":1,"4":0,"5":0,"6":0,"7":0,"8":0,"9":0,"10":0,"11":0,"12":0,"13":0,"14":0,"15":0,"16":0,"17":0,"18":0,"19":0,"20":0,"21":0,"22":0,"23":0,"24":0,"25":0,"26":1},"f":{"0":0,"1":0,"2":0,"3":0,"4":0},"b":{"0":[0],"1":[0,0],"2":[0],"3":[0,0],"4":[0],"5":[0,0]}}
,"/home/thiago-arend/driven/projetos/projeto21-drivent/src/services/events-service.ts": {"path":"/home/thiago-arend/driven/projetos/projeto21-drivent/src/services/events-service.ts","statementMap":{"0":{"start":{"line":2,"column":0},"end":{"line":2,"column":26}},"1":{"start":{"line":3,"column":0},"end":{"line":3,"column":41}},"2":{"start":{"line":4,"column":0},"end":{"line":4,"column":49}},"3":{"start":{"line":5,"column":0},"end":{"line":5,"column":47}},"4":{"start":{"line":8,"column":16},"end":{"line":8,"column":49}},"5":{"start":{"line":9,"column":2},"end":{"line":9,"column":36}},"6":{"start":{"line":9,"column":14},"end":{"line":9,"column":36}},"7":{"start":{"line":11,"column":2},"end":{"line":11,"column":50}},"8":{"start":{"line":17,"column":16},"end":{"line":17,"column":49}},"9":{"start":{"line":18,"column":2},"end":{"line":18,"column":27}},"10":{"start":{"line":18,"column":14},"end":{"line":18,"column":27}},"11":{"start":{"line":20,"column":14},"end":{"line":20,"column":21}},"12":{"start":{"line":21,"column":24},"end":{"line":21,"column":45}},"13":{"start":{"line":22,"column":22},"end":{"line":22,"column":41}},"14":{"start":{"line":24,"column":2},"end":{"line":24,"column":65}},"15":{"start":{"line":27,"column":13},"end":{"line":30,"column":2}}},"fnMap":{"0":{"name":"getFirstEvent","decl":{"start":{"line":7,"column":15},"end":{"line":7,"column":28}},"loc":{"start":{"line":7,"column":28},"end":{"line":12,"column":1}}},"1":{"name":"isCurrentEventActive","decl":{"start":{"line":16,"column":15},"end":{"line":16,"column":35}},"loc":{"start":{"line":16,"column":35},"end":{"line":25,"column":1}}}},"branchMap":{"0":{"loc":{"start":{"line":9,"column":2},"end":{"line":9,"column":36}},"type":"if","locations":[{"start":{"line":9,"column":2},"end":{"line":9,"column":36}}]},"1":{"loc":{"start":{"line":18,"column":2},"end":{"line":18,"column":27}},"type":"if","locations":[{"start":{"line":18,"column":2},"end":{"line":18,"column":27}}]},"2":{"loc":{"start":{"line":24,"column":9},"end":{"line":24,"column":64}},"type":"binary-expr","locations":[{"start":{"line":24,"column":9},"end":{"line":24,"column":35}},{"start":{"line":24,"column":39},"end":{"line":24,"column":64}}]}},"s":{"0":1,"1":1,"2":1,"3":1,"4":0,"5":0,"6":0,"7":0,"8":0,"9":0,"10":0,"11":0,"12":0,"13":0,"14":0,"15":1},"f":{"0":0,"1":0},"b":{"0":[0],"1":[0],"2":[0,0]}}
,"/home/thiago-arend/driven/projetos/projeto21-drivent/src/services/hotels-service.ts": {"path":"/home/thiago-arend/driven/projetos/projeto21-drivent/src/services/hotels-service.ts","statementMap":{"0":{"start":{"line":2,"column":0},"end":{"line":2,"column":32}},"1":{"start":{"line":4,"column":0},"end":{"line":4,"column":50}},"2":{"start":{"line":7,"column":2},"end":{"line":7,"column":77}},"3":{"start":{"line":8,"column":2},"end":{"line":8,"column":94}},"4":{"start":{"line":10,"column":17},"end":{"line":10,"column":51}},"5":{"start":{"line":12,"column":2},"end":{"line":12,"column":16}},"6":{"start":{"line":6,"column":0},"end":{"line":6,"column":7}},"7":{"start":{"line":16,"column":2},"end":{"line":16,"column":77}},"8":{"start":{"line":17,"column":2},"end":{"line":17,"column":94}},"9":{"start":{"line":18,"column":25},"end":{"line":18,"column":69}},"10":{"start":{"line":20,"column":2},"end":{"line":20,"column":24}},"11":{"start":{"line":15,"column":0},"end":{"line":15,"column":7}},"12":{"start":{"line":23,"column":13},"end":{"line":23,"column":62}}},"fnMap":{"0":{"name":"getHotels","decl":{"start":{"line":6,"column":22},"end":{"line":6,"column":31}},"loc":{"start":{"line":6,"column":46},"end":{"line":13,"column":1}}},"1":{"name":"getHotelWithRooms","decl":{"start":{"line":15,"column":22},"end":{"line":15,"column":39}},"loc":{"start":{"line":15,"column":66},"end":{"line":21,"column":1}}}},"branchMap":{},"s":{"0":1,"1":1,"2":14,"3":4,"4":1,"5":1,"6":1,"7":4,"8":4,"9":1,"10":1,"11":1,"12":1},"f":{"0":14,"1":4},"b":{}}
,"/home/thiago-arend/driven/projetos/projeto21-drivent/src/services/index.ts": {"path":"/home/thiago-arend/driven/projetos/projeto21-drivent/src/services/index.ts","statementMap":{"0":{"start":{"line":1,"column":0},"end":{"line":1,"column":32}},"1":{"start":{"line":2,"column":0},"end":{"line":2,"column":41}},"2":{"start":{"line":3,"column":0},"end":{"line":3,"column":33}},"3":{"start":{"line":4,"column":0},"end":{"line":4,"column":38}},"4":{"start":{"line":5,"column":0},"end":{"line":5,"column":34}},"5":{"start":{"line":6,"column":0},"end":{"line":6,"column":35}},"6":{"start":{"line":7,"column":0},"end":{"line":7,"column":33}}},"fnMap":{},"branchMap":{},"s":{"0":1,"1":1,"2":1,"3":1,"4":1,"5":1,"6":1},"f":{},"b":{}}
,"/home/thiago-arend/driven/projetos/projeto21-drivent/src/services/payments-service.ts": {"path":"/home/thiago-arend/driven/projetos/projeto21-drivent/src/services/payments-service.ts","statementMap":{"0":{"start":{"line":1,"column":0},"end":{"line":1,"column":78}},"1":{"start":{"line":3,"column":0},"end":{"line":3,"column":93}},"2":{"start":{"line":6,"column":2},"end":{"line":6,"column":71}},"3":{"start":{"line":6,"column":36},"end":{"line":6,"column":71}},"4":{"start":{"line":8,"column":17},"end":{"line":8,"column":65}},"5":{"start":{"line":9,"column":2},"end":{"line":9,"column":37}},"6":{"start":{"line":9,"column":15},"end":{"line":9,"column":37}},"7":{"start":{"line":11,"column":21},"end":{"line":11,"column":79}},"8":{"start":{"line":12,"column":2},"end":{"line":12,"column":71}},"9":{"start":{"line":12,"column":45},"end":{"line":12,"column":71}},"10":{"start":{"line":14,"column":2},"end":{"line":14,"column":32}},"11":{"start":{"line":18,"column":2},"end":{"line":18,"column":52}},"12":{"start":{"line":20,"column":18},"end":{"line":20,"column":74}},"13":{"start":{"line":22,"column":2},"end":{"line":22,"column":17}},"14":{"start":{"line":26,"column":21},"end":{"line":26,"column":70}},"15":{"start":{"line":28,"column":37},"end":{"line":33,"column":4}},"16":{"start":{"line":35,"column":18},"end":{"line":35,"column":79}},"17":{"start":{"line":36,"column":2},"end":{"line":36,"column":57}},"18":{"start":{"line":37,"column":2},"end":{"line":37,"column":17}},"19":{"start":{"line":40,"column":13},"end":{"line":43,"column":2}}},"fnMap":{"0":{"name":"verifyTicketAndEnrollment","decl":{"start":{"line":5,"column":15},"end":{"line":5,"column":40}},"loc":{"start":{"line":5,"column":73},"end":{"line":15,"column":1}}},"1":{"name":"getPaymentByTicketId","decl":{"start":{"line":17,"column":15},"end":{"line":17,"column":35}},"loc":{"start":{"line":17,"column":68},"end":{"line":23,"column":1}}},"2":{"name":"paymentProcess","decl":{"start":{"line":25,"column":15},"end":{"line":25,"column":29}},"loc":{"start":{"line":25,"column":91},"end":{"line":38,"column":1}}}},"branchMap":{"0":{"loc":{"start":{"line":6,"column":2},"end":{"line":6,"column":71}},"type":"if","locations":[{"start":{"line":6,"column":2},"end":{"line":6,"column":71}}]},"1":{"loc":{"start":{"line":6,"column":6},"end":{"line":6,"column":34}},"type":"binary-expr","locations":[{"start":{"line":6,"column":6},"end":{"line":6,"column":15}},{"start":{"line":6,"column":19},"end":{"line":6,"column":34}}]},"2":{"loc":{"start":{"line":9,"column":2},"end":{"line":9,"column":37}},"type":"if","locations":[{"start":{"line":9,"column":2},"end":{"line":9,"column":37}}]},"3":{"loc":{"start":{"line":12,"column":2},"end":{"line":12,"column":71}},"type":"if","locations":[{"start":{"line":12,"column":2},"end":{"line":12,"column":71}}]}},"s":{"0":1,"1":1,"2":0,"3":0,"4":0,"5":0,"6":0,"7":0,"8":0,"9":0,"10":0,"11":0,"12":0,"13":0,"14":0,"15":0,"16":0,"17":0,"18":0,"19":1},"f":{"0":0,"1":0,"2":0},"b":{"0":[0],"1":[0,0],"2":[0],"3":[0]}}
,"/home/thiago-arend/driven/projetos/projeto21-drivent/src/services/tickets-service.ts": {"path":"/home/thiago-arend/driven/projetos/projeto21-drivent/src/services/tickets-service.ts","statementMap":{"0":{"start":{"line":1,"column":0},"end":{"line":1,"column":46}},"1":{"start":{"line":2,"column":0},"end":{"line":2,"column":59}},"2":{"start":{"line":4,"column":0},"end":{"line":4,"column":73}},"3":{"start":{"line":7,"column":22},"end":{"line":7,"column":63}},"4":{"start":{"line":8,"column":2},"end":{"line":8,"column":21}},"5":{"start":{"line":12,"column":21},"end":{"line":12,"column":79}},"6":{"start":{"line":13,"column":2},"end":{"line":13,"column":41}},"7":{"start":{"line":13,"column":19},"end":{"line":13,"column":41}},"8":{"start":{"line":15,"column":17},"end":{"line":15,"column":80}},"9":{"start":{"line":16,"column":2},"end":{"line":16,"column":37}},"10":{"start":{"line":16,"column":15},"end":{"line":16,"column":37}},"11":{"start":{"line":18,"column":2},"end":{"line":18,"column":16}},"12":{"start":{"line":22,"column":2},"end":{"line":22,"column":60}},"13":{"start":{"line":22,"column":21},"end":{"line":22,"column":60}},"14":{"start":{"line":24,"column":21},"end":{"line":24,"column":79}},"15":{"start":{"line":25,"column":2},"end":{"line":25,"column":41}},"16":{"start":{"line":25,"column":19},"end":{"line":25,"column":41}},"17":{"start":{"line":27,"column":41},"end":{"line":31,"column":4}},"18":{"start":{"line":33,"column":17},"end":{"line":33,"column":65}},"19":{"start":{"line":34,"column":2},"end":{"line":34,"column":16}},"20":{"start":{"line":37,"column":13},"end":{"line":41,"column":2}}},"fnMap":{"0":{"name":"findTicketTypes","decl":{"start":{"line":6,"column":15},"end":{"line":6,"column":30}},"loc":{"start":{"line":6,"column":30},"end":{"line":9,"column":1}}},"1":{"name":"getTicketByUserId","decl":{"start":{"line":11,"column":15},"end":{"line":11,"column":32}},"loc":{"start":{"line":11,"column":47},"end":{"line":19,"column":1}}},"2":{"name":"createTicket","decl":{"start":{"line":21,"column":15},"end":{"line":21,"column":27}},"loc":{"start":{"line":21,"column":64},"end":{"line":35,"column":1}}}},"branchMap":{"0":{"loc":{"start":{"line":13,"column":2},"end":{"line":13,"column":41}},"type":"if","locations":[{"start":{"line":13,"column":2},"end":{"line":13,"column":41}}]},"1":{"loc":{"start":{"line":16,"column":2},"end":{"line":16,"column":37}},"type":"if","locations":[{"start":{"line":16,"column":2},"end":{"line":16,"column":37}}]},"2":{"loc":{"start":{"line":22,"column":2},"end":{"line":22,"column":60}},"type":"if","locations":[{"start":{"line":22,"column":2},"end":{"line":22,"column":60}}]},"3":{"loc":{"start":{"line":25,"column":2},"end":{"line":25,"column":41}},"type":"if","locations":[{"start":{"line":25,"column":2},"end":{"line":25,"column":41}}]}},"s":{"0":1,"1":1,"2":1,"3":0,"4":0,"5":0,"6":0,"7":0,"8":0,"9":0,"10":0,"11":0,"12":0,"13":0,"14":0,"15":0,"16":0,"17":0,"18":0,"19":0,"20":1},"f":{"0":0,"1":0,"2":0},"b":{"0":[0],"1":[0],"2":[0],"3":[0]}}
,"/home/thiago-arend/driven/projetos/projeto21-drivent/src/services/users-service.ts": {"path":"/home/thiago-arend/driven/projetos/projeto21-drivent/src/services/users-service.ts","statementMap":{"0":{"start":{"line":1,"column":0},"end":{"line":1,"column":52}},"1":{"start":{"line":2,"column":0},"end":{"line":2,"column":28}},"2":{"start":{"line":3,"column":0},"end":{"line":3,"column":43}},"3":{"start":{"line":4,"column":0},"end":{"line":4,"column":97}},"4":{"start":{"line":5,"column":0},"end":{"line":5,"column":107}},"5":{"start":{"line":6,"column":0},"end":{"line":6,"column":71}},"6":{"start":{"line":9,"column":2},"end":{"line":9,"column":26}},"7":{"start":{"line":11,"column":2},"end":{"line":11,"column":41}},"8":{"start":{"line":13,"column":25},"end":{"line":13,"column":56}},"9":{"start":{"line":14,"column":2},"end":{"line":17,"column":5}},"10":{"start":{"line":8,"column":0},"end":{"line":8,"column":7}},"11":{"start":{"line":21,"column":28},"end":{"line":21,"column":67}},"12":{"start":{"line":22,"column":2},"end":{"line":24,"column":null}},"13":{"start":{"line":23,"column":4},"end":{"line":23,"column":33}},"14":{"start":{"line":28,"column":20},"end":{"line":28,"column":62}},"15":{"start":{"line":29,"column":2},"end":{"line":31,"column":null}},"16":{"start":{"line":30,"column":4},"end":{"line":30,"column":45}},"17":{"start":{"line":35,"column":21},"end":{"line":35,"column":79}},"18":{"start":{"line":37,"column":2},"end":{"line":37,"column":30}},"19":{"start":{"line":37,"column":18},"end":{"line":37,"column":30}},"20":{"start":{"line":38,"column":2},"end":{"line":38,"column":15}},"21":{"start":{"line":42,"column":21},"end":{"line":42,"column":79}},"22":{"start":{"line":43,"column":17},"end":{"line":43,"column":80}},"23":{"start":{"line":45,"column":2},"end":{"line":45,"column":26}},"24":{"start":{"line":45,"column":14},"end":{"line":45,"column":26}},"25":{"start":{"line":46,"column":2},"end":{"line":46,"column":15}},"26":{"start":{"line":50,"column":18},"end":{"line":50,"column":67}},"27":{"start":{"line":51,"column":2},"end":{"line":51,"column":38}},"28":{"start":{"line":51,"column":16},"end":{"line":51,"column":38}},"29":{"start":{"line":52,"column":15},"end":{"line":52,"column":61}},"30":{"start":{"line":53,"column":2},"end":{"line":53,"column":35}},"31":{"start":{"line":53,"column":13},"end":{"line":53,"column":35}},"32":{"start":{"line":54,"column":16},"end":{"line":54,"column":61}},"33":{"start":{"line":56,"column":2},"end":{"line":56,"column":25}},"34":{"start":{"line":56,"column":13},"end":{"line":56,"column":25}},"35":{"start":{"line":57,"column":2},"end":{"line":57,"column":15}},"36":{"start":{"line":61,"column":21},"end":{"line":61,"column":79}},"37":{"start":{"line":62,"column":2},"end":{"line":62,"column":48}},"38":{"start":{"line":62,"column":19},"end":{"line":62,"column":48}},"39":{"start":{"line":63,"column":17},"end":{"line":63,"column":80}},"40":{"start":{"line":64,"column":2},"end":{"line":65,"column":33}},"41":{"start":{"line":65,"column":4},"end":{"line":65,"column":33}},"42":{"start":{"line":69,"column":2},"end":{"line":69,"column":59}},"43":{"start":{"line":69,"column":37},"end":{"line":69,"column":59}},"44":{"start":{"line":70,"column":2},"end":{"line":70,"column":64}},"45":{"start":{"line":70,"column":42},"end":{"line":70,"column":64}},"46":{"start":{"line":71,"column":2},"end":{"line":71,"column":60}},"47":{"start":{"line":71,"column":38},"end":{"line":71,"column":60}},"48":{"start":{"line":76,"column":13},"end":{"line":80,"column":2}}},"fnMap":{"0":{"name":"createUser","decl":{"start":{"line":8,"column":22},"end":{"line":8,"column":32}},"loc":{"start":{"line":8,"column":70},"end":{"line":18,"column":1}}},"1":{"name":"validateUniqueEmailOrFail","decl":{"start":{"line":20,"column":15},"end":{"line":20,"column":40}},"loc":{"start":{"line":20,"column":54},"end":{"line":25,"column":1}}},"2":{"name":"canEnrollOrFail","decl":{"start":{"line":27,"column":15},"end":{"line":27,"column":30}},"loc":{"start":{"line":27,"column":30},"end":{"line":32,"column":1}}},"3":{"name":"userHasEnrollment","decl":{"start":{"line":34,"column":15},"end":{"line":34,"column":32}},"loc":{"start":{"line":34,"column":47},"end":{"line":39,"column":1}}},"4":{"name":"userHasTicket","decl":{"start":{"line":41,"column":15},"end":{"line":41,"column":28}},"loc":{"start":{"line":41,"column":43},"end":{"line":47,"column":1}}},"5":{"name":"userHasHotel","decl":{"start":{"line":49,"column":15},"end":{"line":49,"column":27}},"loc":{"start":{"line":49,"column":42},"end":{"line":58,"column":1}}},"6":{"name":"validateIfUserHasEnrollmentWithPaidTicketThatIncludesHotelOrThrow","decl":{"start":{"line":60,"column":15},"end":{"line":60,"column":80}},"loc":{"start":{"line":60,"column":95},"end":{"line":66,"column":1}}},"7":{"name":"validateIfUserHasEnrollmentTicketAndHotelOrThrow","decl":{"start":{"line":68,"column":15},"end":{"line":68,"column":63}},"loc":{"start":{"line":68,"column":78},"end":{"line":72,"column":1}}}},"branchMap":{"0":{"loc":{"start":{"line":22,"column":2},"end":{"line":24,"column":null}},"type":"if","locations":[{"start":{"line":22,"column":2},"end":{"line":24,"column":null}}]},"1":{"loc":{"start":{"line":29,"column":2},"end":{"line":31,"column":null}},"type":"if","locations":[{"start":{"line":29,"column":2},"end":{"line":31,"column":null}}]},"2":{"loc":{"start":{"line":37,"column":2},"end":{"line":37,"column":30}},"type":"if","locations":[{"start":{"line":37,"column":2},"end":{"line":37,"column":30}}]},"3":{"loc":{"start":{"line":45,"column":2},"end":{"line":45,"column":26}},"type":"if","locations":[{"start":{"line":45,"column":2},"end":{"line":45,"column":26}}]},"4":{"loc":{"start":{"line":51,"column":2},"end":{"line":51,"column":38}},"type":"if","locations":[{"start":{"line":51,"column":2},"end":{"line":51,"column":38}}]},"5":{"loc":{"start":{"line":53,"column":2},"end":{"line":53,"column":35}},"type":"if","locations":[{"start":{"line":53,"column":2},"end":{"line":53,"column":35}}]},"6":{"loc":{"start":{"line":56,"column":2},"end":{"line":56,"column":25}},"type":"if","locations":[{"start":{"line":56,"column":2},"end":{"line":56,"column":25}}]},"7":{"loc":{"start":{"line":62,"column":2},"end":{"line":62,"column":48}},"type":"if","locations":[{"start":{"line":62,"column":2},"end":{"line":62,"column":48}}]},"8":{"loc":{"start":{"line":64,"column":2},"end":{"line":65,"column":33}},"type":"if","locations":[{"start":{"line":64,"column":2},"end":{"line":65,"column":33}}]},"9":{"loc":{"start":{"line":64,"column":6},"end":{"line":64,"column":118}},"type":"binary-expr","locations":[{"start":{"line":64,"column":6},"end":{"line":64,"column":13}},{"start":{"line":64,"column":17},"end":{"line":64,"column":52}},{"start":{"line":64,"column":56},"end":{"line":64,"column":88}},{"start":{"line":64,"column":92},"end":{"line":64,"column":118}}]},"10":{"loc":{"start":{"line":69,"column":2},"end":{"line":69,"column":59}},"type":"if","locations":[{"start":{"line":69,"column":2},"end":{"line":69,"column":59}}]},"11":{"loc":{"start":{"line":70,"column":2},"end":{"line":70,"column":64}},"type":"if","locations":[{"start":{"line":70,"column":2},"end":{"line":70,"column":64}}]},"12":{"loc":{"start":{"line":71,"column":2},"end":{"line":71,"column":60}},"type":"if","locations":[{"start":{"line":71,"column":2},"end":{"line":71,"column":60}}]}},"s":{"0":1,"1":1,"2":1,"3":1,"4":1,"5":1,"6":0,"7":0,"8":0,"9":0,"10":1,"11":0,"12":0,"13":0,"14":0,"15":0,"16":0,"17":12,"18":12,"19":10,"20":2,"21":10,"22":10,"23":10,"24":8,"25":2,"26":18,"27":18,"28":6,"29":12,"30":12,"31":0,"32":12,"33":12,"34":12,"35":0,"36":8,"37":8,"38":0,"39":8,"40":8,"41":6,"42":18,"43":0,"44":12,"45":2,"46":10,"47":2,"48":1},"f":{"0":0,"1":0,"2":0,"3":12,"4":10,"5":18,"6":8,"7":18},"b":{"0":[0],"1":[0],"2":[10],"3":[8],"4":[6],"5":[0],"6":[12],"7":[0],"8":[6],"9":[8,8,6,4],"10":[0],"11":[2],"12":[2]}}
[...]
,"/home/thiago-arend/driven/projetos/projeto21-drivent/src/utils/request.ts": {"path":"/home/thiago-arend/driven/projetos/projeto21-drivent/src/utils/request.ts","statementMap":{"0":{"start":{"line":1,"column":0},"end":{"line":1,"column":26}},"1":{"start":{"line":2,"column":0},"end":{"line":2,"column":40}},"2":{"start":{"line":5,"column":2},"end":{"line":11,"column":null}},"3":{"start":{"line":6,"column":19},"end":{"line":6,"column":39}},"4":{"start":{"line":7,"column":4},"end":{"line":7,"column":18}},"5":{"start":{"line":9,"column":35},"end":{"line":9,"column":49}},"6":{"start":{"line":10,"column":4},"end":{"line":10,"column":43}},"7":{"start":{"line":14,"column":13},"end":{"line":16,"column":2}}},"fnMap":{"0":{"name":"get","decl":{"start":{"line":4,"column":15},"end":{"line":4,"column":18}},"loc":{"start":{"line":4,"column":30},"end":{"line":12,"column":1}}}},"branchMap":{},"s":{"0":1,"1":1,"2":0,"3":0,"4":0,"5":0,"6":0,"7":1},"f":{"0":0},"b":{}}
,"/home/thiago-arend/driven/projetos/projeto21-drivent/tests/helpers.ts": {"path":"/home/thiago-arend/driven/projetos/projeto21-drivent/tests/helpers.ts","statementMap":{"0":{"start":{"line":1,"column":0},"end":{"line":1,"column":36}},"1":{"start":{"line":3,"column":0},"end":{"line":3,"column":41}},"2":{"start":{"line":4,"column":0},"end":{"line":4,"column":61}},"3":{"start":{"line":5,"column":0},"end":{"line":5,"column":34}},"4":{"start":{"line":8,"column":2},"end":{"line":8,"column":38}},"5":{"start":{"line":9,"column":2},"end":{"line":9,"column":35}},"6":{"start":{"line":10,"column":2},"end":{"line":10,"column":36}},"7":{"start":{"line":11,"column":2},"end":{"line":11,"column":38}},"8":{"start":{"line":12,"column":2},"end":{"line":12,"column":38}},"9":{"start":{"line":13,"column":2},"end":{"line":13,"column":37}},"10":{"start":{"line":14,"column":2},"end":{"line":14,"column":41}},"11":{"start":{"line":15,"column":2},"end":{"line":15,"column":41}},"12":{"start":{"line":16,"column":2},"end":{"line":16,"column":36}},"13":{"start":{"line":17,"column":2},"end":{"line":17,"column":38}},"14":{"start":{"line":18,"column":2},"end":{"line":18,"column":35}},"15":{"start":{"line":7,"column":0},"end":{"line":7,"column":7}},"16":{"start":{"line":22,"column":23},"end":{"line":22,"column":51}},"17":{"start":{"line":23,"column":16},"end":{"line":23,"column":77}},"18":{"start":{"line":25,"column":2},"end":{"line":25,"column":29}},"19":{"start":{"line":27,"column":2},"end":{"line":27,"column":15}},"20":{"start":{"line":21,"column":0},"end":{"line":21,"column":7}},"21":{"start":{"line":31,"column":2},"end":{"line":31,"column":59}},"22":{"start":{"line":30,"column":0},"end":{"line":30,"column":16}}},"fnMap":{"0":{"name":"cleanDb","decl":{"start":{"line":7,"column":22},"end":{"line":7,"column":29}},"loc":{"start":{"line":7,"column":29},"end":{"line":19,"column":1}}},"1":{"name":"generateValidToken","decl":{"start":{"line":21,"column":22},"end":{"line":21,"column":40}},"loc":{"start":{"line":21,"column":52},"end":{"line":28,"column":1}}},"2":{"name":"generateRandomNumber","decl":{"start":{"line":30,"column":16},"end":{"line":30,"column":36}},"loc":{"start":{"line":30,"column":61},"end":{"line":32,"column":1}}}},"branchMap":{"0":{"loc":{"start":{"line":22,"column":23},"end":{"line":22,"column":51}},"type":"binary-expr","locations":[{"start":{"line":22,"column":23},"end":{"line":22,"column":27}},{"start":{"line":22,"column":32},"end":{"line":22,"column":50}}]}},"s":{"0":1,"1":1,"2":1,"3":1,"4":16,"5":16,"6":16,"7":16,"8":16,"9":16,"10":16,"11":16,"12":16,"13":16,"14":16,"15":1,"16":18,"17":18,"18":18,"19":18,"20":1,"21":9,"22":1},"f":{"0":16,"1":18,"2":9},"b":{"0":[18,0]}}
,"/home/thiago-arend/driven/projetos/projeto21-drivent/tests/factories/enrollments-factory.ts": {"path":"/home/thiago-arend/driven/projetos/projeto21-drivent/tests/factories/enrollments-factory.ts","statementMap":{"0":{"start":{"line":1,"column":0},"end":{"line":1,"column":36}},"1":{"start":{"line":2,"column":0},"end":{"line":2,"column":74}},"2":{"start":{"line":5,"column":0},"end":{"line":5,"column":45}},"3":{"start":{"line":6,"column":0},"end":{"line":6,"column":34}},"4":{"start":{"line":9,"column":23},"end":{"line":9,"column":51}},"5":{"start":{"line":11,"column":2},"end":{"line":32,"column":5}},"6":{"start":{"line":8,"column":0},"end":{"line":8,"column":7}},"7":{"start":{"line":36,"column":2},"end":{"line":42,"column":4}},"8":{"start":{"line":35,"column":0},"end":{"line":35,"column":16}}},"fnMap":{"0":{"name":"createEnrollmentWithAddress","decl":{"start":{"line":8,"column":22},"end":{"line":8,"column":49}},"loc":{"start":{"line":8,"column":61},"end":{"line":33,"column":1}}},"1":{"name":"createhAddressWithCEP","decl":{"start":{"line":35,"column":16},"end":{"line":35,"column":37}},"loc":{"start":{"line":35,"column":37},"end":{"line":43,"column":1}}}},"branchMap":{"0":{"loc":{"start":{"line":9,"column":23},"end":{"line":9,"column":51}},"type":"binary-expr","locations":[{"start":{"line":9,"column":23},"end":{"line":9,"column":27}},{"start":{"line":9,"column":32},"end":{"line":9,"column":50}}]}},"s":{"0":1,"1":1,"2":1,"3":1,"4":14,"5":14,"6":1,"7":0,"8":1},"f":{"0":14,"1":0},"b":{"0":[14,0]}}
,"/home/thiago-arend/driven/projetos/projeto21-drivent/tests/factories/events-factory.ts": {"path":"/home/thiago-arend/driven/projetos/projeto21-drivent/tests/factories/events-factory.ts","statementMap":{"0":{"start":{"line":1,"column":0},"end":{"line":1,"column":26}},"1":{"start":{"line":2,"column":0},"end":{"line":2,"column":36}},"2":{"start":{"line":4,"column":0},"end":{"line":4,"column":34}},"3":{"start":{"line":7,"column":2},"end":{"line":15,"column":5}},"4":{"start":{"line":6,"column":0},"end":{"line":6,"column":16}}},"fnMap":{"0":{"name":"createEvent","decl":{"start":{"line":6,"column":16},"end":{"line":6,"column":27}},"loc":{"start":{"line":6,"column":55},"end":{"line":16,"column":1}}}},"branchMap":{"0":{"loc":{"start":{"line":6,"column":28},"end":{"line":6,"column":55}},"type":"default-arg","locations":[{"start":{"line":6,"column":53},"end":{"line":6,"column":55}}]},"1":{"loc":{"start":{"line":9,"column":13},"end":{"line":9,"column":51}},"type":"binary-expr","locations":[{"start":{"line":9,"column":13},"end":{"line":9,"column":25}},{"start":{"line":9,"column":29},"end":{"line":9,"column":51}}]},"2":{"loc":{"start":{"line":10,"column":26},"end":{"line":10,"column":77}},"type":"binary-expr","locations":[{"start":{"line":10,"column":26},"end":{"line":10,"column":51}},{"start":{"line":10,"column":55},"end":{"line":10,"column":77}}]},"3":{"loc":{"start":{"line":11,"column":20},"end":{"line":11,"column":65}},"type":"binary-expr","locations":[{"start":{"line":11,"column":20},"end":{"line":11,"column":39}},{"start":{"line":11,"column":43},"end":{"line":11,"column":65}}]},"4":{"loc":{"start":{"line":12,"column":16},"end":{"line":12,"column":70}},"type":"binary-expr","locations":[{"start":{"line":12,"column":16},"end":{"line":12,"column":31}},{"start":{"line":12,"column":35},"end":{"line":12,"column":70}}]},"5":{"loc":{"start":{"line":13,"column":14},"end":{"line":13,"column":62}},"type":"binary-expr","locations":[{"start":{"line":13,"column":14},"end":{"line":13,"column":27}},{"start":{"line":13,"column":31},"end":{"line":13,"column":62}}]}},"s":{"0":1,"1":1,"2":1,"3":0,"4":1},"f":{"0":0},"b":{"0":[0],"1":[0,0],"2":[0,0],"3":[0,0],"4":[0,0],"5":[0,0]}}
,"/home/thiago-arend/driven/projetos/projeto21-drivent/tests/factories/hotels-factory.ts": {"path":"/home/thiago-arend/driven/projetos/projeto21-drivent/tests/factories/hotels-factory.ts","statementMap":{"0":{"start":{"line":1,"column":0},"end":{"line":1,"column":36}},"1":{"start":{"line":3,"column":0},"end":{"line":3,"column":34}},"2":{"start":{"line":7,"column":2},"end":{"line":12,"column":5}},"3":{"start":{"line":6,"column":0},"end":{"line":6,"column":7}},"4":{"start":{"line":16,"column":2},"end":{"line":19,"column":4}},"5":{"start":{"line":15,"column":0},"end":{"line":15,"column":16}},"6":{"start":{"line":23,"column":2},"end":{"line":29,"column":5}},"7":{"start":{"line":22,"column":0},"end":{"line":22,"column":7}},"8":{"start":{"line":33,"column":2},"end":{"line":36,"column":4}},"9":{"start":{"line":32,"column":0},"end":{"line":32,"column":16}},"10":{"start":{"line":40,"column":2},"end":{"line":45,"column":5}},"11":{"start":{"line":39,"column":0},"end":{"line":39,"column":7}},"12":{"start":{"line":49,"column":16},"end":{"line":49,"column":35}},"13":{"start":{"line":50,"column":24},"end":{"line":50,"column":70}},"14":{"start":{"line":51,"column":2},"end":{"line":53,"column":null}},"15":{"start":{"line":51,"column":15},"end":{"line":51,"column":16}},"16":{"start":{"line":52,"column":4},"end":{"line":52,"column":31}},"17":{"start":{"line":55,"column":2},"end":{"line":55,"column":15}},"18":{"start":{"line":48,"column":0},"end":{"line":48,"column":7}},"19":{"start":{"line":59,"column":16},"end":{"line":59,"column":18}},"20":{"start":{"line":60,"column":2},"end":{"line":62,"column":null}},"21":{"start":{"line":60,"column":15},"end":{"line":60,"column":16}},"22":{"start":{"line":61,"column":4},"end":{"line":61,"column":40}},"23":{"start":{"line":64,"column":2},"end":{"line":74,"column":5}},"24":{"start":{"line":58,"column":0},"end":{"line":58,"column":7}}},"fnMap":{"0":{"name":"createHotel","decl":{"start":{"line":6,"column":22},"end":{"line":6,"column":33}},"loc":{"start":{"line":6,"column":33},"end":{"line":13,"column":1}}},"1":{"name":"createHotelInputObject","decl":{"start":{"line":15,"column":16},"end":{"line":15,"column":38}},"loc":{"start":{"line":15,"column":38},"end":{"line":20,"column":1}}},"2":{"name":"createRoom","decl":{"start":{"line":22,"column":22},"end":{"line":22,"column":32}},"loc":{"start":{"line":22,"column":48},"end":{"line":30,"column":1}}},"3":{"name":"createRoomInputObject","decl":{"start":{"line":32,"column":16},"end":{"line":32,"column":37}},"loc":{"start":{"line":32,"column":37},"end":{"line":37,"column":1}}},"4":{"name":"createBooking","decl":{"start":{"line":39,"column":22},"end":{"line":39,"column":35}},"loc":{"start":{"line":39,"column":66},"end":{"line":46,"column":1}}},"5":{"name":"createHotelWithRooms","decl":{"start":{"line":48,"column":22},"end":{"line":48,"column":42}},"loc":{"start":{"line":48,"column":42},"end":{"line":56,"column":1}}},"6":{"name":"createHotelWithRoomsReturningNestedObject","decl":{"start":{"line":58,"column":22},"end":{"line":58,"column":63}},"loc":{"start":{"line":58,"column":63},"end":{"line":75,"column":1}}}},"branchMap":{},"s":{"0":1,"1":1,"2":4,"3":1,"4":10,"5":1,"6":4,"7":1,"8":300,"9":1,"10":12,"11":1,"12":0,"13":0,"14":0,"15":0,"16":0,"17":0,"18":1,"19":10,"20":10,"21":10,"22":300,"23":10,"24":1},"f":{"0":4,"1":10,"2":4,"3":300,"4":12,"5":0,"6":10},"b":{}}
,"/home/thiago-arend/driven/projetos/projeto21-drivent/tests/factories/index.ts": {"path":"/home/thiago-arend/driven/projetos/projeto21-drivent/tests/factories/index.ts","statementMap":{"0":{"start":{"line":1,"column":0},"end":{"line":1,"column":32}},"1":{"start":{"line":2,"column":0},"end":{"line":2,"column":33}},"2":{"start":{"line":3,"column":0},"end":{"line":3,"column":35}},"3":{"start":{"line":4,"column":0},"end":{"line":4,"column":38}},"4":{"start":{"line":5,"column":0},"end":{"line":5,"column":34}},"5":{"start":{"line":6,"column":0},"end":{"line":6,"column":35}},"6":{"start":{"line":7,"column":0},"end":{"line":7,"column":33}}},"fnMap":{},"branchMap":{},"s":{"0":1,"1":1,"2":1,"3":1,"4":1,"5":1,"6":1},"f":{},"b":{}}
,"/home/thiago-arend/driven/projetos/projeto21-drivent/tests/factories/payments-factory.ts": {"path":"/home/thiago-arend/driven/projetos/projeto21-drivent/tests/factories/payments-factory.ts","statementMap":{"0":{"start":{"line":1,"column":0},"end":{"line":1,"column":36}},"1":{"start":{"line":2,"column":0},"end":{"line":2,"column":34}},"2":{"start":{"line":5,"column":2},"end":{"line":12,"column":5}},"3":{"start":{"line":4,"column":0},"end":{"line":4,"column":7}},"4":{"start":{"line":16,"column":21},"end":{"line":16,"column":40}},"5":{"start":{"line":18,"column":2},"end":{"line":24,"column":4}},"6":{"start":{"line":15,"column":0},"end":{"line":15,"column":16}}},"fnMap":{"0":{"name":"createPayment","decl":{"start":{"line":4,"column":22},"end":{"line":4,"column":35}},"loc":{"start":{"line":4,"column":67},"end":{"line":13,"column":1}}},"1":{"name":"generateCreditCardData","decl":{"start":{"line":15,"column":16},"end":{"line":15,"column":38}},"loc":{"start":{"line":15,"column":38},"end":{"line":25,"column":1}}}},"branchMap":{},"s":{"0":1,"1":1,"2":0,"3":1,"4":0,"5":0,"6":1},"f":{"0":0,"1":0},"b":{}}
,"/home/thiago-arend/driven/projetos/projeto21-drivent/tests/factories/sessions-factory.ts": {"path":"/home/thiago-arend/driven/projetos/projeto21-drivent/tests/factories/sessions-factory.ts","statementMap":{"0":{"start":{"line":2,"column":0},"end":{"line":2,"column":45}},"1":{"start":{"line":3,"column":0},"end":{"line":3,"column":34}},"2":{"start":{"line":6,"column":15},"end":{"line":6,"column":33}},"3":{"start":{"line":8,"column":2},"end":{"line":13,"column":5}},"4":{"start":{"line":5,"column":0},"end":{"line":5,"column":7}}},"fnMap":{"0":{"name":"createSession","decl":{"start":{"line":5,"column":22},"end":{"line":5,"column":35}},"loc":{"start":{"line":5,"column":49},"end":{"line":14,"column":1}}}},"branchMap":{},"s":{"0":1,"1":1,"2":18,"3":18,"4":1},"f":{"0":18},"b":{}}
,"/home/thiago-arend/driven/projetos/projeto21-drivent/tests/factories/tickets-factory.ts": {"path":"/home/thiago-arend/driven/projetos/projeto21-drivent/tests/factories/tickets-factory.ts","statementMap":{"0":{"start":{"line":1,"column":0},"end":{"line":1,"column":36}},"1":{"start":{"line":3,"column":0},"end":{"line":3,"column":34}},"2":{"start":{"line":6,"column":2},"end":{"line":13,"column":5}},"3":{"start":{"line":5,"column":0},"end":{"line":5,"column":7}},"4":{"start":{"line":17,"column":2},"end":{"line":24,"column":5}},"5":{"start":{"line":16,"column":0},"end":{"line":16,"column":7}},"6":{"start":{"line":28,"column":2},"end":{"line":34,"column":5}},"7":{"start":{"line":27,"column":0},"end":{"line":27,"column":7}}},"fnMap":{"0":{"name":"createRandomTicketType","decl":{"start":{"line":5,"column":22},"end":{"line":5,"column":44}},"loc":{"start":{"line":5,"column":44},"end":{"line":14,"column":1}}},"1":{"name":"createTicketType","decl":{"start":{"line":16,"column":22},"end":{"line":16,"column":38}},"loc":{"start":{"line":16,"column":80},"end":{"line":25,"column":1}}},"2":{"name":"createTicket","decl":{"start":{"line":27,"column":22},"end":{"line":27,"column":34}},"loc":{"start":{"line":27,"column":99},"end":{"line":35,"column":1}}}},"branchMap":{},"s":{"0":1,"1":1,"2":2,"3":1,"4":8,"5":1,"6":10,"7":1},"f":{"0":2,"1":8,"2":10},"b":{}}
,"/home/thiago-arend/driven/projetos/projeto21-drivent/tests/factories/users-factory.ts": {"path":"/home/thiago-arend/driven/projetos/projeto21-drivent/tests/factories/users-factory.ts","statementMap":{"0":{"start":{"line":1,"column":0},"end":{"line":1,"column":28}},"1":{"start":{"line":2,"column":0},"end":{"line":2,"column":36}},"2":{"start":{"line":3,"column":0},"end":{"line":3,"column":52}},"3":{"start":{"line":4,"column":0},"end":{"line":4,"column":null}},"4":{"start":{"line":13,"column":0},"end":{"line":13,"column":34}},"5":{"start":{"line":16,"column":27},"end":{"line":16,"column":72}},"6":{"start":{"line":17,"column":25},"end":{"line":17,"column":64}},"7":{"start":{"line":19,"column":2},"end":{"line":24,"column":5}},"8":{"start":{"line":15,"column":0},"end":{"line":15,"column":7}},"9":{"start":{"line":28,"column":15},"end":{"line":28,"column":33}},"10":{"start":{"line":29,"column":21},"end":{"line":29,"column":60}},"11":{"start":{"line":30,"column":21},"end":{"line":30,"column":68}},"12":{"start":{"line":31,"column":2},"end":{"line":31,"column":103}},"13":{"start":{"line":33,"column":2},"end":{"line":33,"column":14}},"14":{"start":{"line":27,"column":0},"end":{"line":27,"column":7}},"15":{"start":{"line":37,"column":15},"end":{"line":37,"column":33}},"16":{"start":{"line":38,"column":16},"end":{"line":38,"column":35}},"17":{"start":{"line":39,"column":15},"end":{"line":39,"column":41}},"18":{"start":{"line":40,"column":2},"end":{"line":40,"column":40}},"19":{"start":{"line":42,"column":2},"end":{"line":42,"column":14}},"20":{"start":{"line":36,"column":0},"end":{"line":36,"column":7}},"21":{"start":{"line":46,"column":15},"end":{"line":46,"column":33}},"22":{"start":{"line":47,"column":21},"end":{"line":47,"column":60}},"23":{"start":{"line":48,"column":21},"end":{"line":48,"column":51}},"24":{"start":{"line":49,"column":2},"end":{"line":49,"column":74}},"25":{"start":{"line":51,"column":2},"end":{"line":51,"column":14}},"26":{"start":{"line":45,"column":0},"end":{"line":45,"column":7}},"27":{"start":{"line":55,"column":15},"end":{"line":55,"column":33}},"28":{"start":{"line":56,"column":2},"end":{"line":56,"column":42}},"29":{"start":{"line":58,"column":2},"end":{"line":58,"column":14}},"30":{"start":{"line":54,"column":0},"end":{"line":54,"column":7}},"31":{"start":{"line":62,"column":15},"end":{"line":62,"column":33}},"32":{"start":{"line":63,"column":2},"end":{"line":63,"column":42}},"33":{"start":{"line":64,"column":16},"end":{"line":64,"column":35}},"34":{"start":{"line":65,"column":15},"end":{"line":65,"column":41}},"35":{"start":{"line":66,"column":2},"end":{"line":66,"column":40}},"36":{"start":{"line":68,"column":2},"end":{"line":68,"column":14}},"37":{"start":{"line":61,"column":0},"end":{"line":61,"column":7}}},"fnMap":{"0":{"name":"createUser","decl":{"start":{"line":15,"column":22},"end":{"line":15,"column":32}},"loc":{"start":{"line":15,"column":59},"end":{"line":25,"column":1}}},"1":{"name":"createUserWithTicket","decl":{"start":{"line":27,"column":22},"end":{"line":27,"column":42}},"loc":{"start":{"line":27,"column":101},"end":{"line":34,"column":1}}},"2":{"name":"createUserWithOnlyHotel","decl":{"start":{"line":36,"column":22},"end":{"line":36,"column":45}},"loc":{"start":{"line":36,"column":45},"end":{"line":43,"column":1}}},"3":{"name":"createUserWithOnlyEnrollmentAndTicket","decl":{"start":{"line":45,"column":22},"end":{"line":45,"column":59}},"loc":{"start":{"line":45,"column":59},"end":{"line":52,"column":1}}},"4":{"name":"createUserWithOnlyEnrollment","decl":{"start":{"line":54,"column":22},"end":{"line":54,"column":50}},"loc":{"start":{"line":54,"column":50},"end":{"line":59,"column":1}}},"5":{"name":"createUserWithOnlyEnrollmentAndHotel","decl":{"start":{"line":61,"column":22},"end":{"line":61,"column":58}},"loc":{"start":{"line":61,"column":58},"end":{"line":69,"column":1}}}},"branchMap":{"0":{"loc":{"start":{"line":15,"column":33},"end":{"line":15,"column":59}},"type":"default-arg","locations":[{"start":{"line":15,"column":57},"end":{"line":15,"column":59}}]},"1":{"loc":{"start":{"line":16,"column":27},"end":{"line":16,"column":72}},"type":"binary-expr","locations":[{"start":{"line":16,"column":27},"end":{"line":16,"column":42}},{"start":{"line":16,"column":46},"end":{"line":16,"column":72}}]},"2":{"loc":{"start":{"line":21,"column":13},"end":{"line":21,"column":51}},"type":"binary-expr","locations":[{"start":{"line":21,"column":13},"end":{"line":21,"column":25}},{"start":{"line":21,"column":29},"end":{"line":21,"column":51}}]},"3":{"loc":{"start":{"line":31,"column":51},"end":{"line":31,"column":101}},"type":"cond-expr","locations":[{"start":{"line":31,"column":60},"end":{"line":31,"column":77}},{"start":{"line":31,"column":80},"end":{"line":31,"column":101}}]}},"s":{"0":1,"1":1,"2":1,"3":1,"4":1,"5":38,"6":38,"7":38,"8":1,"9":6,"10":6,"11":6,"12":6,"13":6,"14":1,"15":2,"16":2,"17":2,"18":2,"19":2,"20":1,"21":2,"22":2,"23":2,"24":2,"25":2,"26":1,"27":2,"28":2,"29":2,"30":1,"31":2,"32":2,"33":2,"34":2,"35":2,"36":2,"37":1},"f":{"0":38,"1":6,"2":2,"3":2,"4":2,"5":2},"b":{"0":[38],"1":[38,38],"2":[38,38],"3":[4,2]}}
}
