TN:
SF:src/app.ts
FN:23,(anonymous_1)
FN:33,init
FN:38,close
FNF:3
FNH:1
FNDA:0,(anonymous_1)
FNDA:1,init
FNDA:0,close
DA:1,1
DA:2,1
DA:3,1
DA:4,1
DA:5,1
DA:6,1
DA:15,1
DA:17,1
DA:19,1
DA:20,1
DA:23,0
DA:33,1
DA:34,1
DA:35,1
DA:38,1
DA:39,0
DA:42,1
LF:17
LH:15
BRF:0
BRH:0
end_of_record
TN:
SF:src/config/database.ts
FN:4,connectDb
FN:8,disconnectDB
FNF:2
FNH:1
FNDA:1,connectDb
FNDA:0,disconnectDB
DA:1,1
DA:4,1
DA:5,1
DA:8,1
DA:9,0
LF:5
LH:4
BRF:0
BRH:0
end_of_record
TN:
SF:src/config/envs.ts
FN:4,loadEnv
FNF:1
FNH:1
FNDA:2,loadEnv
DA:1,1
DA:2,1
DA:4,1
DA:6,2
DA:12,2
DA:13,2
LF:6
LH:6
BRDA:6,0,0,2
BRDA:6,0,1,0
BRDA:8,1,0,0
BRDA:8,1,1,0
BRF:4
BRH:1
end_of_record
TN:
SF:src/config/index.ts
FNF:0
FNH:0
DA:1,1
DA:2,1
LF:2
LH:2
BRF:0
BRH:0
end_of_record
TN:
SF:src/controllers/authentication-controller.ts
FN:5,singInPost
FNF:1
FNH:0
FNDA:0,singInPost
DA:2,1
DA:3,1
DA:5,1
DA:6,0
DA:8,0
DA:10,0
LF:6
LH:3
BRF:0
BRH:0
end_of_record
TN:
SF:src/controllers/enrollments-controller.ts
FN:7,getEnrollmentByUser
FN:15,postCreateOrUpdateEnrollment
FN:24,getAddressFromCEP
FNF:3
FNH:0
FNDA:0,getEnrollmentByUser
FNDA:0,postCreateOrUpdateEnrollment
FNDA:0,getAddressFromCEP
DA:2,1
DA:4,1
DA:7,1
DA:8,0
DA:10,0
DA:12,0
DA:15,1
DA:16,0
DA:21,0
DA:24,1
DA:25,0
DA:27,0
DA:28,0
LF:13
LH:5
BRF:0
BRH:0
end_of_record
TN:
SF:src/controllers/events-controller.ts
FN:5,getDefaultEvent
FNF:1
FNH:0
FNDA:0,getDefaultEvent
DA:2,1
DA:3,1
DA:5,1
DA:6,0
DA:7,0
LF:5
LH:3
BRF:0
BRH:0
end_of_record
TN:
SF:src/controllers/hotels-controller.ts
FN:6,getHotels
FN:12,getHotelWithRooms
FNF:2
FNH:2
FNDA:14,getHotels
FNDA:4,getHotelWithRooms
DA:2,1
DA:4,1
DA:6,1
DA:7,14
DA:9,1
DA:12,1
DA:13,4
DA:15,4
DA:17,1
DA:20,1
LF:10
LH:10
BRF:0
BRH:0
end_of_record
TN:
SF:src/controllers/index.ts
FNF:0
FNH:0
DA:1,1
DA:2,1
DA:3,1
DA:4,1
DA:5,1
DA:6,1
DA:7,1
LF:7
LH:7
BRF:0
BRH:0
end_of_record
TN:
SF:src/controllers/payments-controller.ts
FN:7,getPaymentByTicketId
FN:15,paymentProcess
FNF:2
FNH:0
FNDA:0,getPaymentByTicketId
FNDA:0,paymentProcess
DA:2,1
DA:5,1
DA:7,1
DA:8,0
DA:9,0
DA:11,0
DA:12,0
DA:15,1
DA:16,0
DA:17,0
DA:19,0
DA:20,0
LF:12
LH:4
BRF:0
BRH:0
end_of_record
TN:
SF:src/controllers/tickets-controller.ts
FN:7,getTicketTypes
FN:12,getTicket
FN:18,createTicket
FNF:3
FNH:0
FNDA:0,getTicketTypes
FNDA:0,getTicket
FNDA:0,createTicket
DA:2,1
DA:4,1
DA:7,1
DA:8,0
DA:9,0
DA:12,1
DA:13,0
DA:14,0
DA:15,0
DA:18,1
DA:19,0
DA:20,0
DA:22,0
DA:23,0
LF:14
LH:5
BRF:0
BRH:0
end_of_record
TN:
SF:src/controllers/users-controller.ts
FN:5,usersPost
FNF:1
FNH:0
FNDA:0,usersPost
DA:2,1
DA:3,1
DA:5,1
DA:6,0
DA:8,0
DA:10,0
LF:6
LH:3
BRF:0
BRH:0
end_of_record
TN:
SF:src/errors/cannot-enroll-before-start-date-error.ts
FN:3,cannotEnrollBeforeStartDateError
FNF:1
FNH:0
FNDA:0,cannotEnrollBeforeStartDateError
DA:3,1
DA:4,0
LF:2
LH:1
BRF:0
BRH:0
end_of_record
TN:
SF:src/errors/conflict-error.ts
FN:3,conflictError
FNF:1
FNH:0
FNDA:0,conflictError
DA:3,1
DA:4,0
LF:2
LH:1
BRF:0
BRH:0
end_of_record
TN:
SF:src/errors/duplicate-email-error.ts
FN:3,duplicatedEmailError
FNF:1
FNH:0
FNDA:0,duplicatedEmailError
DA:3,1
DA:4,0
LF:2
LH:1
BRF:0
BRH:0
end_of_record
TN:
SF:src/errors/enrollment-not-found-error.ts
FN:3,enrollmentNotFoundError
FNF:1
FNH:0
FNDA:0,enrollmentNotFoundError
DA:3,1
DA:4,0
LF:2
LH:1
BRF:0
BRH:0
end_of_record
TN:
SF:src/errors/index.ts
FNF:0
FNH:0
DA:1,1
DA:2,1
DA:3,1
DA:4,1
DA:5,1
DA:6,1
DA:7,1
DA:8,1
DA:9,1
DA:10,1
DA:11,1
LF:11
LH:11
BRF:0
BRH:0
end_of_record
TN:
SF:src/errors/invalid-cep-error.ts
FN:3,invalidCepError
FNF:1
FNH:0
FNDA:0,invalidCepError
DA:3,1
DA:4,0
LF:2
LH:1
BRF:0
BRH:0
end_of_record
TN:
SF:src/errors/invalid-credentials-error.ts
FN:3,invalidCredentialsError
FNF:1
FNH:0
FNDA:0,invalidCredentialsError
DA:3,1
DA:4,0
LF:2
LH:1
BRF:0
BRH:0
end_of_record
TN:
SF:src/errors/invalid-data-error.ts
FN:3,invalidDataError
FNF:1
FNH:0
FNDA:0,invalidDataError
DA:3,1
DA:4,0
LF:2
LH:1
BRF:0
BRH:0
end_of_record
TN:
SF:src/errors/invalid-email-error.ts
FN:3,invalidEmailError
FNF:1
FNH:0
FNDA:0,invalidEmailError
DA:3,1
DA:4,0
LF:2
LH:1
BRF:0
BRH:0
end_of_record
TN:
SF:src/errors/not-found-error.ts
FN:3,notFoundError
FNF:1
FNH:1
FNDA:10,notFoundError
DA:3,1
DA:4,10
LF:2
LH:2
BRF:0
BRH:0
end_of_record
TN:
SF:src/errors/payment-required-error.ts
FN:3,paymentRequiredError
FNF:1
FNH:1
FNDA:6,paymentRequiredError
DA:3,1
DA:4,6
LF:2
LH:2
BRF:0
BRH:0
end_of_record
TN:
SF:src/errors/request-error.ts
FN:3,requestError
FNF:1
FNH:0
FNDA:0,requestError
DA:3,1
DA:4,0
LF:2
LH:1
BRF:0
BRH:0
end_of_record
TN:
SF:src/errors/unauthorized-error.ts
FN:3,unauthorizedError
FNF:1
FNH:1
FNDA:4,unauthorizedError
DA:3,1
DA:4,4
LF:2
LH:2
BRF:0
BRH:0
end_of_record
TN:
SF:src/middlewares/authentication-middleware.ts
FN:6,authenticateToken
FNF:1
FNH:1
FNDA:24,authenticateToken
DA:2,1
DA:3,1
DA:4,1
DA:6,1
DA:7,24
DA:8,24
DA:10,22
DA:11,22
DA:13,22
DA:15,20
DA:16,20
DA:18,18
DA:19,18
LF:13
LH:13
BRDA:8,0,0,2
BRDA:11,1,0,0
BRDA:16,2,0,2
BRF:3
BRH:2
end_of_record
TN:
SF:src/middlewares/error-handling-middleware.ts
FN:5,handleApplicationErrors
FNF:1
FNH:1
FNDA:22,handleApplicationErrors
DA:2,1
DA:5,1
DA:11,22
DA:12,0
DA:17,22
DA:18,0
DA:23,22
DA:24,2
DA:29,20
DA:30,0
DA:35,20
DA:36,10
DA:41,10
DA:42,0
DA:47,10
DA:48,4
DA:53,6
DA:54,0
DA:57,6
DA:58,0
DA:61,6
DA:62,6
DA:65,0
DA:66,0
DA:72,0
DA:73,0
LF:26
LH:16
BRDA:11,0,0,0
BRDA:17,1,0,0
BRDA:17,2,0,22
BRDA:17,2,1,22
BRDA:23,3,0,2
BRDA:23,4,0,22
BRDA:23,4,1,22
BRDA:29,5,0,0
BRDA:35,6,0,10
BRDA:41,7,0,0
BRDA:47,8,0,4
BRDA:53,9,0,0
BRDA:57,10,0,0
BRDA:61,11,0,6
BRDA:65,12,0,0
BRDA:65,13,0,0
BRDA:65,13,1,0
BRF:17
BRH:8
end_of_record
TN:
SF:src/middlewares/index.ts
FNF:0
FNH:0
DA:1,1
DA:2,1
DA:3,1
LF:3
LH:3
BRF:0
BRH:0
end_of_record
TN:
SF:src/middlewares/validation-middleware.ts
FN:5,validateBody
FN:9,validateParams
FN:13,validate
FN:14,(anonymous_3)
FN:23,(anonymous_4)
FNF:5
FNH:2
FNDA:5,validateBody
FNDA:0,validateParams
FNDA:5,validate
FNDA:0,(anonymous_3)
FNDA:0,(anonymous_4)
DA:3,1
DA:5,1
DA:6,5
DA:9,1
DA:10,0
DA:14,5
DA:15,0
DA:19,0
DA:20,0
DA:22,0
DA:23,0
DA:24,0
LF:12
LH:5
BRDA:19,0,0,0
BRDA:19,0,1,0
BRF:2
BRH:0
end_of_record
TN:
SF:src/repositories/address-repository.ts
FN:4,upsert
FNF:1
FNH:0
FNDA:0,upsert
DA:2,1
DA:5,0
DA:20,1
LF:3
LH:2
BRF:0
BRH:0
end_of_record
TN:
SF:src/repositories/authentication-repository.ts
FN:4,createSession
FN:10,findSession
FNF:2
FNH:1
FNDA:0,createSession
FNDA:20,findSession
DA:2,1
DA:5,0
DA:11,20
DA:18,1
LF:4
LH:3
BRF:0
BRH:0
end_of_record
TN:
SF:src/repositories/enrollments-repository.ts
FN:4,findWithAddressByUserId
FN:13,upsert
FNF:2
FNH:1
FNDA:30,findWithAddressByUserId
FNDA:0,upsert
DA:2,1
DA:5,30
DA:18,0
DA:30,1
LF:4
LH:3
BRF:0
BRH:0
end_of_record
TN:
SF:src/repositories/events-repository.ts
FN:3,findFirst
FNF:1
FNH:0
FNDA:0,findFirst
DA:1,1
DA:4,0
DA:7,1
LF:3
LH:2
BRF:0
BRH:0
end_of_record
TN:
SF:src/repositories/hotels-repository.ts
FN:5,getHotels
FN:9,getHotelWithRooms
FN:18,getHotel
FN:26,getRoom
FN:34,getBookingByUserId
FNF:5
FNH:5
FNDA:1,getHotels
FNDA:1,getHotelWithRooms
FNDA:12,getHotel
FNDA:12,getRoom
FNDA:18,getBookingByUserId
DA:2,1
DA:5,1
DA:6,1
DA:9,1
DA:10,1
DA:15,1
DA:18,1
DA:19,12
DA:23,12
DA:26,1
DA:27,12
DA:31,12
DA:34,1
DA:35,18
DA:39,18
DA:42,1
LF:16
LH:16
BRF:0
BRH:0
end_of_record
TN:
SF:src/repositories/index.ts
FNF:0
FNH:0
DA:1,1
DA:2,1
DA:3,1
DA:4,1
DA:5,1
DA:6,1
DA:7,1
DA:8,1
LF:8
LH:8
BRF:0
BRH:0
end_of_record
TN:
SF:src/repositories/payments-repository.ts
FN:4,findPaymentByTicketId
FN:11,createPayment
FNF:2
FNH:0
FNDA:0,findPaymentByTicketId
FNDA:0,createPayment
DA:1,1
DA:5,0
DA:8,0
DA:12,0
DA:19,0
DA:22,1
LF:6
LH:2
BRF:0
BRH:0
end_of_record
TN:
SF:src/repositories/tickets-repository.ts
FN:5,findTicketTypes
FN:10,findTicketByEnrollmentId
FN:19,createTicket
FN:28,findTicketById
FN:37,ticketProcessPayment
FNF:5
FNH:1
FNDA:0,findTicketTypes
FNDA:18,findTicketByEnrollmentId
FNDA:0,createTicket
FNDA:0,findTicketById
FNDA:0,ticketProcessPayment
DA:1,1
DA:2,1
DA:6,0
DA:7,0
DA:11,18
DA:16,18
DA:20,0
DA:25,0
DA:29,0
DA:34,0
DA:38,0
DA:47,0
DA:50,1
LF:13
LH:5
BRF:0
BRH:0
end_of_record
TN:
SF:src/repositories/users-repository.ts
FN:4,findByEmail
FN:18,create
FNF:2
FNH:0
FNDA:0,findByEmail
FNDA:0,create
DA:2,1
DA:5,0
DA:11,0
DA:12,0
DA:15,0
DA:19,0
DA:24,1
LF:7
LH:2
BRDA:11,0,0,0
BRF:1
BRH:0
end_of_record
TN:
SF:src/routers/authentication-router.ts
FNF:0
FNH:0
DA:1,1
DA:2,1
DA:3,1
DA:4,1
DA:6,1
DA:8,1
DA:10,1
LF:7
LH:7
BRF:0
BRH:0
end_of_record
TN:
SF:src/routers/enrollments-router.ts
FNF:0
FNH:0
DA:1,1
DA:2,1
DA:3,1
DA:4,1
DA:6,1
DA:8,1
DA:14,1
LF:7
LH:7
BRF:0
BRH:0
end_of_record
TN:
SF:src/routers/events-router.ts
FNF:0
FNH:0
DA:1,1
DA:2,1
DA:4,1
DA:6,1
DA:8,1
LF:5
LH:5
BRF:0
BRH:0
end_of_record
TN:
SF:src/routers/hotels-router.ts
FNF:0
FNH:0
DA:1,1
DA:2,1
DA:3,1
DA:5,1
DA:7,1
DA:12,1
LF:6
LH:6
BRF:0
BRH:0
end_of_record
TN:
SF:src/routers/index.ts
FNF:0
FNH:0
DA:1,1
DA:2,1
DA:3,1
DA:4,1
DA:5,1
DA:6,1
DA:7,1
LF:7
LH:7
BRF:0
BRH:0
end_of_record
TN:
SF:src/routers/paymets-router.ts
FNF:0
FNH:0
DA:1,1
DA:2,1
DA:3,1
DA:4,1
DA:6,1
DA:8,1
DA:13,1
LF:7
LH:7
BRF:0
BRH:0
end_of_record
TN:
SF:src/routers/tickets-router.ts
FNF:0
FNH:0
DA:1,1
DA:2,1
DA:3,1
DA:4,1
DA:6,1
DA:8,1
DA:14,1
LF:7
LH:7
BRF:0
BRH:0
end_of_record
TN:
SF:src/routers/users-router.ts
FNF:0
FNH:0
DA:1,1
DA:3,1
DA:4,1
DA:5,1
DA:7,1
DA:9,1
DA:11,1
LF:7
LH:7
BRF:0
BRH:0
end_of_record
TN:
SF:src/schemas/authentication-schemas.ts
FNF:0
FNH:0
DA:1,1
DA:4,1
LF:2
LH:2
BRF:0
BRH:0
end_of_record
TN:
SF:src/schemas/enrollments-schemas.ts
FN:23,(anonymous_1)
FN:30,joiCpfValidation
FN:40,joiCepValidation
FN:50,joiMobilePhoneValidation
FNF:4
FNH:1
FNDA:27,(anonymous_1)
FNDA:0,joiCpfValidation
FNDA:0,joiCepValidation
FNDA:0,joiMobilePhoneValidation
DA:1,1
DA:2,1
DA:5,1
DA:7,1
DA:9,1
DA:11,1
DA:23,27
DA:31,0
DA:33,0
DA:34,0
DA:37,0
DA:41,0
DA:43,0
DA:44,0
DA:47,0
DA:51,0
DA:53,0
DA:54,0
DA:57,0
LF:19
LH:7
BRDA:31,0,0,0
BRDA:33,1,0,0
BRDA:41,2,0,0
BRDA:43,3,0,0
BRDA:51,4,0,0
BRDA:53,5,0,0
BRF:6
BRH:0
end_of_record
TN:
SF:src/schemas/index.ts
FNF:0
FNH:0
DA:1,1
DA:2,1
DA:3,1
LF:3
LH:3
BRF:0
BRH:0
end_of_record
TN:
SF:src/schemas/payments-schemas.ts
FNF:0
FNH:0
DA:1,1
DA:4,1
LF:2
LH:2
BRF:0
BRH:0
end_of_record
TN:
SF:src/schemas/tickets-schemas.ts
FNF:0
FNH:0
DA:1,1
DA:4,1
LF:2
LH:2
BRF:0
BRH:0
end_of_record
TN:
SF:src/schemas/users-schemas.ts
FNF:0
FNH:0
DA:1,1
DA:4,1
LF:2
LH:2
BRF:0
BRH:0
end_of_record
TN:
SF:src/services/authentication-service.ts
FN:8,signIn
FN:23,getUserOrFail
FN:30,createSession
FN:40,validatePasswordOrFail
FNF:4
FNH:0
FNDA:0,signIn
FNDA:0,getUserOrFail
FNDA:0,createSession
FNDA:0,validatePasswordOrFail
DA:2,1
DA:3,1
DA:4,1
DA:5,1
DA:6,1
DA:9,0
DA:11,0
DA:13,0
DA:15,0
DA:17,0
DA:24,0
DA:25,0
DA:27,0
DA:31,0
DA:32,0
DA:37,0
DA:41,0
DA:42,0
DA:54,1
LF:19
LH:6
BRDA:25,0,0,0
BRDA:42,1,0,0
BRF:2
BRH:0
end_of_record
TN:
SF:src/services/enrollments-service.ts
FN:8,getAddressFromCEP
FN:27,getOneWithAddressByUserId
FN:43,getFirstAddress
FN:51,createOrUpdateEnrollmentWithAddress
FN:63,getAddressForUpsert
FNF:5
FNH:0
FNDA:0,getAddressFromCEP
FNDA:0,getOneWithAddressByUserId
FNDA:0,getFirstAddress
FNDA:0,createOrUpdateEnrollmentWithAddress
FNDA:0,getAddressForUpsert
DA:2,1
DA:3,1
DA:4,1
DA:5,1
DA:9,0
DA:11,0
DA:12,0
DA:15,0
DA:16,0
DA:24,0
DA:28,0
DA:30,0
DA:32,0
DA:33,0
DA:35,0
DA:44,0
DA:46,0
DA:52,0
DA:53,0
DA:54,0
DA:56,0
DA:58,0
DA:60,0
DA:64,0
DA:74,1
LF:25
LH:5
BRDA:11,0,0,0
BRDA:11,1,0,0
BRDA:11,1,1,0
BRDA:30,2,0,0
BRDA:37,3,0,0
BRDA:37,3,1,0
BRDA:44,4,0,0
BRDA:66,5,0,0
BRDA:66,5,1,0
BRF:9
BRH:0
end_of_record
TN:
SF:src/services/events-service.ts
FN:7,getFirstEvent
FN:16,isCurrentEventActive
FNF:2
FNH:0
FNDA:0,getFirstEvent
FNDA:0,isCurrentEventActive
DA:2,1
DA:3,1
DA:4,1
DA:5,1
DA:8,0
DA:9,0
DA:11,0
DA:17,0
DA:18,0
DA:20,0
DA:21,0
DA:22,0
DA:24,0
DA:27,1
LF:14
LH:5
BRDA:9,0,0,0
BRDA:18,1,0,0
BRDA:24,2,0,0
BRDA:24,2,1,0
BRF:4
BRH:0
end_of_record
TN:
SF:src/services/hotels-service.ts
FN:6,getHotels
FN:15,getHotelWithRooms
FNF:2
FNH:2
FNDA:14,getHotels
FNDA:4,getHotelWithRooms
DA:2,1
DA:4,1
DA:6,1
DA:7,14
DA:8,4
DA:10,1
DA:12,1
DA:15,1
DA:16,4
DA:17,4
DA:18,1
DA:20,1
DA:23,1
LF:13
LH:13
BRF:0
BRH:0
end_of_record
TN:
SF:src/services/index.ts
FNF:0
FNH:0
DA:1,1
DA:2,1
DA:3,1
DA:4,1
DA:5,1
DA:6,1
DA:7,1
LF:7
LH:7
BRF:0
BRH:0
end_of_record
TN:
SF:src/services/payments-service.ts
FN:5,verifyTicketAndEnrollment
FN:17,getPaymentByTicketId
FN:25,paymentProcess
FNF:3
FNH:0
FNDA:0,verifyTicketAndEnrollment
FNDA:0,getPaymentByTicketId
FNDA:0,paymentProcess
DA:1,1
DA:3,1
DA:6,0
DA:8,0
DA:9,0
DA:11,0
DA:12,0
DA:14,0
DA:18,0
DA:20,0
DA:22,0
DA:26,0
DA:28,0
DA:35,0
DA:36,0
DA:37,0
DA:40,1
LF:17
LH:3
BRDA:6,0,0,0
BRDA:6,1,0,0
BRDA:6,1,1,0
BRDA:9,2,0,0
BRDA:12,3,0,0
BRF:5
BRH:0
end_of_record
TN:
SF:src/services/tickets-service.ts
FN:6,findTicketTypes
FN:11,getTicketByUserId
FN:21,createTicket
FNF:3
FNH:0
FNDA:0,findTicketTypes
FNDA:0,getTicketByUserId
FNDA:0,createTicket
DA:1,1
DA:2,1
DA:4,1
DA:7,0
DA:8,0
DA:12,0
DA:13,0
DA:15,0
DA:16,0
DA:18,0
DA:22,0
DA:24,0
DA:25,0
DA:27,0
DA:33,0
DA:34,0
DA:37,1
LF:17
LH:4
BRDA:13,0,0,0
BRDA:16,1,0,0
BRDA:22,2,0,0
BRDA:25,3,0,0
BRF:4
BRH:0
end_of_record
TN:
SF:src/services/users-service.ts
FN:8,createUser
FN:20,validateUniqueEmailOrFail
FN:27,canEnrollOrFail
FN:34,userHasEnrollment
FN:41,userHasTicket
FN:49,userHasHotel
FN:60,validateIfUserHasEnrollmentWithPaidTicketThatIncludesHotelOrThrow
FN:68,validateIfUserHasEnrollmentTicketAndHotelOrThrow
FNF:8
FNH:5
FNDA:0,createUser
FNDA:0,validateUniqueEmailOrFail
FNDA:0,canEnrollOrFail
FNDA:12,userHasEnrollment
FNDA:10,userHasTicket
FNDA:18,userHasHotel
FNDA:8,validateIfUserHasEnrollmentWithPaidTicketThatIncludesHotelOrThrow
FNDA:18,validateIfUserHasEnrollmentTicketAndHotelOrThrow
DA:1,1
DA:2,1
DA:3,1
DA:4,1
DA:5,1
DA:6,1
DA:8,1
DA:9,0
DA:11,0
DA:13,0
DA:14,0
DA:21,0
DA:22,0
DA:23,0
DA:28,0
DA:29,0
DA:30,0
DA:35,12
DA:37,12
DA:38,2
DA:42,10
DA:43,10
DA:45,10
DA:46,2
DA:50,18
DA:51,18
DA:52,12
DA:53,12
DA:54,12
DA:56,12
DA:57,0
DA:61,8
DA:62,8
DA:63,8
DA:64,8
DA:65,6
DA:69,18
DA:70,12
DA:71,10
DA:76,1
LF:40
LH:29
BRDA:22,0,0,0
BRDA:29,1,0,0
BRDA:37,2,0,10
BRDA:45,3,0,8
BRDA:51,4,0,6
BRDA:53,5,0,0
BRDA:56,6,0,12
BRDA:62,7,0,0
BRDA:64,8,0,6
BRDA:64,9,0,8
BRDA:64,9,1,8
BRDA:64,9,2,6
BRDA:64,9,3,4
BRDA:69,10,0,0
BRDA:70,11,0,2
BRDA:71,12,0,2
BRF:16
BRH:11
end_of_record
TN:
SF:src/utils/prisma-utils.ts
FN:1,exclude
FNF:1
FNH:0
FNDA:0,exclude
DA:1,1
DA:2,0
DA:3,0
DA:4,0
DA:6,0
LF:5
LH:1
BRF:0
BRH:0
end_of_record
TN:
SF:src/utils/request.ts
FN:4,get
FNF:1
FNH:0
FNDA:0,get
DA:1,1
DA:2,1
DA:5,0
DA:6,0
DA:7,0
DA:9,0
DA:10,0
DA:14,1
LF:8
LH:3
BRF:0
BRH:0
end_of_record
TN:
SF:tests/helpers.ts
FN:7,cleanDb
FN:21,generateValidToken
FN:30,generateRandomNumber
FNF:3
FNH:3
FNDA:16,cleanDb
FNDA:18,generateValidToken
FNDA:9,generateRandomNumber
DA:1,1
DA:3,1
DA:4,1
DA:5,1
DA:7,1
DA:8,16
DA:9,16
DA:10,16
DA:11,16
DA:12,16
DA:13,16
DA:14,16
DA:15,16
DA:16,16
DA:17,16
DA:18,16
DA:21,1
DA:22,18
DA:23,18
DA:25,18
DA:27,18
DA:30,1
DA:31,9
LF:23
LH:23
BRDA:22,0,0,18
BRDA:22,0,1,0
BRF:2
BRH:1
end_of_record
TN:
SF:tests/factories/enrollments-factory.ts
FN:8,createEnrollmentWithAddress
FN:35,createhAddressWithCEP
FNF:2
FNH:1
FNDA:14,createEnrollmentWithAddress
FNDA:0,createhAddressWithCEP
DA:1,1
DA:2,1
DA:5,1
DA:6,1
DA:8,1
DA:9,14
DA:11,14
DA:35,1
DA:36,0
LF:9
LH:8
BRDA:9,0,0,14
BRDA:9,0,1,0
BRF:2
BRH:1
end_of_record
TN:
SF:tests/factories/events-factory.ts
FN:6,createEvent
FNF:1
FNH:0
FNDA:0,createEvent
DA:1,1
DA:2,1
DA:4,1
DA:6,1
DA:7,0
LF:5
LH:4
BRDA:6,0,0,0
BRDA:9,1,0,0
BRDA:9,1,1,0
BRDA:10,2,0,0
BRDA:10,2,1,0
BRDA:11,3,0,0
BRDA:11,3,1,0
BRDA:12,4,0,0
BRDA:12,4,1,0
BRDA:13,5,0,0
BRDA:13,5,1,0
BRF:11
BRH:0
end_of_record
TN:
SF:tests/factories/hotels-factory.ts
FN:6,createHotel
FN:15,createHotelInputObject
FN:22,createRoom
FN:32,createRoomInputObject
FN:39,createBooking
FN:48,createHotelWithRooms
FN:58,createHotelWithRoomsReturningNestedObject
FNF:7
FNH:6
FNDA:4,createHotel
FNDA:10,createHotelInputObject
FNDA:4,createRoom
FNDA:300,createRoomInputObject
FNDA:12,createBooking
FNDA:0,createHotelWithRooms
FNDA:10,createHotelWithRoomsReturningNestedObject
DA:1,1
DA:3,1
DA:6,1
DA:7,4
DA:15,1
DA:16,10
DA:22,1
DA:23,4
DA:32,1
DA:33,300
DA:39,1
DA:40,12
DA:48,1
DA:49,0
DA:50,0
DA:51,0
DA:52,0
DA:55,0
DA:58,1
DA:59,10
DA:60,10
DA:61,300
DA:64,10
LF:23
LH:18
BRF:0
BRH:0
end_of_record
TN:
SF:tests/factories/index.ts
FNF:0
FNH:0
DA:1,1
DA:2,1
DA:3,1
DA:4,1
DA:5,1
DA:6,1
DA:7,1
LF:7
LH:7
BRF:0
BRH:0
end_of_record
TN:
SF:tests/factories/payments-factory.ts
FN:4,createPayment
FN:15,generateCreditCardData
FNF:2
FNH:0
FNDA:0,createPayment
FNDA:0,generateCreditCardData
DA:1,1
DA:2,1
DA:4,1
DA:5,0
DA:15,1
DA:16,0
DA:18,0
LF:7
LH:4
BRF:0
BRH:0
end_of_record
TN:
SF:tests/factories/sessions-factory.ts
FN:5,createSession
FNF:1
FNH:1
FNDA:18,createSession
DA:2,1
DA:3,1
DA:5,1
DA:6,18
DA:8,18
LF:5
LH:5
BRF:0
BRH:0
end_of_record
TN:
SF:tests/factories/tickets-factory.ts
FN:5,createRandomTicketType
FN:16,createTicketType
FN:27,createTicket
FNF:3
FNH:3
FNDA:2,createRandomTicketType
FNDA:8,createTicketType
FNDA:10,createTicket
DA:1,1
DA:3,1
DA:5,1
DA:6,2
DA:16,1
DA:17,8
DA:27,1
DA:28,10
LF:8
LH:8
BRF:0
BRH:0
end_of_record
TN:
SF:tests/factories/users-factory.ts
FN:15,createUser
FN:27,createUserWithTicket
FN:36,createUserWithOnlyHotel
FN:45,createUserWithOnlyEnrollmentAndTicket
FN:54,createUserWithOnlyEnrollment
FN:61,createUserWithOnlyEnrollmentAndHotel
FNF:6
FNH:6
FNDA:38,createUser
FNDA:6,createUserWithTicket
FNDA:2,createUserWithOnlyHotel
FNDA:2,createUserWithOnlyEnrollmentAndTicket
FNDA:2,createUserWithOnlyEnrollment
FNDA:2,createUserWithOnlyEnrollmentAndHotel
DA:1,1
DA:2,1
DA:3,1
DA:4,1
DA:13,1
DA:15,1
DA:16,38
DA:17,38
DA:19,38
DA:27,1
DA:28,6
DA:29,6
DA:30,6
DA:31,6
DA:33,6
DA:36,1
DA:37,2
DA:38,2
DA:39,2
DA:40,2
DA:42,2
DA:45,1
DA:46,2
DA:47,2
DA:48,2
DA:49,2
DA:51,2
DA:54,1
DA:55,2
DA:56,2
DA:58,2
DA:61,1
DA:62,2
DA:63,2
DA:64,2
DA:65,2
DA:66,2
DA:68,2
LF:38
LH:38
BRDA:15,0,0,38
BRDA:16,1,0,38
BRDA:16,1,1,38
BRDA:21,2,0,38
BRDA:21,2,1,38
BRDA:31,3,0,4
BRDA:31,3,1,2
BRF:7
BRH:7
end_of_record
