TN:
SF:src/app.ts
FN:24,(anonymous_1)
FN:35,init
FN:40,close
FNF:3
FNH:2
FNDA:1,(anonymous_1)
FNDA:11,init
FNDA:0,close
DA:1,11
DA:2,11
DA:3,11
DA:4,11
DA:5,11
DA:6,11
DA:16,11
DA:18,11
DA:20,11
DA:21,11
DA:24,1
DA:35,11
DA:36,11
DA:37,11
DA:40,11
DA:41,0
DA:44,11
LF:17
LH:16
BRF:0
BRH:0
end_of_record
TN:
SF:src/server.ts
FN:5,(anonymous_6)
FN:6,(anonymous_7)
FNF:2
FNH:0
FNDA:0,(anonymous_6)
FNDA:0,(anonymous_7)
DA:1,0
DA:3,0
DA:5,0
DA:6,0
DA:8,0
LF:5
LH:0
BRDA:3,0,0,0
BRDA:3,0,1,0
BRF:2
BRH:0
end_of_record
TN:
SF:src/config/database.ts
FN:4,connectDb
FN:8,disconnectDB
FNF:2
FNH:1
FNDA:11,connectDb
FNDA:0,disconnectDB
DA:1,15
DA:4,15
DA:5,11
DA:8,15
DA:9,0
LF:5
LH:4
BRF:0
BRH:0
end_of_record
TN:
SF:src/config/envs.ts
FN:4,loadEnv
FNF:1
FNH:1
FNDA:26,loadEnv
DA:1,15
DA:2,15
DA:4,15
DA:6,26
DA:12,26
DA:13,26
LF:6
LH:6
BRDA:6,0,0,26
BRDA:6,0,1,0
BRDA:8,1,0,0
BRDA:8,1,1,0
BRF:4
BRH:1
end_of_record
TN:
SF:src/config/index.ts
FNF:0
FNH:0
DA:1,15
DA:2,15
LF:2
LH:2
BRF:0
BRH:0
end_of_record
TN:
SF:src/controllers/authentication-controller.ts
FN:5,singInPost
FNF:1
FNH:1
FNDA:5,singInPost
DA:2,11
DA:3,11
DA:5,11
DA:6,5
DA:8,5
DA:10,3
LF:6
LH:6
BRF:0
BRH:0
end_of_record
TN:
SF:src/controllers/booking-controller.ts
FN:7,getBooking
FN:15,createBooking
FN:25,changeBookingRoom
FNF:3
FNH:3
FNDA:1,getBooking
FNDA:1,createBooking
FNDA:1,changeBookingRoom
DA:2,11
DA:4,11
DA:7,11
DA:8,1
DA:10,1
DA:12,1
DA:15,11
DA:16,1
DA:17,1
DA:19,1
DA:20,1
DA:22,1
DA:25,11
DA:26,1
DA:27,1
DA:29,1
DA:31,1
LF:17
LH:17
BRF:0
BRH:0
end_of_record
TN:
SF:src/controllers/enrollments-controller.ts
FN:7,getEnrollmentByUser
FN:15,postCreateOrUpdateEnrollment
FN:24,getAddressFromCEP
FNF:3
FNH:3
FNDA:2,getEnrollmentByUser
FNDA:2,postCreateOrUpdateEnrollment
FNDA:2,getAddressFromCEP
DA:2,11
DA:4,11
DA:7,11
DA:8,2
DA:10,2
DA:12,1
DA:15,11
DA:16,2
DA:21,2
DA:24,11
DA:25,2
DA:27,2
DA:28,1
LF:13
LH:13
BRF:0
BRH:0
end_of_record
TN:
SF:src/controllers/events-controller.ts
FN:5,getDefaultEvent
FNF:1
FNH:1
FNDA:2,getDefaultEvent
DA:2,11
DA:3,11
DA:5,11
DA:6,2
DA:7,1
LF:5
LH:5
BRF:0
BRH:0
end_of_record
TN:
SF:src/controllers/hotels-controller.ts
FN:6,getHotels
FN:13,getHotelsWithRooms
FNF:2
FNH:2
FNDA:7,getHotels
FNDA:8,getHotelsWithRooms
DA:2,11
DA:4,11
DA:6,11
DA:7,7
DA:9,7
DA:10,1
DA:13,11
DA:14,8
DA:15,8
DA:17,8
DA:18,2
LF:11
LH:11
BRF:0
BRH:0
end_of_record
TN:
SF:src/controllers/index.ts
FNF:0
FNH:0
DA:1,11
DA:2,11
DA:3,11
DA:4,11
DA:5,11
DA:6,11
DA:7,11
DA:8,11
LF:8
LH:8
BRF:0
BRH:0
end_of_record
TN:
SF:src/controllers/payments-controller.ts
FN:7,getPaymentByTicketId
FN:15,paymentProcess
FNF:2
FNH:2
FNDA:4,getPaymentByTicketId
FNDA:5,paymentProcess
DA:2,11
DA:5,11
DA:7,11
DA:8,4
DA:9,4
DA:11,4
DA:12,1
DA:15,11
DA:16,5
DA:17,5
DA:19,5
DA:20,3
LF:12
LH:12
BRF:0
BRH:0
end_of_record
TN:
SF:src/controllers/tickets-controller.ts
FN:7,getTicketTypes
FN:12,getTicket
FN:18,createTicket
FNF:3
FNH:3
FNDA:2,getTicketTypes
FNDA:3,getTicket
FNDA:3,createTicket
DA:2,11
DA:4,11
DA:7,11
DA:8,2
DA:9,2
DA:12,11
DA:13,3
DA:14,3
DA:15,1
DA:18,11
DA:19,3
DA:20,3
DA:22,3
DA:23,2
LF:14
LH:14
BRF:0
BRH:0
end_of_record
TN:
SF:src/controllers/users-controller.ts
FN:5,usersPost
FNF:1
FNH:1
FNDA:6,usersPost
DA:2,11
DA:3,11
DA:5,11
DA:6,6
DA:8,6
DA:10,3
LF:6
LH:6
BRF:0
BRH:0
end_of_record
TN:
SF:src/errors/cannot-create-booking-error.ts
FN:3,cannotCreateBookingError
FNF:1
FNH:1
FNDA:16,cannotCreateBookingError
DA:3,12
DA:4,16
LF:2
LH:2
BRF:0
BRH:0
end_of_record
TN:
SF:src/errors/cannot-enroll-before-start-date-error.ts
FN:3,cannotEnrollBeforeStartDateError
FNF:1
FNH:1
FNDA:2,cannotEnrollBeforeStartDateError
DA:3,12
DA:4,2
LF:2
LH:2
BRF:0
BRH:0
end_of_record
TN:
SF:src/errors/cannot-list-hotels-error.ts
FN:3,cannotListHotelsError
FNF:1
FNH:1
FNDA:6,cannotListHotelsError
DA:3,12
DA:4,6
LF:2
LH:2
BRF:0
BRH:0
end_of_record
TN:
SF:src/errors/conflict-error.ts
FN:3,conflictError
FNF:1
FNH:0
FNDA:0,conflictError
DA:3,12
DA:4,0
LF:2
LH:1
BRF:0
BRH:0
end_of_record
TN:
SF:src/errors/duplicate-email-error.ts
FN:3,duplicatedEmailError
FNF:1
FNH:1
FNDA:4,duplicatedEmailError
DA:3,12
DA:4,4
LF:2
LH:2
BRF:0
BRH:0
end_of_record
TN:
SF:src/errors/enrollment-not-found-error.ts
FN:3,enrollmentNotFoundError
FNF:1
FNH:1
FNDA:1,enrollmentNotFoundError
DA:3,12
DA:4,1
LF:2
LH:2
BRF:0
BRH:0
end_of_record
TN:
SF:src/errors/index.ts
FNF:0
FNH:0
DA:1,12
DA:2,12
DA:3,12
DA:4,12
DA:5,12
DA:6,12
DA:7,12
DA:8,12
DA:9,12
DA:10,12
DA:11,12
LF:11
LH:11
BRF:0
BRH:0
end_of_record
TN:
SF:src/errors/invalid-cep-error.ts
FN:3,invalidCepError
FNF:1
FNH:0
FNDA:0,invalidCepError
DA:3,12
DA:4,0
LF:2
LH:1
BRF:0
BRH:0
end_of_record
TN:
SF:src/errors/invalid-credentials-error.ts
FN:3,invalidCredentialsError
FNF:1
FNH:1
FNDA:6,invalidCredentialsError
DA:3,12
DA:4,6
LF:2
LH:2
BRF:0
BRH:0
end_of_record
TN:
SF:src/errors/invalid-data-error.ts
FN:3,invalidDataError
FNF:1
FNH:1
FNDA:16,invalidDataError
DA:3,12
DA:4,16
LF:2
LH:2
BRF:0
BRH:0
end_of_record
TN:
SF:src/errors/invalid-email-error.ts
FN:3,invalidEmailError
FNF:1
FNH:0
FNDA:0,invalidEmailError
DA:3,12
DA:4,0
LF:2
LH:1
BRF:0
BRH:0
end_of_record
TN:
SF:src/errors/not-found-error.ts
FN:3,notFoundError
FNF:1
FNH:1
FNDA:18,notFoundError
DA:3,12
DA:4,18
LF:2
LH:2
BRF:0
BRH:0
end_of_record
TN:
SF:src/errors/request-error.ts
FN:3,requestError
FNF:1
FNH:1
FNDA:1,requestError
DA:3,12
DA:4,1
LF:2
LH:2
BRF:0
BRH:0
end_of_record
TN:
SF:src/errors/unauthorized-error.ts
FN:3,unauthorizedError
FNF:1
FNH:1
FNDA:26,unauthorizedError
DA:3,12
DA:4,26
LF:2
LH:2
BRF:0
BRH:0
end_of_record
TN:
SF:src/middlewares/authentication-middleware.ts
FN:6,authenticateToken
FNF:1
FNH:1
FNDA:86,authenticateToken
DA:2,11
DA:3,11
DA:4,11
DA:6,11
DA:7,86
DA:8,86
DA:10,74
DA:11,74
DA:13,74
DA:15,62
DA:16,62
DA:18,50
DA:19,50
LF:13
LH:13
BRDA:8,0,0,12
BRDA:11,1,0,0
BRDA:16,2,0,12
BRF:3
BRH:2
end_of_record
TN:
SF:src/middlewares/error-handling-middleware.ts
FN:5,handleApplicationErrors
FNF:1
FNH:1
FNDA:79,handleApplicationErrors
DA:2,11
DA:5,11
DA:11,79
DA:12,2
DA:17,77
DA:18,1
DA:23,76
DA:24,14
DA:29,62
DA:30,16
DA:35,46
DA:36,12
DA:41,34
DA:42,0
DA:47,34
DA:48,26
DA:53,8
DA:54,1
DA:57,7
DA:58,0
DA:61,7
DA:62,6
DA:65,1
DA:66,0
DA:69,1
DA:70,1
DA:76,0
DA:77,0
LF:28
LH:23
BRDA:11,0,0,2
BRDA:17,1,0,1
BRDA:17,2,0,77
BRDA:17,2,1,77
BRDA:23,3,0,14
BRDA:23,4,0,76
BRDA:23,4,1,74
BRDA:29,5,0,16
BRDA:35,6,0,12
BRDA:41,7,0,0
BRDA:47,8,0,26
BRDA:53,9,0,1
BRDA:57,10,0,0
BRDA:61,11,0,6
BRDA:65,12,0,0
BRDA:69,13,0,1
BRDA:69,14,0,1
BRDA:69,14,1,1
BRF:18
BRH:15
end_of_record
TN:
SF:src/middlewares/index.ts
FNF:0
FNH:0
DA:1,11
DA:2,11
DA:3,11
LF:3
LH:3
BRF:0
BRH:0
end_of_record
TN:
SF:src/middlewares/validation-middleware.ts
FN:5,validateBody
FN:9,validateParams
FN:13,validate
FN:14,(anonymous_3)
FN:23,(anonymous_4)
FNF:5
FNH:5
FNDA:77,validateBody
FNDA:11,validateParams
FNDA:88,validate
FNDA:39,(anonymous_3)
FNDA:34,(anonymous_4)
DA:3,11
DA:5,11
DA:6,77
DA:9,11
DA:10,11
DA:14,88
DA:15,39
DA:19,39
DA:20,24
DA:22,15
DA:23,34
DA:24,15
LF:12
LH:12
BRDA:19,0,0,24
BRDA:19,0,1,15
BRF:2
BRH:2
end_of_record
TN:
SF:src/repositories/address-repository.ts
FN:4,upsert
FNF:1
FNH:1
FNDA:2,upsert
DA:2,12
DA:5,2
DA:20,12
LF:3
LH:3
BRF:0
BRH:0
end_of_record
TN:
SF:src/repositories/authentication-repository.ts
FN:4,createSession
FN:10,findSession
FNF:2
FNH:2
FNDA:5,createSession
FNDA:62,findSession
DA:2,12
DA:5,5
DA:11,62
DA:18,12
LF:4
LH:4
BRF:0
BRH:0
end_of_record
TN:
SF:src/repositories/bookings-repository.ts
FN:5,getBookingByUserId
FN:14,createBooking
FN:20,changeBookingRoomByUserId
FN:27,getBookingsCountByRoomId
FNF:4
FNH:4
FNDA:2,getBookingByUserId
FNDA:1,createBooking
FNDA:1,changeBookingRoomByUserId
FNDA:2,getBookingsCountByRoomId
DA:2,12
DA:6,2
DA:15,1
DA:21,1
DA:28,2
DA:33,12
LF:6
LH:6
BRF:0
BRH:0
end_of_record
TN:
SF:src/repositories/enrollments-repository.ts
FN:4,findWithAddressByUserId
FN:13,upsert
FNF:2
FNH:2
FNDA:30,findWithAddressByUserId
FNDA:2,upsert
DA:2,12
DA:5,30
DA:18,2
DA:30,12
LF:4
LH:4
BRF:0
BRH:0
end_of_record
TN:
SF:src/repositories/events-repository.ts
FN:3,findFirst
FNF:1
FNH:1
FNDA:11,findFirst
DA:1,12
DA:4,11
DA:7,12
LF:3
LH:3
BRF:0
BRH:0
end_of_record
TN:
SF:src/repositories/hotels-repository.ts
FN:3,findHotels
FN:7,findRoom
FN:13,findRoomsByHotelId
FNF:3
FNH:3
FNDA:2,findHotels
FNDA:4,findRoom
FNDA:3,findRoomsByHotelId
DA:1,12
DA:4,2
DA:8,4
DA:14,3
DA:24,12
LF:5
LH:5
BRF:0
BRH:0
end_of_record
TN:
SF:src/repositories/index.ts
FNF:0
FNH:0
DA:1,12
DA:2,12
DA:3,12
DA:4,12
DA:5,12
DA:6,12
DA:7,12
DA:8,12
DA:9,12
LF:9
LH:9
BRF:0
BRH:0
end_of_record
TN:
SF:src/repositories/payments-repository.ts
FN:4,findPaymentByTicketId
FN:11,createPayment
FNF:2
FNH:2
FNDA:1,findPaymentByTicketId
FNDA:3,createPayment
DA:1,12
DA:5,1
DA:8,1
DA:12,3
DA:19,3
DA:22,12
LF:6
LH:6
BRF:0
BRH:0
end_of_record
TN:
SF:src/repositories/tickets-repository.ts
FN:5,findTicketTypes
FN:10,findTicketByEnrollmentId
FN:19,createTicket
FN:28,findTicketById
FN:37,ticketProcessPayment
FNF:5
FNH:5
FNDA:2,findTicketTypes
FNDA:16,findTicketByEnrollmentId
FNDA:2,createTicket
FNDA:8,findTicketById
FNDA:3,ticketProcessPayment
DA:1,12
DA:2,12
DA:6,2
DA:7,2
DA:11,16
DA:16,16
DA:20,2
DA:25,2
DA:29,8
DA:34,8
DA:38,3
DA:47,3
DA:50,12
LF:13
LH:13
BRF:0
BRH:0
end_of_record
TN:
SF:src/repositories/users-repository.ts
FN:4,findByEmail
FN:18,create
FNF:2
FNH:2
FNDA:16,findByEmail
FNDA:5,create
DA:2,12
DA:5,16
DA:11,16
DA:12,9
DA:15,16
DA:19,5
DA:24,12
LF:7
LH:7
BRDA:11,0,0,9
BRF:1
BRH:1
end_of_record
TN:
SF:src/routers/authentication-router.ts
FNF:0
FNH:0
DA:1,11
DA:2,11
DA:3,11
DA:4,11
DA:6,11
DA:8,11
DA:10,11
LF:7
LH:7
BRF:0
BRH:0
end_of_record
TN:
SF:src/routers/bookings-router.ts
FNF:0
FNH:0
DA:1,11
DA:2,11
DA:3,11
DA:4,11
DA:6,11
DA:8,11
DA:14,11
LF:7
LH:7
BRF:0
BRH:0
end_of_record
TN:
SF:src/routers/enrollments-router.ts
FNF:0
FNH:0
DA:1,11
DA:2,11
DA:3,11
DA:4,11
DA:6,11
DA:8,11
DA:14,11
LF:7
LH:7
BRF:0
BRH:0
end_of_record
TN:
SF:src/routers/events-router.ts
FNF:0
FNH:0
DA:1,11
DA:2,11
DA:4,11
DA:6,11
DA:8,11
LF:5
LH:5
BRF:0
BRH:0
end_of_record
TN:
SF:src/routers/hotels-router.ts
FNF:0
FNH:0
DA:1,11
DA:2,11
DA:3,11
DA:5,11
DA:7,11
DA:9,11
LF:6
LH:6
BRF:0
BRH:0
end_of_record
TN:
SF:src/routers/index.ts
FNF:0
FNH:0
DA:1,11
DA:2,11
DA:3,11
DA:4,11
DA:5,11
DA:6,11
DA:7,11
DA:8,11
LF:8
LH:8
BRF:0
BRH:0
end_of_record
TN:
SF:src/routers/paymets-router.ts
FNF:0
FNH:0
DA:1,11
DA:2,11
DA:3,11
DA:4,11
DA:6,11
DA:8,11
DA:13,11
LF:7
LH:7
BRF:0
BRH:0
end_of_record
TN:
SF:src/routers/tickets-router.ts
FNF:0
FNH:0
DA:1,11
DA:2,11
DA:3,11
DA:4,11
DA:6,11
DA:8,11
DA:14,11
LF:7
LH:7
BRF:0
BRH:0
end_of_record
TN:
SF:src/routers/users-router.ts
FNF:0
FNH:0
DA:1,11
DA:3,11
DA:4,11
DA:5,11
DA:7,11
DA:9,11
DA:11,11
LF:7
LH:7
BRF:0
BRH:0
end_of_record
TN:
SF:src/schemas/authentication-schemas.ts
FNF:0
FNH:0
DA:1,14
DA:4,14
LF:2
LH:2
BRF:0
BRH:0
end_of_record
TN:
SF:src/schemas/booking-schema.ts
FNF:0
FNH:0
DA:1,11
DA:4,11
DA:8,11
LF:3
LH:3
BRF:0
BRH:0
end_of_record
TN:
SF:src/schemas/enrollments-schemas.ts
FN:23,(anonymous_1)
FN:30,joiCpfValidation
FN:40,joiCepValidation
FN:50,joiMobilePhoneValidation
FNF:4
FNH:4
FNDA:378,(anonymous_1)
FNDA:29,joiCpfValidation
FNDA:19,joiCepValidation
FNDA:23,joiMobilePhoneValidation
DA:1,14
DA:2,14
DA:5,14
DA:7,14
DA:9,14
DA:11,14
DA:23,378
DA:31,29
DA:33,29
DA:34,1
DA:37,28
DA:41,19
DA:43,19
DA:44,1
DA:47,18
DA:51,23
DA:53,23
DA:54,0
DA:57,23
LF:19
LH:18
BRDA:31,0,0,0
BRDA:33,1,0,1
BRDA:41,2,0,0
BRDA:43,3,0,1
BRDA:51,4,0,0
BRDA:53,5,0,0
BRF:6
BRH:2
end_of_record
TN:
SF:src/schemas/index.ts
FNF:0
FNH:0
DA:1,14
DA:2,14
DA:3,14
LF:3
LH:3
BRF:0
BRH:0
end_of_record
TN:
SF:src/schemas/payments-schemas.ts
FNF:0
FNH:0
DA:1,11
DA:4,11
LF:2
LH:2
BRF:0
BRH:0
end_of_record
TN:
SF:src/schemas/tickets-schemas.ts
FNF:0
FNH:0
DA:1,11
DA:4,11
LF:2
LH:2
BRF:0
BRH:0
end_of_record
TN:
SF:src/schemas/users-schemas.ts
FNF:0
FNH:0
DA:1,14
DA:4,14
LF:2
LH:2
BRF:0
BRH:0
end_of_record
TN:
SF:src/services/authentication-service.ts
FN:8,signIn
FN:23,getUserOrFail
FN:30,createSession
FN:40,validatePasswordOrFail
FNF:4
FNH:4
FNDA:9,signIn
FNDA:9,getUserOrFail
FNDA:5,createSession
FNDA:7,validatePasswordOrFail
DA:2,12
DA:3,12
DA:4,12
DA:5,12
DA:6,12
DA:9,9
DA:11,9
DA:13,7
DA:15,5
DA:17,5
DA:24,9
DA:25,9
DA:27,7
DA:31,5
DA:32,5
DA:37,5
DA:41,7
DA:42,7
DA:54,12
LF:19
LH:19
BRDA:25,0,0,2
BRDA:42,1,0,2
BRF:2
BRH:2
end_of_record
TN:
SF:src/services/booking-service.ts
FN:7,getBookingByUserId
FN:16,createBooking
FN:29,changeBookingRoomByUserId
FN:43,validateIfUserCanMakeBooking
FN:57,validateIfRoomHasAvailableSpace
FNF:5
FNH:5
FNDA:3,getBookingByUserId
FNDA:9,createBooking
FNDA:5,changeBookingRoomByUserId
FNDA:9,validateIfUserCanMakeBooking
FNDA:6,validateIfRoomHasAvailableSpace
DA:1,12
DA:2,12
DA:3,12
DA:5,12
DA:8,3
DA:9,3
DA:11,2
DA:13,2
DA:17,9
DA:19,4
DA:20,4
DA:22,3
DA:24,2
DA:26,2
DA:30,5
DA:31,5
DA:33,4
DA:34,4
DA:36,3
DA:38,2
DA:40,2
DA:44,9
DA:45,9
DA:47,8
DA:48,8
DA:50,7
DA:52,7
DA:53,3
DA:58,6
DA:59,6
DA:60,6
DA:62,6
DA:63,2
DA:67,12
LF:34
LH:34
BRDA:9,0,0,1
BRDA:20,1,0,1
BRDA:31,2,0,1
BRDA:34,3,0,1
BRDA:45,4,0,1
BRDA:48,5,0,1
BRDA:52,6,0,3
BRDA:52,7,0,7
BRDA:52,7,1,6
BRDA:52,7,2,5
BRDA:62,8,0,2
BRF:11
BRH:11
end_of_record
TN:
SF:src/services/enrollments-service.ts
FN:8,getAddressFromCEP
FN:27,getOneWithAddressByUserId
FN:43,getFirstAddress
FN:51,createOrUpdateEnrollmentWithAddress
FN:63,getAddressForUpsert
FNF:5
FNH:5
FNDA:4,getAddressFromCEP
FNDA:2,getOneWithAddressByUserId
FNDA:1,getFirstAddress
FNDA:2,createOrUpdateEnrollmentWithAddress
FNDA:2,getAddressForUpsert
DA:2,12
DA:3,12
DA:4,12
DA:5,12
DA:9,4
DA:11,3
DA:12,0
DA:15,3
DA:16,3
DA:24,3
DA:28,2
DA:30,2
DA:32,1
DA:33,1
DA:35,1
DA:44,1
DA:46,1
DA:52,2
DA:53,2
DA:54,2
DA:56,2
DA:58,2
DA:60,2
DA:64,2
DA:74,12
LF:25
LH:24
BRDA:11,0,0,0
BRDA:11,1,0,3
BRDA:11,1,1,3
BRDA:30,2,0,1
BRDA:37,3,0,1
BRDA:37,3,1,1
BRDA:44,4,0,0
BRDA:66,5,0,2
BRDA:66,5,1,2
BRF:9
BRH:7
end_of_record
TN:
SF:src/services/events-service.ts
FN:7,getFirstEvent
FN:16,isCurrentEventActive
FNF:2
FNH:2
FNDA:2,getFirstEvent
FNDA:9,isCurrentEventActive
DA:2,12
DA:3,12
DA:4,12
DA:5,12
DA:8,2
DA:9,2
DA:11,1
DA:17,9
DA:18,9
DA:20,8
DA:21,8
DA:22,8
DA:24,8
DA:27,12
LF:14
LH:14
BRDA:9,0,0,1
BRDA:18,1,0,1
BRDA:24,2,0,8
BRDA:24,2,1,7
BRF:4
BRH:4
end_of_record
TN:
SF:src/services/hotels-service.ts
FN:6,validateUserBooking
FN:20,getHotels
FN:29,getHotelsWithRooms
FNF:3
FNH:3
FNDA:15,validateUserBooking
FNDA:7,getHotels
FNDA:8,getHotelsWithRooms
DA:1,12
DA:2,12
DA:3,12
DA:4,12
DA:7,15
DA:8,15
DA:10,13
DA:11,13
DA:13,11
DA:15,11
DA:16,6
DA:21,7
DA:23,2
DA:24,2
DA:26,1
DA:30,8
DA:32,3
DA:34,3
DA:35,3
DA:37,2
DA:40,12
LF:21
LH:21
BRDA:8,0,0,2
BRDA:11,1,0,2
BRDA:15,2,0,6
BRDA:15,3,0,11
BRDA:15,3,1,9
BRDA:15,3,2,7
BRDA:24,4,0,1
BRDA:32,5,0,0
BRDA:32,6,0,3
BRDA:32,6,1,3
BRDA:35,7,0,1
BRF:11
BRH:10
end_of_record
TN:
SF:src/services/index.ts
FNF:0
FNH:0
DA:1,12
DA:2,12
DA:3,12
DA:4,12
DA:5,12
DA:6,12
DA:7,12
DA:8,12
LF:8
LH:8
BRF:0
BRH:0
end_of_record
TN:
SF:src/services/payments-service.ts
FN:5,verifyTicketAndEnrollment
FN:17,getPaymentByTicketId
FN:25,paymentProcess
FNF:3
FNH:3
FNDA:9,verifyTicketAndEnrollment
FNDA:4,getPaymentByTicketId
FNDA:5,paymentProcess
DA:1,12
DA:3,12
DA:6,9
DA:8,8
DA:9,8
DA:11,6
DA:12,6
DA:14,4
DA:18,4
DA:20,1
DA:22,1
DA:26,5
DA:28,3
DA:35,3
DA:36,3
DA:37,3
DA:40,12
LF:17
LH:17
BRDA:6,0,0,1
BRDA:6,1,0,9
BRDA:6,1,1,8
BRDA:9,2,0,2
BRDA:12,3,0,2
BRF:5
BRH:5
end_of_record
TN:
SF:src/services/tickets-service.ts
FN:6,findTicketTypes
FN:11,getTicketByUserId
FN:21,createTicket
FNF:3
FNH:3
FNDA:2,findTicketTypes
FNDA:3,getTicketByUserId
FNDA:3,createTicket
DA:1,12
DA:2,12
DA:4,12
DA:7,2
DA:8,2
DA:12,3
DA:13,3
DA:15,2
DA:16,2
DA:18,1
DA:22,3
DA:24,3
DA:25,3
DA:27,2
DA:33,2
DA:34,2
DA:37,12
LF:17
LH:17
BRDA:13,0,0,1
BRDA:16,1,0,1
BRDA:22,2,0,0
BRDA:25,3,0,1
BRF:4
BRH:3
end_of_record
TN:
SF:src/services/users-service.ts
FN:7,createUser
FN:19,validateUniqueEmailOrFail
FN:26,canEnrollOrFail
FNF:3
FNH:3
FNDA:9,createUser
FNDA:7,validateUniqueEmailOrFail
FNDA:9,canEnrollOrFail
DA:2,12
DA:3,12
DA:4,12
DA:5,12
DA:7,12
DA:8,9
DA:10,7
DA:12,5
DA:13,5
DA:20,7
DA:21,7
DA:22,2
DA:27,9
DA:28,9
DA:29,2
DA:35,12
LF:16
LH:16
BRDA:21,0,0,2
BRDA:28,1,0,2
BRF:2
BRH:2
end_of_record
TN:
SF:src/utils/prisma-utils.ts
FN:1,exclude
FNF:1
FNH:1
FNDA:12,exclude
DA:1,12
DA:2,12
DA:3,12
DA:4,18
DA:6,12
LF:5
LH:5
BRF:0
BRH:0
end_of_record
TN:
SF:src/utils/request.ts
FN:4,get
FNF:1
FNH:1
FNDA:4,get
DA:1,12
DA:2,12
DA:5,4
DA:6,4
DA:7,3
DA:9,1
DA:10,1
DA:14,12
LF:8
LH:8
BRF:0
BRH:0
end_of_record
